status: Importing reference alleles
status: Importing studies
status: Processing deleted alleles
status: Processing genotypes
d:\Research\digby_data\AIRR-seq\Human\IGL\samples/P1/P1_I100_S1/P1_I100_S1_genotype.tsv
d:\Research\digby_data\AIRR-seq\Human\IGL\samples/P1/P1_I10_S1/P1_I10_S1_genotype.tsv
d:\Research\digby_data\AIRR-seq\Human\IGL\samples/P1/P1_I11_S1/P1_I11_S1_genotype.tsv
d:\Research\digby_data\AIRR-seq\Human\IGL\samples/P1/P1_I12_S1/P1_I12_S1_genotype.tsv
d:\Research\digby_data\AIRR-seq\Human\IGL\samples/P1/P1_I13_S1/P1_I13_S1_genotype.tsv
d:\Research\digby_data\AIRR-seq\Human\IGL\samples/P1/P1_I14_S1/P1_I14_S1_genotype.tsv
d:\Research\digby_data\AIRR-seq\Human\IGL\samples/P1/P1_I15_S1/P1_I15_S1_genotype.tsv
d:\Research\digby_data\AIRR-seq\Human\IGL\samples/P1/P1_I16_S1/P1_I16_S1_genotype.tsv
d:\Research\digby_data\AIRR-seq\Human\IGL\samples/P1/P1_I17_S1/P1_I17_S1_genotype.tsv
d:\Research\digby_data\AIRR-seq\Human\IGL\samples/P1/P1_I18_S1/P1_I18_S1_genotype.tsv
d:\Research\digby_data\AIRR-seq\Human\IGL\samples/P1/P1_I19_S1/P1_I19_S1_genotype.tsv
d:\Research\digby_data\AIRR-seq\Human\IGL\samples/P1/P1_I1_S1/P1_I1_S1_genotype.tsv
d:\Research\digby_data\AIRR-seq\Human\IGL\samples/P1/P1_I20_S1/P1_I20_S1_genotype.tsv
d:\Research\digby_data\AIRR-seq\Human\IGL\samples/P1/P1_I21_S1/P1_I21_S1_genotype.tsv
d:\Research\digby_data\AIRR-seq\Human\IGL\samples/P1/P1_I22_S1/P1_I22_S1_genotype.tsv
d:\Research\digby_data\AIRR-seq\Human\IGL\samples/P1/P1_I23_S1/P1_I23_S1_genotype.tsv
d:\Research\digby_data\AIRR-seq\Human\IGL\samples/P1/P1_I24_S1/P1_I24_S1_genotype.tsv
d:\Research\digby_data\AIRR-seq\Human\IGL\samples/P1/P1_I25_S1/P1_I25_S1_genotype.tsv
d:\Research\digby_data\AIRR-seq\Human\IGL\samples/P1/P1_I26_S1/P1_I26_S1_genotype.tsv
d:\Research\digby_data\AIRR-seq\Human\IGL\samples/P1/P1_I27_S1/P1_I27_S1_genotype.tsv
d:\Research\digby_data\AIRR-seq\Human\IGL\samples/P1/P1_I28_S1/P1_I28_S1_genotype.tsv
d:\Research\digby_data\AIRR-seq\Human\IGL\samples/P1/P1_I29_S1/P1_I29_S1_genotype.tsv
d:\Research\digby_data\AIRR-seq\Human\IGL\samples/P1/P1_I2_S1/P1_I2_S1_genotype.tsv
d:\Research\digby_data\AIRR-seq\Human\IGL\samples/P1/P1_I30_S1/P1_I30_S1_genotype.tsv
d:\Research\digby_data\AIRR-seq\Human\IGL\samples/P1/P1_I31_S1/P1_I31_S1_genotype.tsv
d:\Research\digby_data\AIRR-seq\Human\IGL\samples/P1/P1_I32_S1/P1_I32_S1_genotype.tsv
d:\Research\digby_data\AIRR-seq\Human\IGL\samples/P1/P1_I33_S1/P1_I33_S1_genotype.tsv
d:\Research\digby_data\AIRR-seq\Human\IGL\samples/P1/P1_I34_S1/P1_I34_S1_genotype.tsv
d:\Research\digby_data\AIRR-seq\Human\IGL\samples/P1/P1_I35_S1/P1_I35_S1_genotype.tsv
d:\Research\digby_data\AIRR-seq\Human\IGL\samples/P1/P1_I37_S1/P1_I37_S1_genotype.tsv
d:\Research\digby_data\AIRR-seq\Human\IGL\samples/P1/P1_I38_S1/P1_I38_S1_genotype.tsv
d:\Research\digby_data\AIRR-seq\Human\IGL\samples/P1/P1_I39_S1/P1_I39_S1_genotype.tsv
d:\Research\digby_data\AIRR-seq\Human\IGL\samples/P1/P1_I3_S1/P1_I3_S1_genotype.tsv
d:\Research\digby_data\AIRR-seq\Human\IGL\samples/P1/P1_I40_S1/P1_I40_S1_genotype.tsv
d:\Research\digby_data\AIRR-seq\Human\IGL\samples/P1/P1_I41_S1/P1_I41_S1_genotype.tsv
d:\Research\digby_data\AIRR-seq\Human\IGL\samples/P1/P1_I42_S1/P1_I42_S1_genotype.tsv
d:\Research\digby_data\AIRR-seq\Human\IGL\samples/P1/P1_I43_S1/P1_I43_S1_genotype.tsv
d:\Research\digby_data\AIRR-seq\Human\IGL\samples/P1/P1_I44_S1/P1_I44_S1_genotype.tsv
d:\Research\digby_data\AIRR-seq\Human\IGL\samples/P1/P1_I45_S1/P1_I45_S1_genotype.tsv
d:\Research\digby_data\AIRR-seq\Human\IGL\samples/P1/P1_I46_S1/P1_I46_S1_genotype.tsv
d:\Research\digby_data\AIRR-seq\Human\IGL\samples/P1/P1_I47_S1/P1_I47_S1_genotype.tsv
d:\Research\digby_data\AIRR-seq\Human\IGL\samples/P1/P1_I48_S1/P1_I48_S1_genotype.tsv
d:\Research\digby_data\AIRR-seq\Human\IGL\samples/P1/P1_I49_S1/P1_I49_S1_genotype.tsv
d:\Research\digby_data\AIRR-seq\Human\IGL\samples/P1/P1_I4_S1/P1_I4_S1_genotype.tsv
d:\Research\digby_data\AIRR-seq\Human\IGL\samples/P1/P1_I50_S1/P1_I50_S1_genotype.tsv
d:\Research\digby_data\AIRR-seq\Human\IGL\samples/P1/P1_I51_S1/P1_I51_S1_genotype.tsv
d:\Research\digby_data\AIRR-seq\Human\IGL\samples/P1/P1_I52_S1/P1_I52_S1_genotype.tsv
d:\Research\digby_data\AIRR-seq\Human\IGL\samples/P1/P1_I53_S1/P1_I53_S1_genotype.tsv
d:\Research\digby_data\AIRR-seq\Human\IGL\samples/P1/P1_I54_S1/P1_I54_S1_genotype.tsv
d:\Research\digby_data\AIRR-seq\Human\IGL\samples/P1/P1_I55_S1/P1_I55_S1_genotype.tsv
d:\Research\digby_data\AIRR-seq\Human\IGL\samples/P1/P1_I56_S1/P1_I56_S1_genotype.tsv
d:\Research\digby_data\AIRR-seq\Human\IGL\samples/P1/P1_I57_S1/P1_I57_S1_genotype.tsv
d:\Research\digby_data\AIRR-seq\Human\IGL\samples/P1/P1_I58_S1/P1_I58_S1_genotype.tsv
d:\Research\digby_data\AIRR-seq\Human\IGL\samples/P1/P1_I59_S1/P1_I59_S1_genotype.tsv
d:\Research\digby_data\AIRR-seq\Human\IGL\samples/P1/P1_I5_S1/P1_I5_S1_genotype.tsv
d:\Research\digby_data\AIRR-seq\Human\IGL\samples/P1/P1_I60_S1/P1_I60_S1_genotype.tsv
d:\Research\digby_data\AIRR-seq\Human\IGL\samples/P1/P1_I61_S1/P1_I61_S1_genotype.tsv
d:\Research\digby_data\AIRR-seq\Human\IGL\samples/P1/P1_I62_S1/P1_I62_S1_genotype.tsv
d:\Research\digby_data\AIRR-seq\Human\IGL\samples/P1/P1_I63_S1/P1_I63_S1_genotype.tsv
d:\Research\digby_data\AIRR-seq\Human\IGL\samples/P1/P1_I64_S1/P1_I64_S1_genotype.tsv
d:\Research\digby_data\AIRR-seq\Human\IGL\samples/P1/P1_I65_S1/P1_I65_S1_genotype.tsv
d:\Research\digby_data\AIRR-seq\Human\IGL\samples/P1/P1_I66_S1/P1_I66_S1_genotype.tsv
d:\Research\digby_data\AIRR-seq\Human\IGL\samples/P1/P1_I67_S1/P1_I67_S1_genotype.tsv
d:\Research\digby_data\AIRR-seq\Human\IGL\samples/P1/P1_I68_S1/P1_I68_S1_genotype.tsv
d:\Research\digby_data\AIRR-seq\Human\IGL\samples/P1/P1_I69_S1/P1_I69_S1_genotype.tsv
d:\Research\digby_data\AIRR-seq\Human\IGL\samples/P1/P1_I6_S1/P1_I6_S1_genotype.tsv
d:\Research\digby_data\AIRR-seq\Human\IGL\samples/P1/P1_I70_S1/P1_I70_S1_genotype.tsv
d:\Research\digby_data\AIRR-seq\Human\IGL\samples/P1/P1_I71_S1/P1_I71_S1_genotype.tsv
d:\Research\digby_data\AIRR-seq\Human\IGL\samples/P1/P1_I72_S1/P1_I72_S1_genotype.tsv
d:\Research\digby_data\AIRR-seq\Human\IGL\samples/P1/P1_I73_S1/P1_I73_S1_genotype.tsv
d:\Research\digby_data\AIRR-seq\Human\IGL\samples/P1/P1_I74_S1/P1_I74_S1_genotype.tsv
d:\Research\digby_data\AIRR-seq\Human\IGL\samples/P1/P1_I75_S1/P1_I75_S1_genotype.tsv
d:\Research\digby_data\AIRR-seq\Human\IGL\samples/P1/P1_I76_S1/P1_I76_S1_genotype.tsv
d:\Research\digby_data\AIRR-seq\Human\IGL\samples/P1/P1_I77_S1/P1_I77_S1_genotype.tsv
d:\Research\digby_data\AIRR-seq\Human\IGL\samples/P1/P1_I78_S1/P1_I78_S1_genotype.tsv
d:\Research\digby_data\AIRR-seq\Human\IGL\samples/P1/P1_I79_S1/P1_I79_S1_genotype.tsv
d:\Research\digby_data\AIRR-seq\Human\IGL\samples/P1/P1_I7_S1/P1_I7_S1_genotype.tsv
d:\Research\digby_data\AIRR-seq\Human\IGL\samples/P1/P1_I80_S1/P1_I80_S1_genotype.tsv
d:\Research\digby_data\AIRR-seq\Human\IGL\samples/P1/P1_I81_S1/P1_I81_S1_genotype.tsv
d:\Research\digby_data\AIRR-seq\Human\IGL\samples/P1/P1_I82_S1/P1_I82_S1_genotype.tsv
d:\Research\digby_data\AIRR-seq\Human\IGL\samples/P1/P1_I83_S1/P1_I83_S1_genotype.tsv
d:\Research\digby_data\AIRR-seq\Human\IGL\samples/P1/P1_I84_S1/P1_I84_S1_genotype.tsv
d:\Research\digby_data\AIRR-seq\Human\IGL\samples/P1/P1_I85_S1/P1_I85_S1_genotype.tsv
d:\Research\digby_data\AIRR-seq\Human\IGL\samples/P1/P1_I86_S1/P1_I86_S1_genotype.tsv
d:\Research\digby_data\AIRR-seq\Human\IGL\samples/P1/P1_I87_S1/P1_I87_S1_genotype.tsv
d:\Research\digby_data\AIRR-seq\Human\IGL\samples/P1/P1_I88_S1/P1_I88_S1_genotype.tsv
d:\Research\digby_data\AIRR-seq\Human\IGL\samples/P1/P1_I89_S1/P1_I89_S1_genotype.tsv
d:\Research\digby_data\AIRR-seq\Human\IGL\samples/P1/P1_I8_S1/P1_I8_S1_genotype.tsv
d:\Research\digby_data\AIRR-seq\Human\IGL\samples/P1/P1_I90_S1/P1_I90_S1_genotype.tsv
d:\Research\digby_data\AIRR-seq\Human\IGL\samples/P1/P1_I91_S1/P1_I91_S1_genotype.tsv
d:\Research\digby_data\AIRR-seq\Human\IGL\samples/P1/P1_I92_S1/P1_I92_S1_genotype.tsv
d:\Research\digby_data\AIRR-seq\Human\IGL\samples/P1/P1_I93_S1/P1_I93_S1_genotype.tsv
d:\Research\digby_data\AIRR-seq\Human\IGL\samples/P1/P1_I94_S1/P1_I94_S1_genotype.tsv
d:\Research\digby_data\AIRR-seq\Human\IGL\samples/P1/P1_I95_S1/P1_I95_S1_genotype.tsv
d:\Research\digby_data\AIRR-seq\Human\IGL\samples/P1/P1_I96_S1/P1_I96_S1_genotype.tsv
d:\Research\digby_data\AIRR-seq\Human\IGL\samples/P1/P1_I97_S1/P1_I97_S1_genotype.tsv
d:\Research\digby_data\AIRR-seq\Human\IGL\samples/P1/P1_I98_S1/P1_I98_S1_genotype.tsv
d:\Research\digby_data\AIRR-seq\Human\IGL\samples/P1/P1_I99_S1/P1_I99_S1_genotype.tsv
d:\Research\digby_data\AIRR-seq\Human\IGL\samples/P1/P1_I9_S1/P1_I9_S1_genotype.tsv
d:\Research\digby_data\AIRR-seq\Human\IGL\samples/P11/P11_I10_S1/P11_I10_S1_genotype.tsv
d:\Research\digby_data\AIRR-seq\Human\IGL\samples/P11/P11_I11_S1/P11_I11_S1_genotype.tsv
d:\Research\digby_data\AIRR-seq\Human\IGL\samples/P11/P11_I12_S1/P11_I12_S1_genotype.tsv
d:\Research\digby_data\AIRR-seq\Human\IGL\samples/P11/P11_I13_S1/P11_I13_S1_genotype.tsv
d:\Research\digby_data\AIRR-seq\Human\IGL\samples/P11/P11_I14_S1/P11_I14_S1_genotype.tsv
d:\Research\digby_data\AIRR-seq\Human\IGL\samples/P11/P11_I15_S1/P11_I15_S1_genotype.tsv
d:\Research\digby_data\AIRR-seq\Human\IGL\samples/P11/P11_I16_S1/P11_I16_S1_genotype.tsv
d:\Research\digby_data\AIRR-seq\Human\IGL\samples/P11/P11_I17_S1/P11_I17_S1_genotype.tsv
d:\Research\digby_data\AIRR-seq\Human\IGL\samples/P11/P11_I18_S1/P11_I18_S1_genotype.tsv
d:\Research\digby_data\AIRR-seq\Human\IGL\samples/P11/P11_I19_S1/P11_I19_S1_genotype.tsv
d:\Research\digby_data\AIRR-seq\Human\IGL\samples/P11/P11_I1_S1/P11_I1_S1_genotype.tsv
d:\Research\digby_data\AIRR-seq\Human\IGL\samples/P11/P11_I20_S1/P11_I20_S1_genotype.tsv
d:\Research\digby_data\AIRR-seq\Human\IGL\samples/P11/P11_I21_S1/P11_I21_S1_genotype.tsv
d:\Research\digby_data\AIRR-seq\Human\IGL\samples/P11/P11_I22_S1/P11_I22_S1_genotype.tsv
d:\Research\digby_data\AIRR-seq\Human\IGL\samples/P11/P11_I23_S1/P11_I23_S1_genotype.tsv
d:\Research\digby_data\AIRR-seq\Human\IGL\samples/P11/P11_I24_S1/P11_I24_S1_genotype.tsv
d:\Research\digby_data\AIRR-seq\Human\IGL\samples/P11/P11_I25_S1/P11_I25_S1_genotype.tsv
d:\Research\digby_data\AIRR-seq\Human\IGL\samples/P11/P11_I26_S1/P11_I26_S1_genotype.tsv
d:\Research\digby_data\AIRR-seq\Human\IGL\samples/P11/P11_I28_S1/P11_I28_S1_genotype.tsv
d:\Research\digby_data\AIRR-seq\Human\IGL\samples/P11/P11_I29_S1/P11_I29_S1_genotype.tsv
d:\Research\digby_data\AIRR-seq\Human\IGL\samples/P11/P11_I2_S1/P11_I2_S1_genotype.tsv
d:\Research\digby_data\AIRR-seq\Human\IGL\samples/P11/P11_I30_S1/P11_I30_S1_genotype.tsv
d:\Research\digby_data\AIRR-seq\Human\IGL\samples/P11/P11_I31_S1/P11_I31_S1_genotype.tsv
d:\Research\digby_data\AIRR-seq\Human\IGL\samples/P11/P11_I32_S1/P11_I32_S1_genotype.tsv
d:\Research\digby_data\AIRR-seq\Human\IGL\samples/P11/P11_I33_S1/P11_I33_S1_genotype.tsv
d:\Research\digby_data\AIRR-seq\Human\IGL\samples/P11/P11_I34_S1/P11_I34_S1_genotype.tsv
d:\Research\digby_data\AIRR-seq\Human\IGL\samples/P11/P11_I35_S1/P11_I35_S1_genotype.tsv
d:\Research\digby_data\AIRR-seq\Human\IGL\samples/P11/P11_I36_S1/P11_I36_S1_genotype.tsv
d:\Research\digby_data\AIRR-seq\Human\IGL\samples/P11/P11_I37_S1/P11_I37_S1_genotype.tsv
d:\Research\digby_data\AIRR-seq\Human\IGL\samples/P11/P11_I38_S1/P11_I38_S1_genotype.tsv
d:\Research\digby_data\AIRR-seq\Human\IGL\samples/P11/P11_I39_S1/P11_I39_S1_genotype.tsv
d:\Research\digby_data\AIRR-seq\Human\IGL\samples/P11/P11_I3_S1/P11_I3_S1_genotype.tsv
d:\Research\digby_data\AIRR-seq\Human\IGL\samples/P11/P11_I40_S1/P11_I40_S1_genotype.tsv
d:\Research\digby_data\AIRR-seq\Human\IGL\samples/P11/P11_I41_S1/P11_I41_S1_genotype.tsv
d:\Research\digby_data\AIRR-seq\Human\IGL\samples/P11/P11_I42_S1/P11_I42_S1_genotype.tsv
d:\Research\digby_data\AIRR-seq\Human\IGL\samples/P11/P11_I43_S1/P11_I43_S1_genotype.tsv
d:\Research\digby_data\AIRR-seq\Human\IGL\samples/P11/P11_I4_S1/P11_I4_S1_genotype.tsv
d:\Research\digby_data\AIRR-seq\Human\IGL\samples/P11/P11_I5_S1/P11_I5_S1_genotype.tsv
d:\Research\digby_data\AIRR-seq\Human\IGL\samples/P11/P11_I6_S1/P11_I6_S1_genotype.tsv
d:\Research\digby_data\AIRR-seq\Human\IGL\samples/P11/P11_I7_S1/P11_I7_S1_genotype.tsv
d:\Research\digby_data\AIRR-seq\Human\IGL\samples/P11/P11_I8_S1/P11_I8_S1_genotype.tsv
d:\Research\digby_data\AIRR-seq\Human\IGL\samples/P11/P11_I9_S1/P11_I9_S1_genotype.tsv
status: Processing haplotypes
status: Analyzing allele appearances
status: Calculating gene frequencies
status: Calculating patterns
status: Creating confidence reports
IGLV3-25*03_g74c: Novel AA: Amino Acid(s) previously unreported in this family - A25: 26: 86.77
IGLV2-23*01_t32a: Novel AA: Amino Acid(s) previously unreported in this family - E11: 6: 129.26
IGLV2-8*01_c136t: Novel AA: Amino Acid(s) previously unreported in this family - S46: 1: 64.97
IGLV3-10*01_g115c: Novel AA: Amino Acid(s) previously unreported in this family - P39: 7: 22.77
IGLV5-37*01_g103a: Novel AA: Amino Acid(s) previously unreported in this family - S35: 5: 5.91
IGLV1-36*01_a110g_c133g_a138g_a142c_a194g: Novel AA: Amino Acid(s) previously unreported in this family - S37, V45, Q48, G65: 1: 4.52
IGLV3-1*01_g194c: Novel AA: Amino Acid(s) previously unreported in this family - T65: 2: 130.79
IGLV3-9*02_g52a_c82a_t106a_a107g_g113t_a194g: Novel AA: Amino Acid(s) previously unreported in this family - I38: 1: 26.50
IGLV1-51*01_g301a: Novel AA: Amino Acid(s) previously unreported in this family - N101: 1: 20.65
IGLV1-36*01_c330g: Novel AA: Amino Acid(s) previously unreported in this family - R110: 4: 16.53
IGLV1-44*01_c146g: Novel AA: Amino Acid(s) previously unreported in this family - G49: 1: 40.42
IGLV4-60*02_c259t_t287c: Novel AA: Amino Acid(s) previously unreported in this family - C87: 1: 3.73
IGLV1-44*01_c215t: Novel AA: Amino Acid(s) previously unreported in this family - L72: 1: 91.01
IGLV1-36*01_c203t: Novel AA: Amino Acid(s) previously unreported in this family - L68: 1: 4.81
IGLV8-61*01_c223a: Novel AA: Amino Acid(s) previously unreported in this family - S75: 1: 2.39
IGLV2-18*02_c77t_g88a_g91c_t93a_g104c_a107c_c111t_c112t_g129a_c146g_g194c_g332a: Novel AA: Amino Acid(s) previously unreported in this family - I26, R31, T35, S36, C38, G49, T65: 1: 7.92
IGLV3-12*02_c195a_a267g: Novel AA: Amino Acid(s) previously unreported in this family - R65: 1: 0.66
IGLV2-11*01_g259a: Novel AA: Amino Acid(s) previously unreported in this family - T87: 2: 22.90
IGLV1-36*01_a110g_c133g_a138g_a142c_a194g: Hotspot SNP: G/C SNP in RGYW/WRCY hotspot(s) - c133g: 1: 4.52
IGLV3-1*01_g194c: Hotspot SNP: G/C SNP in RGYW/WRCY hotspot(s) - g194c: 2: 130.79
IGLV1-36*01_c330g: Hotspot SNP: G/C SNP in RGYW/WRCY hotspot(s) - c330g: 4: 16.53
IGLV2-18*02_c77t_g88a_g91c_t93a_g104c_a107c_c111t_c112t_g129a_c146g_g194c_g332a: Hotspot SNP: G/C SNP in RGYW/WRCY hotspot(s) - g194c, c146g: 1: 7.92
61
61
IGLV2-23*01_g170t: Shared SNP: SNP(s) shared with inferences in 2 sample(s).<br>Example: IGLV2-23*01_g93t_a103g_c112t_t113a_g168t_g170t in sample P11_I30_S1: 87: 250.53
IGLV10-54*01_a228c: Shared SNP: SNP(s) shared with inferences in 1 sample(s).<br>Example: IGLV10-54*01_a207c_a228c in sample P1_I4_S1: 24: 21.24
IGLV1-44*01_a207c: Shared SNP: SNP(s) shared with inferences in 2 sample(s).<br>Example: IGLV1-47*02_a207c in sample P1_I17_S1: 11: 18.96
IGLV1-47*02_a207c: Shared SNP: SNP(s) shared with inferences in 1 sample(s).<br>Example: IGLV1-44*01_a207c in sample P1_I17_S1: 1: 9.66
IGLV10-54*01_a207c_a228c: Shared SNP: SNP(s) shared with inferences in 1 sample(s).<br>Example: IGLV10-54*01_a228c in sample P1_I4_S1: 1: 2.40
IGLV2-14*01_a207c: Shared SNP: SNP(s) shared with inferences in 1 sample(s).<br>Example: IGLV1-44*01_a207c in sample P1_I96_S1: 1: 2.04
IGLV2-23*01_g93t_a103g_c112t_t113a_g168t_g170t: Shared SNP: SNP(s) shared with inferences in 1 sample(s).<br>Example: IGLV2-23*01_g170t in sample P11_I30_S1: 1: 57.32
IGLV2-23*01_g170t_a270c_t327c_t330c: Shared SNP: SNP(s) shared with inferences in 1 sample(s).<br>Example: IGLV2-23*01_g170t in sample P11_I5_S1: 1: 55.31
