status: Importing reference alleles
status: Importing studies
Creating blank record for table <class 'db.vdjbase_airr_model.DataPro'> in sample P4_I10_S1
Error combining value in attribute collection_time_point_relative: cannot coerce to number
Error combining value in attribute collection_time_point_relative: cannot coerce to number
Error combining value in attribute collection_time_point_relative: cannot coerce to number
Error combining value in attribute collection_time_point_relative: cannot coerce to number
Error combining value in attribute collection_time_point_relative: cannot coerce to number
Error combining value in attribute collection_time_point_relative: cannot coerce to number
Error combining value in attribute collection_time_point_relative: cannot coerce to number
Error combining value in attribute collection_time_point_relative: cannot coerce to number
Error combining value in attribute collection_time_point_relative: cannot coerce to number
Error combining value in attribute collection_time_point_relative: cannot coerce to number
Error combining value in attribute collection_time_point_relative: cannot coerce to number
Error combining value in attribute collection_time_point_relative: cannot coerce to number
Error combining value in attribute collection_time_point_relative: cannot coerce to number
Error combining value in attribute collection_time_point_relative: cannot coerce to number
Error combining value in attribute collection_time_point_relative: cannot coerce to number
Error combining value in attribute template_amount: cannot coerce to number
Error combining value in attribute collection_time_point_relative: cannot coerce to number
Error combining value in attribute template_amount: cannot coerce to number
Error combining value in attribute collection_time_point_relative: cannot coerce to number
Error combining value in attribute template_amount: cannot coerce to number
status: Processing deleted alleles
status: Processing genotypes
Adding TRBV6-2/3
Adding TRBV12-3/4
Adding TRBV3-1/2
Adding TRBV6-5/6
D:\Research\digby_data\AIRR-seq\Human\TRB\samples\P4\P4_I10_S1\P4_I10_S1_genotype.tsv
adding  allele TRBV12-5*01_c28g
Traceback (most recent call last):
  File "D:\Research\digby_backend\db\vdjbase_maint.py", line 65, in create_single_database
    result.extend(process_genotypes(ds_dir, species, dataset, session))
  File "D:\Research\digby_backend\db\vdjbase_genotypes.py", line 56, in process_genotypes
    sample_genotype(sample, pipeline_names, session)
UnboundLocalError: local variable 'allele' referenced before assignment
