status: Importing reference alleles
status: Importing studies
Creating blank record for table <class 'db.vdjbase_airr_model.DataPro'> in sample P1_I100_S1
status: Processing deleted alleles
status: Processing genotypes
D:\Research\digby_data\AIRR-seq\Human\IGK\samples/P1/P1_I100_S1/P1_I100_S1_genotype.tsv
adding  allele IGKV3-11*01_a223c
adding  allele IGKV3-15*01_a223c
D:\Research\digby_data\AIRR-seq\Human\IGK\samples/P1/P1_I10_S1/P1_I10_S1_genotype.tsv
adding  allele IGKV1-8*01_g12a_t31c
adding  allele IGKV1-27*01_t231c
adding  allele IGKV2-24*01_t314c
adding  allele IGKV2E-28*01_c142a
adding  allele IGKV2E-28*01_g90c
adding  allele IGKV4-1*01_a318g
D:\Research\digby_data\AIRR-seq\Human\IGK\samples/P1/P1_I11_S1/P1_I11_S1_genotype.tsv
adding  allele IGKV1-6*01_g9a
adding  allele IGKV1-8*01_t31c
adding  allele IGKV1-9*01_c70t
adding  allele IGKV5-2*01_c214t
D:\Research\digby_data\AIRR-seq\Human\IGK\samples/P1/P1_I12_S1/P1_I12_S1_genotype.tsv
adding  allele IGKV3-15*01_g107a
adding  allele IGKV3D-15*01_a223c
D:\Research\digby_data\AIRR-seq\Human\IGK\samples/P1/P1_I13_S1/P1_I13_S1_genotype.tsv
D:\Research\digby_data\AIRR-seq\Human\IGK\samples/P1/P1_I14_S1/P1_I14_S1_genotype.tsv
adding  allele IGKV1E-39*01_a229c
D:\Research\digby_data\AIRR-seq\Human\IGK\samples/P1/P1_I15_S1/P1_I15_S1_genotype.tsv
adding  allele IGKV1-9*01_a229c
adding  allele IGKV1-27*01_a229c
adding  allele IGKV1E-12*01_c74t
D:\Research\digby_data\AIRR-seq\Human\IGK\samples/P1/P1_I16_S1/P1_I16_S1_genotype.tsv
adding  allele IGKV1-5*03_a144c
adding  allele IGKV1E-12*01_c59t
D:\Research\digby_data\AIRR-seq\Human\IGK\samples/P1/P1_I17_S1/P1_I17_S1_genotype.tsv
adding  allele IGKV1-5*03_g171a
adding  allele IGKV1E-13*03_g9a_g53c_g83t_g107c_g110a_g112a_t114c_a151g_g153c_g159c_a164t_c170t_g197c_g201a_g202c_t220a_a222c_g225a_g239t_a240c_a271g_g275c_c276t_a277g_a300g_t306c_g318c_t320a_a325g_t327c
D:\Research\digby_data\AIRR-seq\Human\IGK\samples/P1/P1_I18_S1/P1_I18_S1_genotype.tsv
D:\Research\digby_data\AIRR-seq\Human\IGK\samples/P1/P1_I19_S1/P1_I19_S1_genotype.tsv
D:\Research\digby_data\AIRR-seq\Human\IGK\samples/P1/P1_I1_S1/P1_I1_S1_genotype.tsv
adding  allele IGKV1-27*01_t222c
adding  allele IGKV3-11*01_a211c
adding  allele IGKV3-15*01_c141g
adding  allele IGKV3D-15*01_c210g
adding  allele IGKV3D-15*01_c141g_c210g
D:\Research\digby_data\AIRR-seq\Human\IGK\samples/P1/P1_I20_S1/P1_I20_S1_genotype.tsv
D:\Research\digby_data\AIRR-seq\Human\IGK\samples/P1/P1_I21_S1/P1_I21_S1_genotype.tsv
adding  allele IGKV3-11*01_g224c
D:\Research\digby_data\AIRR-seq\Human\IGK\samples/P1/P1_I22_S1/P1_I22_S1_genotype.tsv
adding  allele IGKV5-2*01_t108g_c214t
D:\Research\digby_data\AIRR-seq\Human\IGK\samples/P1/P1_I23_S1/P1_I23_S1_genotype.tsv
adding  allele IGKV1-9*01_c75a
D:\Research\digby_data\AIRR-seq\Human\IGK\samples/P1/P1_I24_S1/P1_I24_S1_genotype.tsv
adding  allele IGKV3-15*01_a117g
D:\Research\digby_data\AIRR-seq\Human\IGK\samples/P1/P1_I25_S1/P1_I25_S1_genotype.tsv
D:\Research\digby_data\AIRR-seq\Human\IGK\samples/P1/P1_I26_S1/P1_I26_S1_genotype.tsv
D:\Research\digby_data\AIRR-seq\Human\IGK\samples/P1/P1_I27_S1/P1_I27_S1_genotype.tsv
D:\Research\digby_data\AIRR-seq\Human\IGK\samples/P1/P1_I28_S1/P1_I28_S1_genotype.tsv
adding  allele IGKV4-1*01_g72a
D:\Research\digby_data\AIRR-seq\Human\IGK\samples/P1/P1_I29_S1/P1_I29_S1_genotype.tsv
D:\Research\digby_data\AIRR-seq\Human\IGK\samples/P1/P1_I2_S1/P1_I2_S1_genotype.tsv
D:\Research\digby_data\AIRR-seq\Human\IGK\samples/P1/P1_I30_S1/P1_I30_S1_genotype.tsv
D:\Research\digby_data\AIRR-seq\Human\IGK\samples/P1/P1_I31_S1/P1_I31_S1_genotype.tsv
D:\Research\digby_data\AIRR-seq\Human\IGK\samples/P1/P1_I32_S1/P1_I32_S1_genotype.tsv
D:\Research\digby_data\AIRR-seq\Human\IGK\samples/P1/P1_I33_S1/P1_I33_S1_genotype.tsv
D:\Research\digby_data\AIRR-seq\Human\IGK\samples/P1/P1_I34_S1/P1_I34_S1_genotype.tsv
D:\Research\digby_data\AIRR-seq\Human\IGK\samples/P1/P1_I35_S1/P1_I35_S1_genotype.tsv
adding  allele IGKV6E-21*01_a301g
D:\Research\digby_data\AIRR-seq\Human\IGK\samples/P1/P1_I37_S1/P1_I37_S1_genotype.tsv
D:\Research\digby_data\AIRR-seq\Human\IGK\samples/P1/P1_I38_S1/P1_I38_S1_genotype.tsv
D:\Research\digby_data\AIRR-seq\Human\IGK\samples/P1/P1_I39_S1/P1_I39_S1_genotype.tsv
adding  allele IGKV1-6*01_a229c
D:\Research\digby_data\AIRR-seq\Human\IGK\samples/P1/P1_I3_S1/P1_I3_S1_genotype.tsv
D:\Research\digby_data\AIRR-seq\Human\IGK\samples/P1/P1_I40_S1/P1_I40_S1_genotype.tsv
D:\Research\digby_data\AIRR-seq\Human\IGK\samples/P1/P1_I41_S1/P1_I41_S1_genotype.tsv
adding  allele IGKV1-8*01_a171t
D:\Research\digby_data\AIRR-seq\Human\IGK\samples/P1/P1_I42_S1/P1_I42_S1_genotype.tsv
D:\Research\digby_data\AIRR-seq\Human\IGK\samples/P1/P1_I43_S1/P1_I43_S1_genotype.tsv
D:\Research\digby_data\AIRR-seq\Human\IGK\samples/P1/P1_I44_S1/P1_I44_S1_genotype.tsv
D:\Research\digby_data\AIRR-seq\Human\IGK\samples/P1/P1_I45_S1/P1_I45_S1_genotype.tsv
adding similar allele IGKV6E-21*01_a301g
D:\Research\digby_data\AIRR-seq\Human\IGK\samples/P1/P1_I46_S1/P1_I46_S1_genotype.tsv
D:\Research\digby_data\AIRR-seq\Human\IGK\samples/P1/P1_I47_S1/P1_I47_S1_genotype.tsv
D:\Research\digby_data\AIRR-seq\Human\IGK\samples/P1/P1_I48_S1/P1_I48_S1_genotype.tsv
D:\Research\digby_data\AIRR-seq\Human\IGK\samples/P1/P1_I49_S1/P1_I49_S1_genotype.tsv
D:\Research\digby_data\AIRR-seq\Human\IGK\samples/P1/P1_I4_S1/P1_I4_S1_genotype.tsv
D:\Research\digby_data\AIRR-seq\Human\IGK\samples/P1/P1_I50_S1/P1_I50_S1_genotype.tsv
D:\Research\digby_data\AIRR-seq\Human\IGK\samples/P1/P1_I51_S1/P1_I51_S1_genotype.tsv
D:\Research\digby_data\AIRR-seq\Human\IGK\samples/P1/P1_I52_S1/P1_I52_S1_genotype.tsv
D:\Research\digby_data\AIRR-seq\Human\IGK\samples/P1/P1_I53_S1/P1_I53_S1_genotype.tsv
adding  allele IGKV2E-28*01_g202t
D:\Research\digby_data\AIRR-seq\Human\IGK\samples/P1/P1_I54_S1/P1_I54_S1_genotype.tsv
D:\Research\digby_data\AIRR-seq\Human\IGK\samples/P1/P1_I55_S1/P1_I55_S1_genotype.tsv
D:\Research\digby_data\AIRR-seq\Human\IGK\samples/P1/P1_I56_S1/P1_I56_S1_genotype.tsv
adding  allele IGKV1-8*01_t258c
D:\Research\digby_data\AIRR-seq\Human\IGK\samples/P1/P1_I57_S1/P1_I57_S1_genotype.tsv
adding  allele IGKV1-5*03_t115c_g171a
D:\Research\digby_data\AIRR-seq\Human\IGK\samples/P1/P1_I58_S1/P1_I58_S1_genotype.tsv
D:\Research\digby_data\AIRR-seq\Human\IGK\samples/P1/P1_I59_S1/P1_I59_S1_genotype.tsv
D:\Research\digby_data\AIRR-seq\Human\IGK\samples/P1/P1_I5_S1/P1_I5_S1_genotype.tsv
D:\Research\digby_data\AIRR-seq\Human\IGK\samples/P1/P1_I60_S1/P1_I60_S1_genotype.tsv
D:\Research\digby_data\AIRR-seq\Human\IGK\samples/P1/P1_I61_S1/P1_I61_S1_genotype.tsv
D:\Research\digby_data\AIRR-seq\Human\IGK\samples/P1/P1_I62_S1/P1_I62_S1_genotype.tsv
D:\Research\digby_data\AIRR-seq\Human\IGK\samples/P1/P1_I63_S1/P1_I63_S1_genotype.tsv
D:\Research\digby_data\AIRR-seq\Human\IGK\samples/P1/P1_I64_S1/P1_I64_S1_genotype.tsv
D:\Research\digby_data\AIRR-seq\Human\IGK\samples/P1/P1_I65_S1/P1_I65_S1_genotype.tsv
D:\Research\digby_data\AIRR-seq\Human\IGK\samples/P1/P1_I66_S1/P1_I66_S1_genotype.tsv
D:\Research\digby_data\AIRR-seq\Human\IGK\samples/P1/P1_I67_S1/P1_I67_S1_genotype.tsv
D:\Research\digby_data\AIRR-seq\Human\IGK\samples/P1/P1_I68_S1/P1_I68_S1_genotype.tsv
adding  allele IGKV3D-11*02_c247t
D:\Research\digby_data\AIRR-seq\Human\IGK\samples/P1/P1_I69_S1/P1_I69_S1_genotype.tsv
D:\Research\digby_data\AIRR-seq\Human\IGK\samples/P1/P1_I6_S1/P1_I6_S1_genotype.tsv
D:\Research\digby_data\AIRR-seq\Human\IGK\samples/P1/P1_I70_S1/P1_I70_S1_genotype.tsv
D:\Research\digby_data\AIRR-seq\Human\IGK\samples/P1/P1_I71_S1/P1_I71_S1_genotype.tsv
D:\Research\digby_data\AIRR-seq\Human\IGK\samples/P1/P1_I72_S1/P1_I72_S1_genotype.tsv
D:\Research\digby_data\AIRR-seq\Human\IGK\samples/P1/P1_I73_S1/P1_I73_S1_genotype.tsv
D:\Research\digby_data\AIRR-seq\Human\IGK\samples/P1/P1_I74_S1/P1_I74_S1_genotype.tsv
D:\Research\digby_data\AIRR-seq\Human\IGK\samples/P1/P1_I75_S1/P1_I75_S1_genotype.tsv
D:\Research\digby_data\AIRR-seq\Human\IGK\samples/P1/P1_I76_S1/P1_I76_S1_genotype.tsv
D:\Research\digby_data\AIRR-seq\Human\IGK\samples/P1/P1_I77_S1/P1_I77_S1_genotype.tsv
D:\Research\digby_data\AIRR-seq\Human\IGK\samples/P1/P1_I78_S1/P1_I78_S1_genotype.tsv
adding  allele IGKV1-16*02_g71a
D:\Research\digby_data\AIRR-seq\Human\IGK\samples/P1/P1_I79_S1/P1_I79_S1_genotype.tsv
D:\Research\digby_data\AIRR-seq\Human\IGK\samples/P1/P1_I7_S1/P1_I7_S1_genotype.tsv
D:\Research\digby_data\AIRR-seq\Human\IGK\samples/P1/P1_I80_S1/P1_I80_S1_genotype.tsv
D:\Research\digby_data\AIRR-seq\Human\IGK\samples/P1/P1_I81_S1/P1_I81_S1_genotype.tsv
adding  allele IGKV1E-12*01_t333g
D:\Research\digby_data\AIRR-seq\Human\IGK\samples/P1/P1_I82_S1/P1_I82_S1_genotype.tsv
D:\Research\digby_data\AIRR-seq\Human\IGK\samples/P1/P1_I83_S1/P1_I83_S1_genotype.tsv
D:\Research\digby_data\AIRR-seq\Human\IGK\samples/P1/P1_I84_S1/P1_I84_S1_genotype.tsv
D:\Research\digby_data\AIRR-seq\Human\IGK\samples/P1/P1_I85_S1/P1_I85_S1_genotype.tsv
D:\Research\digby_data\AIRR-seq\Human\IGK\samples/P1/P1_I86_S1/P1_I86_S1_genotype.tsv
D:\Research\digby_data\AIRR-seq\Human\IGK\samples/P1/P1_I87_S1/P1_I87_S1_genotype.tsv
D:\Research\digby_data\AIRR-seq\Human\IGK\samples/P1/P1_I88_S1/P1_I88_S1_genotype.tsv
D:\Research\digby_data\AIRR-seq\Human\IGK\samples/P1/P1_I89_S1/P1_I89_S1_genotype.tsv
adding  allele IGKV3D-15*01_a235c
D:\Research\digby_data\AIRR-seq\Human\IGK\samples/P1/P1_I8_S1/P1_I8_S1_genotype.tsv
D:\Research\digby_data\AIRR-seq\Human\IGK\samples/P1/P1_I90_S1/P1_I90_S1_genotype.tsv
D:\Research\digby_data\AIRR-seq\Human\IGK\samples/P1/P1_I91_S1/P1_I91_S1_genotype.tsv
D:\Research\digby_data\AIRR-seq\Human\IGK\samples/P1/P1_I92_S1/P1_I92_S1_genotype.tsv
D:\Research\digby_data\AIRR-seq\Human\IGK\samples/P1/P1_I93_S1/P1_I93_S1_genotype.tsv
D:\Research\digby_data\AIRR-seq\Human\IGK\samples/P1/P1_I94_S1/P1_I94_S1_genotype.tsv
D:\Research\digby_data\AIRR-seq\Human\IGK\samples/P1/P1_I95_S1/P1_I95_S1_genotype.tsv
D:\Research\digby_data\AIRR-seq\Human\IGK\samples/P1/P1_I96_S1/P1_I96_S1_genotype.tsv
adding  allele IGKV6E-21*01_c162t
D:\Research\digby_data\AIRR-seq\Human\IGK\samples/P1/P1_I97_S1/P1_I97_S1_genotype.tsv
D:\Research\digby_data\AIRR-seq\Human\IGK\samples/P1/P1_I98_S1/P1_I98_S1_genotype.tsv
D:\Research\digby_data\AIRR-seq\Human\IGK\samples/P1/P1_I99_S1/P1_I99_S1_genotype.tsv
D:\Research\digby_data\AIRR-seq\Human\IGK\samples/P1/P1_I9_S1/P1_I9_S1_genotype.tsv
D:\Research\digby_data\AIRR-seq\Human\IGK\samples/P11/P11_I10_S1/P11_I10_S1_genotype.tsv
adding  allele IGKV1-27*01_c154a
adding  allele IGKV3D-20*02_c26g_a167g_c303g
adding  allele IGKV3D-20*02_c26g_a167g_c303t
D:\Research\digby_data\AIRR-seq\Human\IGK\samples/P11/P11_I11_S1/P11_I11_S1_genotype.tsv
adding  allele IGKV1-27*01_c70t
adding  allele IGKV3D-11*02_a15g_c26g_c247t
D:\Research\digby_data\AIRR-seq\Human\IGK\samples/P11/P11_I12_S1/P11_I12_S1_genotype.tsv
D:\Research\digby_data\AIRR-seq\Human\IGK\samples/P11/P11_I13_S1/P11_I13_S1_genotype.tsv
adding  allele IGKV1-NL1*01_c74t
adding  allele IGKV3-15*01_c27t
D:\Research\digby_data\AIRR-seq\Human\IGK\samples/P11/P11_I14_S1/P11_I14_S1_genotype.tsv
D:\Research\digby_data\AIRR-seq\Human\IGK\samples/P11/P11_I15_S1/P11_I15_S1_genotype.tsv
adding  allele IGKV1-17*01_t314a
D:\Research\digby_data\AIRR-seq\Human\IGK\samples/P11/P11_I16_S1/P11_I16_S1_genotype.tsv
adding  allele IGKV1-8*01_t277a
adding  allele IGKV1-9*01_a270c
adding  allele IGKV1-16*01_c312t
adding  allele IGKV1E-12*01_t309c
adding  allele IGKV3D-15*01_g258c_c283g_t286c_a323g
D:\Research\digby_data\AIRR-seq\Human\IGK\samples/P11/P11_I17_S1/P11_I17_S1_genotype.tsv
adding  allele IGKV1-6*01_a318g_a326g
adding  allele IGKV1E-12*01_c279g
adding  allele IGKV3D-11*02_a167g_c247t_a282g_c319t_g320a
D:\Research\digby_data\AIRR-seq\Human\IGK\samples/P11/P11_I18_S1/P11_I18_S1_genotype.tsv
D:\Research\digby_data\AIRR-seq\Human\IGK\samples/P11/P11_I19_S1/P11_I19_S1_genotype.tsv
D:\Research\digby_data\AIRR-seq\Human\IGK\samples/P11/P11_I1_S1/P11_I1_S1_genotype.tsv
adding  allele IGKV2D-29*02_a319g
adding  allele IGKV3D-11*02_t6a_t10a_a15g_t37g_c247t
D:\Research\digby_data\AIRR-seq\Human\IGK\samples/P11/P11_I20_S1/P11_I20_S1_genotype.tsv
adding  allele IGKV1-6*01_a318g
D:\Research\digby_data\AIRR-seq\Human\IGK\samples/P11/P11_I21_S1/P11_I21_S1_genotype.tsv
D:\Research\digby_data\AIRR-seq\Human\IGK\samples/P11/P11_I22_S1/P11_I22_S1_genotype.tsv
D:\Research\digby_data\AIRR-seq\Human\IGK\samples/P11/P11_I23_S1/P11_I23_S1_genotype.tsv
adding  allele IGKV2E-40*01_c195t
adding  allele IGKV3D-15*01_c197t
D:\Research\digby_data\AIRR-seq\Human\IGK\samples/P11/P11_I24_S1/P11_I24_S1_genotype.tsv
adding  allele IGKV1-16*02_c312t
D:\Research\digby_data\AIRR-seq\Human\IGK\samples/P11/P11_I25_S1/P11_I25_S1_genotype.tsv
D:\Research\digby_data\AIRR-seq\Human\IGK\samples/P11/P11_I26_S1/P11_I26_S1_genotype.tsv
adding  allele IGKV3D-15*01_a326g
D:\Research\digby_data\AIRR-seq\Human\IGK\samples/P11/P11_I28_S1/P11_I28_S1_genotype.tsv
D:\Research\digby_data\AIRR-seq\Human\IGK\samples/P11/P11_I29_S1/P11_I29_S1_genotype.tsv
adding  allele IGKV3D-11*02_a109g_c234g_c247t
D:\Research\digby_data\AIRR-seq\Human\IGK\samples/P11/P11_I2_S1/P11_I2_S1_genotype.tsv
D:\Research\digby_data\AIRR-seq\Human\IGK\samples/P11/P11_I30_S1/P11_I30_S1_genotype.tsv
D:\Research\digby_data\AIRR-seq\Human\IGK\samples/P11/P11_I31_S1/P11_I31_S1_genotype.tsv
D:\Research\digby_data\AIRR-seq\Human\IGK\samples/P11/P11_I32_S1/P11_I32_S1_genotype.tsv
adding  allele IGKV3D-11*02_t112a_c247t
D:\Research\digby_data\AIRR-seq\Human\IGK\samples/P11/P11_I33_S1/P11_I33_S1_genotype.tsv
adding  allele IGKV3D-11*02_a15g_c247t
D:\Research\digby_data\AIRR-seq\Human\IGK\samples/P11/P11_I34_S1/P11_I34_S1_genotype.tsv
adding  allele IGKV2-29*03_g197a
adding  allele IGKV3D-11*02_t6a_t10a_a15g_t37g_t112a_c247t
D:\Research\digby_data\AIRR-seq\Human\IGK\samples/P11/P11_I35_S1/P11_I35_S1_genotype.tsv
D:\Research\digby_data\AIRR-seq\Human\IGK\samples/P11/P11_I36_S1/P11_I36_S1_genotype.tsv
D:\Research\digby_data\AIRR-seq\Human\IGK\samples/P11/P11_I37_S1/P11_I37_S1_genotype.tsv
D:\Research\digby_data\AIRR-seq\Human\IGK\samples/P11/P11_I38_S1/P11_I38_S1_genotype.tsv
adding  allele IGKV1-8*01_c59a
D:\Research\digby_data\AIRR-seq\Human\IGK\samples/P11/P11_I39_S1/P11_I39_S1_genotype.tsv
D:\Research\digby_data\AIRR-seq\Human\IGK\samples/P11/P11_I3_S1/P11_I3_S1_genotype.tsv
adding  allele IGKV1-27*01_a316c
adding  allele IGKV3D-11*02_t112a_a167g_c247t_a282g_c319t_g320a
adding  allele IGKV3D-15*01_g258c_c283g_t286c
D:\Research\digby_data\AIRR-seq\Human\IGK\samples/P11/P11_I40_S1/P11_I40_S1_genotype.tsv
D:\Research\digby_data\AIRR-seq\Human\IGK\samples/P11/P11_I41_S1/P11_I41_S1_genotype.tsv
adding  allele IGKV1-9*01_t320a
adding  allele IGKV1-17*03_t314a
D:\Research\digby_data\AIRR-seq\Human\IGK\samples/P11/P11_I42_S1/P11_I42_S1_genotype.tsv
D:\Research\digby_data\AIRR-seq\Human\IGK\samples/P11/P11_I43_S1/P11_I43_S1_genotype.tsv
D:\Research\digby_data\AIRR-seq\Human\IGK\samples/P11/P11_I4_S1/P11_I4_S1_genotype.tsv
adding  allele IGKV3D-11*02_a15g_a167g_a197g_c247t_a282g
adding  allele IGKV3D-11*01_c247t
adding  allele IGKV3D-15*01_a6t_a10t_g15a_g37t_a112t
D:\Research\digby_data\AIRR-seq\Human\IGK\samples/P11/P11_I5_S1/P11_I5_S1_genotype.tsv
adding  allele IGKV1E-12*01_c306t_t309c
adding  allele IGKV1E-37*01_g310t_g317a
adding  allele IGKV3D-20*02_c26g_a167g_a279c_g282a_c303t
D:\Research\digby_data\AIRR-seq\Human\IGK\samples/P11/P11_I6_S1/P11_I6_S1_genotype.tsv
adding  allele IGKV1-5*03_c312t
D:\Research\digby_data\AIRR-seq\Human\IGK\samples/P11/P11_I7_S1/P11_I7_S1_genotype.tsv
D:\Research\digby_data\AIRR-seq\Human\IGK\samples/P11/P11_I8_S1/P11_I8_S1_genotype.tsv
adding  allele IGKV1-8*01_t277a_t286c
adding  allele IGKV1E-12*01_t309c_t333g
adding  allele IGKV1E-33*01_a303t
adding  allele IGKV3D-20*01_g70a
D:\Research\digby_data\AIRR-seq\Human\IGK\samples/P11/P11_I9_S1/P11_I9_S1_genotype.tsv
adding  allele IGKV3D-15*01_a6t_a10t_g37t_g258c_c283g_t286c_a323g
status: Processing haplotypes
status: Analyzing allele appearances
status: Calculating gene frequencies
status: Calculating patterns
status: Creating confidence reports
samples/P1/P1_I11_S1/P1_I11_S1_gene-IGKJ2-01_04_haplotype.tsv
either/or format in IGKV3D-15*01_03 ignored
samples/P1/P1_I12_S1/P1_I12_S1_gene-IGKJ2-01_04_haplotype.tsv
samples/P1/P1_I13_S1/P1_I13_S1_gene-IGKJ2-01_04_haplotype.tsv
samples/P1/P1_I14_S1/P1_I14_S1_gene-IGKJ2-01_03_haplotype.tsv
samples/P1/P1_I24_S1/P1_I24_S1_gene-IGKJ2-01_03_haplotype.tsv
samples/P1/P1_I30_S1/P1_I30_S1_gene-IGKJ2-01_04_haplotype.tsv
samples/P1/P1_I38_S1/P1_I38_S1_gene-IGKJ2-01_03_haplotype.tsv
samples/P1/P1_I39_S1/P1_I39_S1_gene-IGKJ2-01_04_haplotype.tsv
samples/P1/P1_I3_S1/P1_I3_S1_gene-IGKJ2-01_04_haplotype.tsv
samples/P1/P1_I44_S1/P1_I44_S1_gene-IGKJ2-01_04_haplotype.tsv
samples/P1/P1_I50_S1/P1_I50_S1_gene-IGKJ2-01_04_haplotype.tsv
either/or format in IGKV2D-26*01_03 ignored
samples/P1/P1_I54_S1/P1_I54_S1_gene-IGKJ2-01_03_haplotype.tsv
samples/P1/P1_I56_S1/P1_I56_S1_gene-IGKJ2-03_04_haplotype.tsv
samples/P1/P1_I60_S1/P1_I60_S1_gene-IGKJ2-01_03_haplotype.tsv
samples/P1/P1_I62_S1/P1_I62_S1_gene-IGKJ2-01_04_haplotype.tsv
samples/P1/P1_I65_S1/P1_I65_S1_gene-IGKJ2-01_04_haplotype.tsv
samples/P1/P1_I68_S1/P1_I68_S1_gene-IGKJ2-01_04_haplotype.tsv
samples/P1/P1_I71_S1/P1_I71_S1_gene-IGKJ2-01_04_haplotype.tsv
samples/P1/P1_I74_S1/P1_I74_S1_gene-IGKJ2-01_04_haplotype.tsv
either/or format in IGKV3D-15*01_03 ignored
samples/P1/P1_I77_S1/P1_I77_S1_gene-IGKJ2-01_04_haplotype.tsv
samples/P1/P1_I78_S1/P1_I78_S1_gene-IGKJ2-01_04_haplotype.tsv
samples/P1/P1_I81_S1/P1_I81_S1_gene-IGKJ2-01_04_haplotype.tsv
samples/P1/P1_I89_S1/P1_I89_S1_gene-IGKJ2-01_03_haplotype.tsv
samples/P1/P1_I94_S1/P1_I94_S1_gene-IGKJ2-01_04_haplotype.tsv
samples/P1/P1_I97_S1/P1_I97_S1_gene-IGKJ2-01_04_haplotype.tsv
samples/P11/P11_I19_S1/P11_I19_S1_gene-IGKJ2-01_04_haplotype.tsv
samples/P11/P11_I1_S1/P11_I1_S1_gene-IGKJ2-01_04_haplotype.tsv
samples/P11/P11_I21_S1/P11_I21_S1_gene-IGKJ2-01_04_haplotype.tsv
samples/P11/P11_I29_S1/P11_I29_S1_gene-IGKJ2-01_04_haplotype.tsv
samples/P11/P11_I32_S1/P11_I32_S1_gene-IGKJ2-01_04_haplotype.tsv
samples/P11/P11_I33_S1/P11_I33_S1_gene-IGKJ2-01_04_haplotype.tsv
samples/P11/P11_I39_S1/P11_I39_S1_gene-IGKJ2-01_04_haplotype.tsv
samples/P11/P11_I7_S1/P11_I7_S1_gene-IGKJ2-01_04_haplotype.tsv
Error in ogrdbstats D:\Research\digby_data\AIRR-seq\Human\IGK\samples/P1/P1_I100_S1/P1_I100_S1_ogrdb_report.csv:
missing novels , novels listed as non-novel: IGKV3-11*01_A223C|IGKV3-11*01_A223C_A223C,IGKV3-15*01_A223C|IGKV3-15*01_A223C_A223C
Error in ogrdbstats D:\Research\digby_data\AIRR-seq\Human\IGK\samples/P1/P1_I13_S1/P1_I13_S1_ogrdb_report.csv:
missing novels , novels listed as non-novel: IGKV3-11*01_A223C|IGKV3-11*01_A223C_A223C,IGKV1-8*01_G12A_T31C_G12A_T31C|IGKV1-8*01_G12A_T31C,IGKV1-9*01_C70T|IGKV1-9*01_C70T_C70T,IGKV5-2*01_C214T|IGKV5-2*01_C214T_C214T
Error in ogrdbstats D:\Research\digby_data\AIRR-seq\Human\IGK\samples/P1/P1_I14_S1/P1_I14_S1_ogrdb_report.csv:
missing novels , novels listed as non-novel: IGKV3-11*01_A223C|IGKV3-11*01_A223C_A223C,IGKV1E-39*01_A229C_A229C|IGKV1E-39*01_A229C
Error in ogrdbstats D:\Research\digby_data\AIRR-seq\Human\IGK\samples/P1/P1_I16_S1/P1_I16_S1_ogrdb_report.csv:
missing novels , novels listed as non-novel: IGKV3-11*01_A223C|IGKV3-11*01_A223C_A223C,IGKV3-15*01_A223C|IGKV3-15*01_A223C_A223C,IGKV1-27*01_A229C_A229C|IGKV1-27*01_A229C,IGKV1-5*03_A144C|IGKV1-5*03_A144C_A144C,IGKV1E-12*01_C59T|IGKV1E-12*01_C59T_C59T
Error in ogrdbstats D:\Research\digby_data\AIRR-seq\Human\IGK\samples/P1/P1_I17_S1/P1_I17_S1_ogrdb_report.csv:
missing novels , novels listed as non-novel: IGKV3-11*01_A223C|IGKV3-11*01_A223C_A223C,IGKV3-15*01_A223C|IGKV3-15*01_A223C_A223C,IGKV1-8*01_G12A_T31C_G12A_T31C|IGKV1-8*01_G12A_T31C,IGKV1-27*01_T231C_T231C|IGKV1-27*01_T231C,IGKV1-5*03_G171A_G171A|IGKV1-5*03_G171A,IGKV1E-13*03_G9A_G53C_G83T_G107C_G110A_G112A_T114C_A151G_G153C_G159C_A164T_C170T_G197C_G201A_G202C_T220A_A222C_G225A_G239T_A240C_A271G_G275C_C276T_A277G_A300G_T306C_G318C_T320A_A325G_T327C_G9A_G53C_G83T_G107C_G110A_G112A_T114C_A151G_G153C_G159C_A164T_C170T_G197C_G201A_G202C_T220A_A222C_G225A_G239T_A240C_A271G_G275C_C276T_A277G_A300G_T306C_G318C_T320A_A325G_T327C|IGKV1E-13*03_G9A_G53C_G83T_G107C_G110A_G112A_T114C_A151G_G153C_G159C_A164T_C170T_G197C_G201A_G202C_T220A_A222C_G225A_G239T_A240C_A271G_G275C_C276T_A277G_A300G_T306C_G318C_T320A_A325G_T327C
Error in ogrdbstats D:\Research\digby_data\AIRR-seq\Human\IGK\samples/P1/P1_I18_S1/P1_I18_S1_ogrdb_report.csv:
missing novels , novels listed as non-novel: IGKV3-11*01_A223C|IGKV3-11*01_A223C_A223C,IGKV3-15*01_A223C|IGKV3-15*01_A223C_A223C
Error in ogrdbstats D:\Research\digby_data\AIRR-seq\Human\IGK\samples/P1/P1_I20_S1/P1_I20_S1_ogrdb_report.csv:
missing novels , novels listed as non-novel: IGKV3-11*01_A223C|IGKV3-11*01_A223C_A223C,IGKV5-2*01_C214T|IGKV5-2*01_C214T_C214T
Error in ogrdbstats D:\Research\digby_data\AIRR-seq\Human\IGK\samples/P1/P1_I21_S1/P1_I21_S1_ogrdb_report.csv:
missing novels , novels listed as non-novel: IGKV3-11*01_A223C|IGKV3-11*01_A223C_A223C,IGKV1-5*03_A144C|IGKV1-5*03_A144C_A144C,IGKV1E-12*01_C59T|IGKV1E-12*01_C59T_C59T,IGKV3-11*01_G224C_G224C|IGKV3-11*01_G224C
Error in ogrdbstats D:\Research\digby_data\AIRR-seq\Human\IGK\samples/P1/P1_I26_S1/P1_I26_S1_ogrdb_report.csv:
missing novels , novels listed as non-novel: IGKV3-11*01_A223C|IGKV3-11*01_A223C_A223C,IGKV4-1*01_A318G|IGKV4-1*01_A318G_A318G,IGKV1-6*01_G9A|IGKV1-6*01_G9A_G9A,IGKV1-8*01_T31C_T31C|IGKV1-8*01_T31C
Error in ogrdbstats D:\Research\digby_data\AIRR-seq\Human\IGK\samples/P1/P1_I28_S1/P1_I28_S1_ogrdb_report.csv:
missing novels , novels listed as non-novel: IGKV3-11*01_A223C|IGKV3-11*01_A223C_A223C,IGKV3-15*01_A223C|IGKV3-15*01_A223C_A223C,IGKV1-9*01_A229C_A229C|IGKV1-9*01_A229C,IGKV1-5*03_A144C|IGKV1-5*03_A144C_A144C,IGKV4-1*01_G72A_G72A|IGKV4-1*01_G72A
Error in ogrdbstats D:\Research\digby_data\AIRR-seq\Human\IGK\samples/P1/P1_I29_S1/P1_I29_S1_ogrdb_report.csv:
missing novels , novels listed as non-novel: IGKV3-11*01_A223C|IGKV3-11*01_A223C_A223C
Error in ogrdbstats D:\Research\digby_data\AIRR-seq\Human\IGK\samples/P1/P1_I30_S1/P1_I30_S1_ogrdb_report.csv:
missing novels , novels listed as non-novel: IGKV3-11*01_A223C|IGKV3-11*01_A223C_A223C
Error in ogrdbstats D:\Research\digby_data\AIRR-seq\Human\IGK\samples/P1/P1_I39_S1/P1_I39_S1_ogrdb_report.csv:
missing novels , novels listed as non-novel: IGKV3-11*01_A223C|IGKV3-11*01_A223C_A223C,IGKV3-15*01_A223C|IGKV3-15*01_A223C_A223C,IGKV1-8*01_G12A_T31C_G12A_T31C|IGKV1-8*01_G12A_T31C,IGKV1-27*01_A229C_A229C|IGKV1-27*01_A229C,IGKV1-5*03_G171A_G171A|IGKV1-5*03_G171A,IGKV1-9*01_C75A_C75A|IGKV1-9*01_C75A,IGKV1-6*01_A229C|IGKV1-6*01_A229C_A229C
Error in ogrdbstats D:\Research\digby_data\AIRR-seq\Human\IGK\samples/P1/P1_I40_S1/P1_I40_S1_ogrdb_report.csv:
missing novels , novels listed as non-novel: IGKV3-11*01_A223C|IGKV3-11*01_A223C_A223C
Error in ogrdbstats D:\Research\digby_data\AIRR-seq\Human\IGK\samples/P1/P1_I42_S1/P1_I42_S1_ogrdb_report.csv:
missing novels , novels listed as non-novel: IGKV3-11*01_A223C|IGKV3-11*01_A223C_A223C
Error in ogrdbstats D:\Research\digby_data\AIRR-seq\Human\IGK\samples/P1/P1_I44_S1/P1_I44_S1_ogrdb_report.csv:
missing novels , novels listed as non-novel: IGKV3-11*01_A223C|IGKV3-11*01_A223C_A223C,IGKV3-15*01_A223C|IGKV3-15*01_A223C_A223C
Error in ogrdbstats D:\Research\digby_data\AIRR-seq\Human\IGK\samples/P1/P1_I45_S1/P1_I45_S1_ogrdb_report.csv:
missing novels , novels listed as non-novel: IGKV3-11*01_A223C|IGKV3-11*01_A223C_A223C,IGKV4-1*01_A318G|IGKV4-1*01_A318G_A318G,IGKV1-6*01_G9A|IGKV1-6*01_G9A_G9A,IGKV1-8*01_T31C_T31C|IGKV1-8*01_T31C,IGKV1-27*01_A229C_A229C|IGKV1-27*01_A229C,IGKV6E-21*01_A301G|IGKV6E-21*03_A202T|IGKV6E-21*01_A301G_A301G|IGKV6E-21*03_A202T_A202T
Error in ogrdbstats D:\Research\digby_data\AIRR-seq\Human\IGK\samples/P1/P1_I46_S1/P1_I46_S1_ogrdb_report.csv:
missing novels , novels listed as non-novel: IGKV3-11*01_A223C|IGKV3-11*01_A223C_A223C
Error in ogrdbstats D:\Research\digby_data\AIRR-seq\Human\IGK\samples/P1/P1_I49_S1/P1_I49_S1_ogrdb_report.csv:
missing novels , novels listed as non-novel: IGKV3-11*01_A223C|IGKV3-11*01_A223C_A223C
Error in ogrdbstats D:\Research\digby_data\AIRR-seq\Human\IGK\samples/P1/P1_I52_S1/P1_I52_S1_ogrdb_report.csv:
missing novels , novels listed as non-novel: IGKV3-11*01_A223C|IGKV3-11*01_A223C_A223C,IGKV3-15*01_A223C|IGKV3-15*01_A223C_A223C
Error in ogrdbstats D:\Research\digby_data\AIRR-seq\Human\IGK\samples/P1/P1_I58_S1/P1_I58_S1_ogrdb_report.csv:
missing novels , novels listed as non-novel: IGKV3-11*01_A223C|IGKV3-11*01_A223C_A223C,IGKV3-15*01_A223C|IGKV3-15*01_A223C_A223C,IGKV4-1*01_A318G|IGKV4-1*01_A318G_A318G,IGKV1-8*01_T31C_T31C|IGKV1-8*01_T31C
Error in ogrdbstats D:\Research\digby_data\AIRR-seq\Human\IGK\samples/P1/P1_I67_S1/P1_I67_S1_ogrdb_report.csv:
missing novels , novels listed as non-novel: IGKV3-11*01_A223C|IGKV3-11*01_A223C_A223C,IGKV3-15*01_A223C|IGKV3-15*01_A223C_A223C
Error in ogrdbstats D:\Research\digby_data\AIRR-seq\Human\IGK\samples/P1/P1_I69_S1/P1_I69_S1_ogrdb_report.csv:
missing novels , novels listed as non-novel: IGKV3-11*01_A223C|IGKV3-11*01_A223C_A223C
Error in ogrdbstats D:\Research\digby_data\AIRR-seq\Human\IGK\samples/P1/P1_I75_S1/P1_I75_S1_ogrdb_report.csv:
missing novels , novels listed as non-novel: IGKV3-11*01_A223C|IGKV3-11*01_A223C_A223C,IGKV3-15*01_A223C|IGKV3-15*01_A223C_A223C,IGKV4-1*01_A318G|IGKV4-1*01_A318G_A318G,IGKV1-6*01_G9A|IGKV1-6*01_G9A_G9A,IGKV1-8*01_T31C_T31C|IGKV1-8*01_T31C
Error in ogrdbstats D:\Research\digby_data\AIRR-seq\Human\IGK\samples/P1/P1_I79_S1/P1_I79_S1_ogrdb_report.csv:
missing novels , novels listed as non-novel: IGKV3-11*01_A223C|IGKV3-11*01_A223C_A223C,IGKV3-15*01_C141G_C141G|IGKV3-15*01_C141G
Error in ogrdbstats D:\Research\digby_data\AIRR-seq\Human\IGK\samples/P1/P1_I82_S1/P1_I82_S1_ogrdb_report.csv:
missing novels , novels listed as non-novel: IGKV3-11*01_A223C|IGKV3-11*01_A223C_A223C,IGKV3-15*01_A223C|IGKV3-15*01_A223C_A223C,IGKV1-8*01_G12A_T31C_G12A_T31C|IGKV1-8*01_G12A_T31C,IGKV1-27*01_T231C_T231C|IGKV1-27*01_T231C,IGKV2-24*01_T314C|IGKV2-24*01_T314C_T314C,IGKV4-1*01_A318G|IGKV4-1*01_A318G_A318G,IGKV1-6*01_G9A|IGKV1-6*01_G9A_G9A,IGKV1-8*01_T31C_T31C|IGKV1-8*01_T31C,IGKV5-2*01_C214T|IGKV5-2*01_C214T_C214T,IGKV1-5*03_G171A_G171A|IGKV1-5*03_G171A,IGKV5-2*01_T108G_C214T|IGKV5-2*01_T108G_C214T_T108G_C214T
Error in ogrdbstats D:\Research\digby_data\AIRR-seq\Human\IGK\samples/P1/P1_I83_S1/P1_I83_S1_ogrdb_report.csv:
missing novels , novels listed as non-novel: IGKV3-11*01_A223C|IGKV3-11*01_A223C_A223C,IGKV3-15*01_A223C|IGKV3-15*01_A223C_A223C
Error in ogrdbstats D:\Research\digby_data\AIRR-seq\Human\IGK\samples/P1/P1_I92_S1/P1_I92_S1_ogrdb_report.csv:
missing novels , novels listed as non-novel: IGKV3-11*01_A223C|IGKV3-11*01_A223C_A223C,IGKV3-15*01_A223C|IGKV3-15*01_A223C_A223C
Error in ogrdbstats D:\Research\digby_data\AIRR-seq\Human\IGK\samples/P1/P1_I93_S1/P1_I93_S1_ogrdb_report.csv:
missing novels , novels listed as non-novel: IGKV3-11*01_A223C|IGKV3-11*01_A223C_A223C,IGKV3-15*01_A223C|IGKV3-15*01_A223C_A223C
Error in ogrdbstats D:\Research\digby_data\AIRR-seq\Human\IGK\samples/P1/P1_I94_S1/P1_I94_S1_ogrdb_report.csv:
missing novels , novels listed as non-novel: IGKV3-11*01_A223C|IGKV3-11*01_A223C_A223C
Error in ogrdbstats D:\Research\digby_data\AIRR-seq\Human\IGK\samples/P1/P1_I95_S1/P1_I95_S1_ogrdb_report.csv:
missing novels , novels listed as non-novel: IGKV3-11*01_A223C|IGKV3-11*01_A223C_A223C,IGKV3-15*01_A223C|IGKV3-15*01_A223C_A223C,IGKV4-1*01_A318G|IGKV4-1*01_A318G_A318G,IGKV1-8*01_T31C_T31C|IGKV1-8*01_T31C,IGKV6E-21*01_A301G|IGKV6E-21*03_A202T|IGKV6E-21*01_A301G_A301G|IGKV6E-21*03_A202T_A202T
Error in ogrdbstats D:\Research\digby_data\AIRR-seq\Human\IGK\samples/P1/P1_I50_S1/P1_I50_S1_ogrdb_report.csv:
missing novels , novels listed as non-novel: IGKV3-15*01_A223C|IGKV3-15*01_A223C_A223C
Error in ogrdbstats D:\Research\digby_data\AIRR-seq\Human\IGK\samples/P1/P1_I10_S1/P1_I10_S1_ogrdb_report.csv:
missing novels , novels listed as non-novel: IGKV1-8*01_G12A_T31C_G12A_T31C|IGKV1-8*01_G12A_T31C,IGKV1-27*01_T231C_T231C|IGKV1-27*01_T231C,IGKV2-24*01_T314C|IGKV2-24*01_T314C_T314C,IGKV2E-28*01_C142A_C142A|IGKV2E-28*01_C142A,IGKV2E-28*01_G90C|IGKV2E-28*01_G90C_G90C,IGKV4-1*01_A318G|IGKV4-1*01_A318G_A318G
Error in ogrdbstats D:\Research\digby_data\AIRR-seq\Human\IGK\samples/P1/P1_I22_S1/P1_I22_S1_ogrdb_report.csv:
missing novels , novels listed as non-novel: IGKV1-8*01_G12A_T31C_G12A_T31C|IGKV1-8*01_G12A_T31C,IGKV1-27*01_T231C_T231C|IGKV1-27*01_T231C,IGKV1-5*03_G171A_G171A|IGKV1-5*03_G171A,IGKV5-2*01_T108G_C214T|IGKV5-2*01_T108G_C214T_T108G_C214T
Error in ogrdbstats D:\Research\digby_data\AIRR-seq\Human\IGK\samples/P1/P1_I57_S1/P1_I57_S1_ogrdb_report.csv:
missing novels , novels listed as non-novel: IGKV1-8*01_G12A_T31C_G12A_T31C|IGKV1-8*01_G12A_T31C,IGKV1-27*01_T231C_T231C|IGKV1-27*01_T231C,IGKV2-24*01_T314C|IGKV2-24*01_T314C_T314C,IGKV2E-28*01_C142A_C142A|IGKV2E-28*01_C142A,IGKV2E-28*01_G90C|IGKV2E-28*01_G90C_G90C,IGKV1-5*03_T115C_G171A_T115C_G171A|IGKV1-5*03_T115C_G171A
Error in ogrdbstats D:\Research\digby_data\AIRR-seq\Human\IGK\samples/P1/P1_I65_S1/P1_I65_S1_ogrdb_report.csv:
missing novels , novels listed as non-novel: IGKV1-8*01_G12A_T31C_G12A_T31C|IGKV1-8*01_G12A_T31C,IGKV2-24*01_T314C|IGKV2-24*01_T314C_T314C,IGKV1-5*03_G171A_G171A|IGKV1-5*03_G171A
Error in ogrdbstats D:\Research\digby_data\AIRR-seq\Human\IGK\samples/P1/P1_I70_S1/P1_I70_S1_ogrdb_report.csv:
missing novels , novels listed as non-novel: IGKV1-8*01_G12A_T31C_G12A_T31C|IGKV1-8*01_G12A_T31C,IGKV1-27*01_T231C_T231C|IGKV1-27*01_T231C,IGKV2-24*01_T314C|IGKV2-24*01_T314C_T314C,IGKV2E-28*01_G90C|IGKV2E-28*01_G90C_G90C,IGKV5-2*01_C214T|IGKV5-2*01_C214T_C214T,IGKV1-5*03_G171A_G171A|IGKV1-5*03_G171A
Error in ogrdbstats D:\Research\digby_data\AIRR-seq\Human\IGK\samples/P1/P1_I72_S1/P1_I72_S1_ogrdb_report.csv:
missing novels , novels listed as non-novel: IGKV1-8*01_G12A_T31C_G12A_T31C|IGKV1-8*01_G12A_T31C,IGKV4-1*01_A318G|IGKV4-1*01_A318G_A318G,IGKV1-6*01_G9A|IGKV1-6*01_G9A_G9A,IGKV1-8*01_T31C_T31C|IGKV1-8*01_T31C,IGKV1-5*03_G171A_G171A|IGKV1-5*03_G171A,IGKV2E-28*01_G202T_G202T|IGKV2E-28*01_G202T
Error in ogrdbstats D:\Research\digby_data\AIRR-seq\Human\IGK\samples/P1/P1_I7_S1/P1_I7_S1_ogrdb_report.csv:
missing novels , novels listed as non-novel: IGKV1-8*01_G12A_T31C_G12A_T31C|IGKV1-8*01_G12A_T31C,IGKV1-27*01_T231C_T231C|IGKV1-27*01_T231C,IGKV2E-28*01_G90C|IGKV2E-28*01_G90C_G90C,IGKV1-5*03_G171A_G171A|IGKV1-5*03_G171A
Error in ogrdbstats D:\Research\digby_data\AIRR-seq\Human\IGK\samples/P1/P1_I88_S1/P1_I88_S1_ogrdb_report.csv:
missing novels , novels listed as non-novel: IGKV1-8*01_G12A_T31C_G12A_T31C|IGKV1-8*01_G12A_T31C,IGKV1-27*01_T231C_T231C|IGKV1-27*01_T231C,IGKV2-24*01_T314C|IGKV2-24*01_T314C_T314C,IGKV1-5*03_G171A_G171A|IGKV1-5*03_G171A
Error in ogrdbstats D:\Research\digby_data\AIRR-seq\Human\IGK\samples/P1/P1_I8_S1/P1_I8_S1_ogrdb_report.csv:
missing novels , novels listed as non-novel: IGKV1-8*01_G12A_T31C_G12A_T31C|IGKV1-8*01_G12A_T31C,IGKV1-27*01_T231C_T231C|IGKV1-27*01_T231C,IGKV1-5*03_G171A_G171A|IGKV1-5*03_G171A
Error in ogrdbstats D:\Research\digby_data\AIRR-seq\Human\IGK\samples/P1/P1_I90_S1/P1_I90_S1_ogrdb_report.csv:
missing novels , novels listed as non-novel: IGKV1-8*01_G12A_T31C_G12A_T31C|IGKV1-8*01_G12A_T31C,IGKV1-27*01_T231C_T231C|IGKV1-27*01_T231C,IGKV2E-28*01_G90C|IGKV2E-28*01_G90C_G90C,IGKV1-9*01_C70T|IGKV1-9*01_C70T_C70T,IGKV5-2*01_C214T|IGKV5-2*01_C214T_C214T,IGKV1-5*03_G171A_G171A|IGKV1-5*03_G171A
Error in ogrdbstats D:\Research\digby_data\AIRR-seq\Human\IGK\samples/P1/P1_I98_S1/P1_I98_S1_ogrdb_report.csv:
missing novels , novels listed as non-novel: IGKV1-8*01_G12A_T31C_G12A_T31C|IGKV1-8*01_G12A_T31C,IGKV1-27*01_T231C_T231C|IGKV1-27*01_T231C,IGKV2E-28*01_C142A_C142A|IGKV2E-28*01_C142A,IGKV2E-28*01_G90C|IGKV2E-28*01_G90C_G90C,IGKV5-2*01_C214T|IGKV5-2*01_C214T_C214T,IGKV1-5*03_T115C_G171A_T115C_G171A|IGKV1-5*03_T115C_G171A
Error in ogrdbstats D:\Research\digby_data\AIRR-seq\Human\IGK\samples/P1/P1_I9_S1/P1_I9_S1_ogrdb_report.csv:
missing novels , novels listed as non-novel: IGKV1-8*01_G12A_T31C_G12A_T31C|IGKV1-8*01_G12A_T31C,IGKV1-27*01_T231C_T231C|IGKV1-27*01_T231C,IGKV1-5*03_G171A_G171A|IGKV1-5*03_G171A
Error in ogrdbstats D:\Research\digby_data\AIRR-seq\Human\IGK\samples/P11/P11_I17_S1/P11_I17_S1_ogrdb_report.csv:
missing novels , novels listed as non-novel: IGKV1-8*01_G12A_T31C_G12A_T31C|IGKV1-8*01_G12A_T31C,IGKV1-27*01_T231C_T231C|IGKV1-27*01_T231C,IGKV1-5*03_G171A_G171A|IGKV1-5*03_G171A,IGKV3D-11*02_C247T|IGKV3D-11*02_C247T_C247T,IGKV1-9*01_A270C|IGKV1-9*01_A270C_A270C,IGKV1-6*01_A318G_A326G_A318G_A326G|IGKV1-6*01_A318G_A326G,IGKV1E-12*01_C279G_C279G|IGKV1E-12*01_C279G,IGKV3D-11*02_A167G_C247T_A282G_C319T_G320A|IGKV3D-11*02_A167G_C247T_A282G_C319T_G320A_A167G_C247T_A282G_C319T_G320A
Error in ogrdbstats D:\Research\digby_data\AIRR-seq\Human\IGK\samples/P11/P11_I18_S1/P11_I18_S1_ogrdb_report.csv:
missing novels , novels listed as non-novel: IGKV1-8*01_G12A_T31C_G12A_T31C|IGKV1-8*01_G12A_T31C,IGKV1-27*01_T231C_T231C|IGKV1-27*01_T231C,IGKV1-5*03_G171A_G171A|IGKV1-5*03_G171A,IGKV3-15*01_C141G_C141G|IGKV3-15*01_C141G,IGKV3D-11*02_C247T|IGKV3D-11*02_C247T_C247T,IGKV1E-12*01_C279G_C279G|IGKV1E-12*01_C279G
Error in ogrdbstats D:\Research\digby_data\AIRR-seq\Human\IGK\samples/P11/P11_I19_S1/P11_I19_S1_ogrdb_report.csv:
missing novels , novels listed as non-novel: IGKV1-8*01_G12A_T31C_G12A_T31C|IGKV1-8*01_G12A_T31C,IGKV1-27*01_T231C_T231C|IGKV1-27*01_T231C,IGKV1-9*01_C70T|IGKV1-9*01_C70T_C70T,IGKV5-2*01_C214T|IGKV5-2*01_C214T_C214T,IGKV1-5*03_G171A_G171A|IGKV1-5*03_G171A
Error in ogrdbstats D:\Research\digby_data\AIRR-seq\Human\IGK\samples/P11/P11_I1_S1/P11_I1_S1_ogrdb_report.csv:
missing novels , novels listed as non-novel: IGKV1-8*01_G12A_T31C_G12A_T31C|IGKV1-8*01_G12A_T31C,IGKV1-27*01_T231C_T231C|IGKV1-27*01_T231C,IGKV2E-28*01_C142A_C142A|IGKV2E-28*01_C142A,IGKV4-1*01_A318G|IGKV4-1*01_A318G_A318G,IGKV5-2*01_C214T|IGKV5-2*01_C214T_C214T,IGKV1-5*03_G171A_G171A|IGKV1-5*03_G171A,IGKV2D-29*02_A319G_A319G|IGKV2D-29*02_A319G,IGKV3D-11*02_T6A_T10A_A15G_T37G_C247T|IGKV3D-11*02_T6A_T10A_A15G_T37G_C247T_T6A_T10A_A15G_T37G_C247T
Error in ogrdbstats D:\Research\digby_data\AIRR-seq\Human\IGK\samples/P11/P11_I23_S1/P11_I23_S1_ogrdb_report.csv:
missing novels , novels listed as non-novel: IGKV1-8*01_G12A_T31C_G12A_T31C|IGKV1-8*01_G12A_T31C,IGKV1-27*01_T231C_T231C|IGKV1-27*01_T231C,IGKV2-24*01_T314C|IGKV2-24*01_T314C_T314C,IGKV1-5*03_G171A_G171A|IGKV1-5*03_G171A,IGKV2E-40*01_C195T_C195T|IGKV2E-40*01_C195T,IGKV3D-15*01_C197T|IGKV3D-15*01_C197T_C197T
Error in ogrdbstats D:\Research\digby_data\AIRR-seq\Human\IGK\samples/P11/P11_I24_S1/P11_I24_S1_ogrdb_report.csv:
missing novels , novels listed as non-novel: IGKV1-8*01_G12A_T31C_G12A_T31C|IGKV1-8*01_G12A_T31C,IGKV1-27*01_T231C_T231C|IGKV1-27*01_T231C,IGKV2E-28*01_G90C|IGKV2E-28*01_G90C_G90C,IGKV1-5*03_G171A_G171A|IGKV1-5*03_G171A,IGKV3D-11*02_C247T|IGKV3D-11*02_C247T_C247T,IGKV3D-20*02_C26G_A167G_C303T_C26G_A167G_C303T|IGKV3D-20*02_C26G_A167G_C303T,IGKV3D-11*02_A15G_C26G_C247T_A15G_C26G_C247T|IGKV3D-11*02_A15G_C26G_C247T,IGKV1-17*01_T314A_T314A|IGKV1-17*01_T314A,IGKV1E-12*01_T309C|IGKV1E-12*01_T309C_T309C,IGKV2D-29*02_A319G_A319G|IGKV2D-29*02_A319G,IGKV2E-40*01_C195T_C195T|IGKV2E-40*01_C195T,IGKV1-16*02_C312T_C312T|IGKV1-16*02_C312T
Error in ogrdbstats D:\Research\digby_data\AIRR-seq\Human\IGK\samples/P11/P11_I34_S1/P11_I34_S1_ogrdb_report.csv:
missing novels , novels listed as non-novel: IGKV1-8*01_G12A_T31C_G12A_T31C|IGKV1-8*01_G12A_T31C,IGKV1-27*01_T231C_T231C|IGKV1-27*01_T231C,IGKV1-5*03_G171A_G171A|IGKV1-5*03_G171A,IGKV3D-11*02_C247T|IGKV3D-11*02_C247T_C247T,IGKV3D-20*02_C26G_A167G_C303T_C26G_A167G_C303T|IGKV3D-20*02_C26G_A167G_C303T,IGKV1-17*01_T314A_T314A|IGKV1-17*01_T314A,IGKV1-9*01_A270C|IGKV1-9*01_A270C_A270C,IGKV1-16*01_C312T|IGKV1-16*01_C312T_C312T,IGKV1E-12*01_T309C|IGKV1E-12*01_T309C_T309C,IGKV3D-15*01_G258C_C283G_T286C_A323G_G258C_C283G_T286C_A323G|IGKV3D-15*01_G258C_C283G_T286C_A323G,IGKV2D-29*02_A319G_A319G|IGKV2D-29*02_A319G,IGKV2-29*03_G197A_G197A|IGKV2-29*03_G197A,IGKV3D-11*02_T6A_T10A_A15G_T37G_T112A_C247T_T6A_T10A_A15G_T37G_T112A_C247T|IGKV3D-11*02_T6A_T10A_A15G_T37G_T112A_C247T
Error in ogrdbstats D:\Research\digby_data\AIRR-seq\Human\IGK\samples/P11/P11_I35_S1/P11_I35_S1_ogrdb_report.csv:
missing novels , novels listed as non-novel: IGKV1-8*01_G12A_T31C_G12A_T31C|IGKV1-8*01_G12A_T31C,IGKV1-27*01_T231C_T231C|IGKV1-27*01_T231C,IGKV1-5*03_G171A_G171A|IGKV1-5*03_G171A,IGKV3D-11*02_C247T|IGKV3D-11*02_C247T_C247T,IGKV3-15*01_C27T_C27T|IGKV3-15*01_C27T
Error in ogrdbstats D:\Research\digby_data\AIRR-seq\Human\IGK\samples/P11/P11_I41_S1/P11_I41_S1_ogrdb_report.csv:
missing novels , novels listed as non-novel: IGKV1-8*01_G12A_T31C_G12A_T31C|IGKV1-8*01_G12A_T31C,IGKV3D-11*02_C247T|IGKV3D-11*02_C247T_C247T,IGKV3D-20*02_C26G_A167G_C303G|IGKV3D-20*02_C26G_A167G_C303G_C26G_A167G_C303G,IGKV3D-20*02_C26G_A167G_C303T_C26G_A167G_C303T|IGKV3D-20*02_C26G_A167G_C303T,IGKV1-17*01_T314A_T314A|IGKV1-17*01_T314A,IGKV1-6*01_A318G_A326G_A318G_A326G|IGKV1-6*01_A318G_A326G,IGKV1-27*01_A316C|IGKV1-27*01_A316C_A316C,IGKV1-9*01_T320A_T320A|IGKV1-9*01_T320A,IGKV1-17*03_T314A_T314A|IGKV1-17*03_T314A
Error in ogrdbstats D:\Research\digby_data\AIRR-seq\Human\IGK\samples/P11/P11_I42_S1/P11_I42_S1_ogrdb_report.csv:
missing novels , novels listed as non-novel: IGKV1-8*01_G12A_T31C_G12A_T31C|IGKV1-8*01_G12A_T31C,IGKV1-27*01_T231C_T231C|IGKV1-27*01_T231C,IGKV4-1*01_A318G|IGKV4-1*01_A318G_A318G,IGKV1-5*03_G171A_G171A|IGKV1-5*03_G171A,IGKV1E-12*01_C279G_C279G|IGKV1E-12*01_C279G
Error in ogrdbstats D:\Research\digby_data\AIRR-seq\Human\IGK\samples/P11/P11_I9_S1/P11_I9_S1_ogrdb_report.csv:
missing novels , novels listed as non-novel: IGKV1-8*01_G12A_T31C_G12A_T31C|IGKV1-8*01_G12A_T31C,IGKV1-27*01_T231C_T231C|IGKV1-27*01_T231C,IGKV2-24*01_T314C|IGKV2-24*01_T314C_T314C,IGKV2E-28*01_C142A_C142A|IGKV2E-28*01_C142A,IGKV2E-28*01_G90C|IGKV2E-28*01_G90C_G90C,IGKV1-5*03_G171A_G171A|IGKV1-5*03_G171A,IGKV3D-11*02_C247T|IGKV3D-11*02_C247T_C247T,IGKV3D-20*02_C26G_A167G_C303G|IGKV3D-20*02_C26G_A167G_C303G_C26G_A167G_C303G,IGKV3D-15*01_A6T_A10T_G37T_G258C_C283G_T286C_A323G_A6T_A10T_G37T_G258C_C283G_T286C_A323G|IGKV3D-15*01_A6T_A10T_G37T_G258C_C283G_T286C_A323G
Error in ogrdbstats D:\Research\digby_data\AIRR-seq\Human\IGK\samples/P11/P11_I22_S1/P11_I22_S1_ogrdb_report.csv:
missing novels , novels listed as non-novel: IGKV1-27*01_T231C_T231C|IGKV1-27*01_T231C
Error in ogrdbstats D:\Research\digby_data\AIRR-seq\Human\IGK\samples/P11/P11_I32_S1/P11_I32_S1_ogrdb_report.csv:
missing novels , novels listed as non-novel: IGKV1-27*01_T231C_T231C|IGKV1-27*01_T231C,IGKV2E-28*01_C142A_C142A|IGKV2E-28*01_C142A,IGKV2E-28*01_G90C|IGKV2E-28*01_G90C_G90C,IGKV1-5*03_G171A_G171A|IGKV1-5*03_G171A,IGKV3D-11*02_C247T|IGKV3D-11*02_C247T_C247T,IGKV3D-11*02_T112A_C247T|IGKV3D-11*02_T112A_C247T_T112A_C247T
Error in ogrdbstats D:\Research\digby_data\AIRR-seq\Human\IGK\samples/P11/P11_I4_S1/P11_I4_S1_ogrdb_report.csv:
missing novels , novels listed as non-novel: IGKV1-27*01_T231C_T231C|IGKV1-27*01_T231C,IGKV2-24*01_T314C|IGKV2-24*01_T314C_T314C,IGKV3D-11*02_A15G_A167G_A197G_C247T_A282G_A15G_A167G_A197G_C247T_A282G|IGKV3D-11*02_A15G_A167G_A197G_C247T_A282G,IGKV3D-11*01_C247T_C247T|IGKV3D-11*01_C247T,IGKV3D-15*01_A6T_A10T_G15A_G37T_A112T_A6T_A10T_G15A_G37T_A112T|IGKV3D-15*01_A6T_A10T_G15A_G37T_A112T
Error in ogrdbstats D:\Research\digby_data\AIRR-seq\Human\IGK\samples/P11/P11_I5_S1/P11_I5_S1_ogrdb_report.csv:
missing novels , novels listed as non-novel: IGKV1-27*01_T231C_T231C|IGKV1-27*01_T231C,IGKV3D-11*02_A15G_C26G_C247T_A15G_C26G_C247T|IGKV3D-11*02_A15G_C26G_C247T,IGKV1-17*01_T314A_T314A|IGKV1-17*01_T314A,IGKV1-9*01_A270C|IGKV1-9*01_A270C_A270C,IGKV1-16*01_C312T|IGKV1-16*01_C312T_C312T,IGKV1E-12*01_T309C|IGKV1E-12*01_T309C_T309C,IGKV1-16*02_C312T_C312T|IGKV1-16*02_C312T,IGKV3D-11*02_T6A_T10A_A15G_T37G_T112A_C247T_T6A_T10A_A15G_T37G_T112A_C247T|IGKV3D-11*02_T6A_T10A_A15G_T37G_T112A_C247T,IGKV3D-15*01_G258C_C283G_T286C|IGKV3D-15*01_G258C_C283G_T286C_G258C_C283G_T286C,IGKV1-17*03_T314A_T314A|IGKV1-17*03_T314A,IGKV1E-12*01_C306T_T309C|IGKV1E-12*01_C306T_T309C_C306T_T309C,IGKV1E-37*01_G310T_G317A_G310T_G317A|IGKV1E-37*01_G310T_G317A,IGKV3D-20*02_C26G_A167G_A279C_G282A_C303T|IGKV3D-20*02_C26G_A167G_A279C_G282A_C303T_C26G_A167G_A279C_G282A_C303T
Error in ogrdbstats D:\Research\digby_data\AIRR-seq\Human\IGK\samples/P11/P11_I6_S1/P11_I6_S1_ogrdb_report.csv:
missing novels , novels listed as non-novel: IGKV1-27*01_T231C_T231C|IGKV1-27*01_T231C,IGKV3D-11*02_C247T|IGKV3D-11*02_C247T_C247T,IGKV3D-20*02_C26G_A167G_C303T_C26G_A167G_C303T|IGKV3D-20*02_C26G_A167G_C303T,IGKV1-8*01_T277A|IGKV1-8*01_T277A_T277A,IGKV1-16*01_C312T|IGKV1-16*01_C312T_C312T,IGKV1E-12*01_T309C|IGKV1E-12*01_T309C_T309C,IGKV3D-15*01_G258C_C283G_T286C_A323G_G258C_C283G_T286C_A323G|IGKV3D-15*01_G258C_C283G_T286C_A323G,IGKV2D-29*02_A319G_A319G|IGKV2D-29*02_A319G,IGKV3D-11*02_T6A_T10A_A15G_T37G_T112A_C247T_T6A_T10A_A15G_T37G_T112A_C247T|IGKV3D-11*02_T6A_T10A_A15G_T37G_T112A_C247T,IGKV1-5*03_C312T_C312T|IGKV1-5*03_C312T
Error in ogrdbstats D:\Research\digby_data\AIRR-seq\Human\IGK\samples/P1/P1_I11_S1/P1_I11_S1_ogrdb_report.csv:
missing novels , novels listed as non-novel: IGKV4-1*01_A318G|IGKV4-1*01_A318G_A318G,IGKV1-6*01_G9A|IGKV1-6*01_G9A_G9A,IGKV1-8*01_T31C_T31C|IGKV1-8*01_T31C,IGKV1-9*01_C70T|IGKV1-9*01_C70T_C70T,IGKV5-2*01_C214T|IGKV5-2*01_C214T_C214T
Error in ogrdbstats D:\Research\digby_data\AIRR-seq\Human\IGK\samples/P1/P1_I25_S1/P1_I25_S1_ogrdb_report.csv:
missing novels , novels listed as non-novel: IGKV4-1*01_A318G|IGKV4-1*01_A318G_A318G,IGKV1-6*01_G9A|IGKV1-6*01_G9A_G9A
Error in ogrdbstats D:\Research\digby_data\AIRR-seq\Human\IGK\samples/P1/P1_I2_S1/P1_I2_S1_ogrdb_report.csv:
missing novels , novels listed as non-novel: IGKV4-1*01_A318G|IGKV4-1*01_A318G_A318G,IGKV1-6*01_G9A|IGKV1-6*01_G9A_G9A,IGKV1-8*01_T31C_T31C|IGKV1-8*01_T31C,IGKV5-2*01_C214T|IGKV5-2*01_C214T_C214T
Error in ogrdbstats D:\Research\digby_data\AIRR-seq\Human\IGK\samples/P1/P1_I32_S1/P1_I32_S1_ogrdb_report.csv:
missing novels , novels listed as non-novel: IGKV4-1*01_A318G|IGKV4-1*01_A318G_A318G
Error in ogrdbstats D:\Research\digby_data\AIRR-seq\Human\IGK\samples/P1/P1_I35_S1/P1_I35_S1_ogrdb_report.csv:
missing novels , novels listed as non-novel: IGKV4-1*01_A318G|IGKV4-1*01_A318G_A318G,IGKV1-6*01_G9A|IGKV1-6*01_G9A_G9A,IGKV1-8*01_T31C_T31C|IGKV1-8*01_T31C,IGKV1-27*01_A229C_A229C|IGKV1-27*01_A229C,IGKV6E-21*01_A301G|IGKV6E-21*03_A202T|IGKV6E-21*01_A301G_A301G|IGKV6E-21*03_A202T_A202T
Error in ogrdbstats D:\Research\digby_data\AIRR-seq\Human\IGK\samples/P1/P1_I48_S1/P1_I48_S1_ogrdb_report.csv:
missing novels , novels listed as non-novel: IGKV4-1*01_A318G|IGKV4-1*01_A318G_A318G,IGKV1-6*01_G9A|IGKV1-6*01_G9A_G9A,IGKV1-8*01_T31C_T31C|IGKV1-8*01_T31C
Error in ogrdbstats D:\Research\digby_data\AIRR-seq\Human\IGK\samples/P1/P1_I53_S1/P1_I53_S1_ogrdb_report.csv:
missing novels , novels listed as non-novel: IGKV4-1*01_A318G|IGKV4-1*01_A318G_A318G,IGKV1-6*01_G9A|IGKV1-6*01_G9A_G9A,IGKV1-8*01_T31C_T31C|IGKV1-8*01_T31C,IGKV5-2*01_C214T|IGKV5-2*01_C214T_C214T,IGKV2E-28*01_G202T_G202T|IGKV2E-28*01_G202T
Error in ogrdbstats D:\Research\digby_data\AIRR-seq\Human\IGK\samples/P1/P1_I59_S1/P1_I59_S1_ogrdb_report.csv:
missing novels , novels listed as non-novel: IGKV4-1*01_A318G|IGKV4-1*01_A318G_A318G,IGKV1-6*01_G9A|IGKV1-6*01_G9A_G9A,IGKV1-8*01_T31C_T31C|IGKV1-8*01_T31C
Error in ogrdbstats D:\Research\digby_data\AIRR-seq\Human\IGK\samples/P1/P1_I5_S1/P1_I5_S1_ogrdb_report.csv:
missing novels , novels listed as non-novel: IGKV4-1*01_A318G|IGKV4-1*01_A318G_A318G,IGKV1-6*01_G9A|IGKV1-6*01_G9A_G9A,IGKV1-8*01_T31C_T31C|IGKV1-8*01_T31C,IGKV6E-21*01_A301G|IGKV6E-21*03_A202T|IGKV6E-21*01_A301G_A301G|IGKV6E-21*03_A202T_A202T
Error in ogrdbstats D:\Research\digby_data\AIRR-seq\Human\IGK\samples/P1/P1_I66_S1/P1_I66_S1_ogrdb_report.csv:
missing novels , novels listed as non-novel: IGKV4-1*01_A318G|IGKV4-1*01_A318G_A318G,IGKV1-8*01_T31C_T31C|IGKV1-8*01_T31C,IGKV2E-28*01_G202T_G202T|IGKV2E-28*01_G202T
Error in ogrdbstats D:\Research\digby_data\AIRR-seq\Human\IGK\samples/P1/P1_I6_S1/P1_I6_S1_ogrdb_report.csv:
missing novels , novels listed as non-novel: IGKV4-1*01_A318G|IGKV4-1*01_A318G_A318G,IGKV1-6*01_G9A|IGKV1-6*01_G9A_G9A,IGKV1-8*01_T31C_T31C|IGKV1-8*01_T31C,IGKV2E-28*01_G202T_G202T|IGKV2E-28*01_G202T
Error in ogrdbstats D:\Research\digby_data\AIRR-seq\Human\IGK\samples/P1/P1_I74_S1/P1_I74_S1_ogrdb_report.csv:
missing novels , novels listed as non-novel: IGKV4-1*01_A318G|IGKV4-1*01_A318G_A318G,IGKV1-6*01_G9A|IGKV1-6*01_G9A_G9A,IGKV1-8*01_T31C_T31C|IGKV1-8*01_T31C,IGKV1-9*01_C70T|IGKV1-9*01_C70T_C70T
Error in ogrdbstats D:\Research\digby_data\AIRR-seq\Human\IGK\samples/P1/P1_I76_S1/P1_I76_S1_ogrdb_report.csv:
missing novels , novels listed as non-novel: IGKV4-1*01_A318G|IGKV4-1*01_A318G_A318G,IGKV1-6*01_G9A|IGKV1-6*01_G9A_G9A,IGKV1-8*01_T31C_T31C|IGKV1-8*01_T31C,IGKV3-15*01_A117G|IGKV3-15*01_A117G_A117G,IGKV6E-21*01_A301G|IGKV6E-21*03_A202T|IGKV6E-21*01_A301G_A301G|IGKV6E-21*03_A202T_A202T
Error in ogrdbstats D:\Research\digby_data\AIRR-seq\Human\IGK\samples/P1/P1_I81_S1/P1_I81_S1_ogrdb_report.csv:
missing novels , novels listed as non-novel: IGKV4-1*01_A318G|IGKV4-1*01_A318G_A318G,IGKV1-6*01_G9A|IGKV1-6*01_G9A_G9A,IGKV1-8*01_T31C_T31C|IGKV1-8*01_T31C,IGKV1-9*01_C70T|IGKV1-9*01_C70T_C70T,IGKV5-2*01_C214T|IGKV5-2*01_C214T_C214T,IGKV6E-21*01_A301G|IGKV6E-21*03_A202T|IGKV6E-21*01_A301G_A301G|IGKV6E-21*03_A202T_A202T,IGKV1E-12*01_T333G_T333G|IGKV1E-12*01_T333G
Error in ogrdbstats D:\Research\digby_data\AIRR-seq\Human\IGK\samples/P1/P1_I91_S1/P1_I91_S1_ogrdb_report.csv:
missing novels , novels listed as non-novel: IGKV4-1*01_A318G|IGKV4-1*01_A318G_A318G,IGKV1-6*01_G9A|IGKV1-6*01_G9A_G9A,IGKV1-8*01_T31C_T31C|IGKV1-8*01_T31C,IGKV5-2*01_C214T|IGKV5-2*01_C214T_C214T,IGKV3-15*01_G107A_G107A|IGKV3-15*01_G107A
Error in ogrdbstats D:\Research\digby_data\AIRR-seq\Human\IGK\samples/P1/P1_I96_S1/P1_I96_S1_ogrdb_report.csv:
missing novels , novels listed as non-novel: IGKV4-1*01_A318G|IGKV4-1*01_A318G_A318G,IGKV6E-21*01_C162T_C162T|IGKV6E-21*01_C162T
Error in ogrdbstats D:\Research\digby_data\AIRR-seq\Human\IGK\samples/P11/P11_I31_S1/P11_I31_S1_ogrdb_report.csv:
missing novels , novels listed as non-novel: IGKV4-1*01_A318G|IGKV4-1*01_A318G_A318G,IGKV1-6*01_G9A|IGKV1-6*01_G9A_G9A,IGKV1-8*01_T31C_T31C|IGKV1-8*01_T31C,IGKV1-5*03_A144C|IGKV1-5*03_A144C_A144C,IGKV1E-12*01_C59T|IGKV1E-12*01_C59T_C59T,IGKV3D-20*02_C26G_A167G_C303G|IGKV3D-20*02_C26G_A167G_C303G_C26G_A167G_C303G,IGKV3D-15*01_G258C_C283G_T286C_A323G_G258C_C283G_T286C_A323G|IGKV3D-15*01_G258C_C283G_T286C_A323G
Error in ogrdbstats D:\Research\digby_data\AIRR-seq\Human\IGK\samples/P1/P1_I56_S1/P1_I56_S1_ogrdb_report.csv:
missing novels , novels listed as non-novel: IGKV1-9*01_C70T|IGKV1-9*01_C70T_C70T,IGKV1-8*01_T258C_T258C|IGKV1-8*01_T258C
Error in ogrdbstats D:\Research\digby_data\AIRR-seq\Human\IGK\samples/P1/P1_I97_S1/P1_I97_S1_ogrdb_report.csv:
missing novels , novels listed as non-novel: IGKV1-9*01_C70T|IGKV1-9*01_C70T_C70T,IGKV5-2*01_C214T|IGKV5-2*01_C214T_C214T
Error in ogrdbstats D:\Research\digby_data\AIRR-seq\Human\IGK\samples/P11/P11_I33_S1/P11_I33_S1_ogrdb_report.csv:
missing novels , novels listed as non-novel: IGKV1-9*01_C70T|IGKV1-9*01_C70T_C70T,IGKV3-15*01_C27T_C27T|IGKV3-15*01_C27T,IGKV3D-11*02_A15G_C247T|IGKV3D-11*02_A15G_C247T_A15G_C247T
Error in ogrdbstats D:\Research\digby_data\AIRR-seq\Human\IGK\samples/P1/P1_I24_S1/P1_I24_S1_ogrdb_report.csv:
missing novels , novels listed as non-novel: IGKV5-2*01_C214T|IGKV5-2*01_C214T_C214T,IGKV3-15*01_A117G|IGKV3-15*01_A117G_A117G
Error in ogrdbstats D:\Research\digby_data\AIRR-seq\Human\IGK\samples/P1/P1_I60_S1/P1_I60_S1_ogrdb_report.csv:
missing novels , novels listed as non-novel: IGKV5-2*01_C214T|IGKV5-2*01_C214T_C214T
Error in ogrdbstats D:\Research\digby_data\AIRR-seq\Human\IGK\samples/P1/P1_I62_S1/P1_I62_S1_ogrdb_report.csv:
missing novels , novels listed as non-novel: IGKV5-2*01_C214T|IGKV5-2*01_C214T_C214T
Error in ogrdbstats D:\Research\digby_data\AIRR-seq\Human\IGK\samples/P1/P1_I68_S1/P1_I68_S1_ogrdb_report.csv:
missing novels , novels listed as non-novel: IGKV5-2*01_C214T|IGKV5-2*01_C214T_C214T,IGKV3D-11*02_C247T|IGKV3D-11*02_C247T_C247T
Error in ogrdbstats D:\Research\digby_data\AIRR-seq\Human\IGK\samples/P1/P1_I71_S1/P1_I71_S1_ogrdb_report.csv:
missing novels , novels listed as non-novel: IGKV5-2*01_C214T|IGKV5-2*01_C214T_C214T
Error in ogrdbstats D:\Research\digby_data\AIRR-seq\Human\IGK\samples/P1/P1_I89_S1/P1_I89_S1_ogrdb_report.csv:
missing novels , novels listed as non-novel: IGKV5-2*01_C214T|IGKV5-2*01_C214T_C214T,IGKV3D-15*01_A235C_A235C|IGKV3D-15*01_A235C
Error in ogrdbstats D:\Research\digby_data\AIRR-seq\Human\IGK\samples/P1/P1_I12_S1/P1_I12_S1_ogrdb_report.csv:
missing novels , novels listed as non-novel: IGKV3-15*01_G107A_G107A|IGKV3-15*01_G107A,IGKV3D-15*01_A223C|IGKV3D-15*01_A223C_A223C
Error in ogrdbstats D:\Research\digby_data\AIRR-seq\Human\IGK\samples/P1/P1_I43_S1/P1_I43_S1_ogrdb_report.csv:
missing novels , novels listed as non-novel: IGKV3-15*01_G107A_G107A|IGKV3-15*01_G107A,IGKV3-15*01_A117G|IGKV3-15*01_A117G_A117G
Error in ogrdbstats D:\Research\digby_data\AIRR-seq\Human\IGK\samples/P1/P1_I37_S1/P1_I37_S1_ogrdb_report.csv:
missing novels , novels listed as non-novel: IGKV1E-39*01_A229C_A229C|IGKV1E-39*01_A229C,IGKV1-27*01_A229C_A229C|IGKV1-27*01_A229C
Error in ogrdbstats D:\Research\digby_data\AIRR-seq\Human\IGK\samples/P1/P1_I15_S1/P1_I15_S1_ogrdb_report.csv:
missing novels , novels listed as non-novel: IGKV1-9*01_A229C_A229C|IGKV1-9*01_A229C,IGKV1-27*01_A229C_A229C|IGKV1-27*01_A229C,IGKV1E-12*01_C74T|IGKV1E-12*01_C74T_C74T
Error in ogrdbstats D:\Research\digby_data\AIRR-seq\Human\IGK\samples/P1/P1_I4_S1/P1_I4_S1_ogrdb_report.csv:
missing novels , novels listed as non-novel: IGKV1E-12*01_C74T|IGKV1E-12*01_C74T_C74T,IGKV3D-15*01_C210G|IGKV3D-15*01_C210G_C210G
Error in ogrdbstats D:\Research\digby_data\AIRR-seq\Human\IGK\samples/P1/P1_I47_S1/P1_I47_S1_ogrdb_report.csv:
missing novels , novels listed as non-novel: IGKV1-5*03_G171A_G171A|IGKV1-5*03_G171A
Error in ogrdbstats D:\Research\digby_data\AIRR-seq\Human\IGK\samples/P1/P1_I1_S1/P1_I1_S1_ogrdb_report.csv:
missing novels , novels listed as non-novel: IGKV1-27*01_T222C_T222C|IGKV1-27*01_T222C,IGKV3-11*01_A211C_A211C|IGKV3-11*01_A211C,IGKV3-15*01_C141G_C141G|IGKV3-15*01_C141G,IGKV3D-15*01_C210G|IGKV3D-15*01_C210G_C210G,IGKV3D-15*01_C141G_C210G|IGKV3D-15*01_C141G_C210G_C141G_C210G
Error in ogrdbstats D:\Research\digby_data\AIRR-seq\Human\IGK\samples/P1/P1_I73_S1/P1_I73_S1_ogrdb_report.csv:
missing novels , novels listed as non-novel: IGKV3-15*01_C141G_C141G|IGKV3-15*01_C141G
Error in ogrdbstats D:\Research\digby_data\AIRR-seq\Human\IGK\samples/P1/P1_I86_S1/P1_I86_S1_ogrdb_report.csv:
missing novels , novels listed as non-novel: IGKV3-15*01_C141G_C141G|IGKV3-15*01_C141G
Error in ogrdbstats D:\Research\digby_data\AIRR-seq\Human\IGK\samples/P11/P11_I14_S1/P11_I14_S1_ogrdb_report.csv:
missing novels , novels listed as non-novel: IGKV3-15*01_C141G_C141G|IGKV3-15*01_C141G,IGKV3D-11*02_C247T|IGKV3D-11*02_C247T_C247T,IGKV1-27*01_C70T|IGKV1-27*01_C70T_C70T
Error in ogrdbstats D:\Research\digby_data\AIRR-seq\Human\IGK\samples/P11/P11_I15_S1/P11_I15_S1_ogrdb_report.csv:
missing novels , novels listed as non-novel: IGKV3-15*01_C141G_C141G|IGKV3-15*01_C141G,IGKV1-27*01_C70T|IGKV1-27*01_C70T_C70T,IGKV1-17*01_T314A_T314A|IGKV1-17*01_T314A
Error in ogrdbstats D:\Research\digby_data\AIRR-seq\Human\IGK\samples/P11/P11_I20_S1/P11_I20_S1_ogrdb_report.csv:
missing novels , novels listed as non-novel: IGKV3-15*01_C141G_C141G|IGKV3-15*01_C141G,IGKV3D-11*02_C247T|IGKV3D-11*02_C247T_C247T,IGKV1E-12*01_T309C|IGKV1E-12*01_T309C_T309C,IGKV1-6*01_A318G_A318G|IGKV1-6*01_A318G
Error in ogrdbstats D:\Research\digby_data\AIRR-seq\Human\IGK\samples/P11/P11_I28_S1/P11_I28_S1_ogrdb_report.csv:
missing novels , novels listed as non-novel: IGKV3-15*01_C141G_C141G|IGKV3-15*01_C141G,IGKV3D-20*02_C26G_A167G_C303G|IGKV3D-20*02_C26G_A167G_C303G_C26G_A167G_C303G,IGKV1-17*01_T314A_T314A|IGKV1-17*01_T314A,IGKV1-6*01_A318G_A318G|IGKV1-6*01_A318G
Error in ogrdbstats D:\Research\digby_data\AIRR-seq\Human\IGK\samples/P1/P1_I3_S1/P1_I3_S1_ogrdb_report.csv:
missing novels , novels listed as non-novel: IGKV3D-15*01_C210G|IGKV3D-15*01_C210G_C210G
Error in ogrdbstats D:\Research\digby_data\AIRR-seq\Human\IGK\samples/P1/P1_I23_S1/P1_I23_S1_ogrdb_report.csv:
missing novels , novels listed as non-novel: IGKV1-9*01_C75A_C75A|IGKV1-9*01_C75A
Error in ogrdbstats D:\Research\digby_data\AIRR-seq\Human\IGK\samples/P1/P1_I33_S1/P1_I33_S1_ogrdb_report.csv:
missing novels , novels listed as non-novel: IGKV3-15*01_A117G|IGKV3-15*01_A117G_A117G
Error in ogrdbstats D:\Research\digby_data\AIRR-seq\Human\IGK\samples/P1/P1_I34_S1/P1_I34_S1_ogrdb_report.csv:
missing novels , novels listed as non-novel: IGKV4-1*01_G72A_G72A|IGKV4-1*01_G72A
Error in ogrdbstats D:\Research\digby_data\AIRR-seq\Human\IGK\samples/P11/P11_I26_S1/P11_I26_S1_ogrdb_report.csv:
missing novels , novels listed as non-novel: IGKV4-1*01_G72A_G72A|IGKV4-1*01_G72A,IGKV3D-15*01_A326G|IGKV3D-15*01_A326G_A326G
Error in ogrdbstats D:\Research\digby_data\AIRR-seq\Human\IGK\samples/P1/P1_I41_S1/P1_I41_S1_ogrdb_report.csv:
missing novels , novels listed as non-novel: IGKV1-8*01_A171T_A171T|IGKV1-8*01_A171T
Error in ogrdbstats D:\Research\digby_data\AIRR-seq\Human\IGK\samples/P11/P11_I10_S1/P11_I10_S1_ogrdb_report.csv:
missing novels , novels listed as non-novel: IGKV3D-11*02_C247T|IGKV3D-11*02_C247T_C247T,IGKV1-27*01_C154A|IGKV1-27*01_C154A_C154A,IGKV3D-20*02_C26G_A167G_C303G|IGKV3D-20*02_C26G_A167G_C303G_C26G_A167G_C303G,IGKV3D-20*02_C26G_A167G_C303T_C26G_A167G_C303T|IGKV3D-20*02_C26G_A167G_C303T
Error in ogrdbstats D:\Research\digby_data\AIRR-seq\Human\IGK\samples/P11/P11_I16_S1/P11_I16_S1_ogrdb_report.csv:
missing novels , novels listed as non-novel: IGKV3D-11*02_C247T|IGKV3D-11*02_C247T_C247T,IGKV3D-20*02_C26G_A167G_C303T_C26G_A167G_C303T|IGKV3D-20*02_C26G_A167G_C303T,IGKV1-17*01_T314A_T314A|IGKV1-17*01_T314A,IGKV1-8*01_T277A|IGKV1-8*01_T277A_T277A,IGKV1-9*01_A270C|IGKV1-9*01_A270C_A270C,IGKV1-16*01_C312T|IGKV1-16*01_C312T_C312T,IGKV1E-12*01_T309C|IGKV1E-12*01_T309C_T309C,IGKV3D-15*01_G258C_C283G_T286C_A323G_G258C_C283G_T286C_A323G|IGKV3D-15*01_G258C_C283G_T286C_A323G
Error in ogrdbstats D:\Research\digby_data\AIRR-seq\Human\IGK\samples/P11/P11_I37_S1/P11_I37_S1_ogrdb_report.csv:
missing novels , novels listed as non-novel: IGKV3D-11*02_C247T|IGKV3D-11*02_C247T_C247T,IGKV3D-20*02_C26G_A167G_C303T_C26G_A167G_C303T|IGKV3D-20*02_C26G_A167G_C303T,IGKV1E-12*01_T309C|IGKV1E-12*01_T309C_T309C,IGKV3D-15*01_G258C_C283G_T286C_A323G_G258C_C283G_T286C_A323G|IGKV3D-15*01_G258C_C283G_T286C_A323G
Error in ogrdbstats D:\Research\digby_data\AIRR-seq\Human\IGK\samples/P11/P11_I3_S1/P11_I3_S1_ogrdb_report.csv:
missing novels , novels listed as non-novel: IGKV3D-11*02_C247T|IGKV3D-11*02_C247T_C247T,IGKV1-17*01_T314A_T314A|IGKV1-17*01_T314A,IGKV1-8*01_T277A|IGKV1-8*01_T277A_T277A,IGKV1-9*01_A270C|IGKV1-9*01_A270C_A270C,IGKV1E-12*01_T309C|IGKV1E-12*01_T309C_T309C,IGKV1-6*01_A318G_A318G|IGKV1-6*01_A318G,IGKV1-27*01_A316C|IGKV1-27*01_A316C_A316C,IGKV3D-11*02_T112A_A167G_C247T_A282G_C319T_G320A|IGKV3D-11*02_T112A_A167G_C247T_A282G_C319T_G320A_T112A_A167G_C247T_A282G_C319T_G320A,IGKV3D-15*01_G258C_C283G_T286C|IGKV3D-15*01_G258C_C283G_T286C_G258C_C283G_T286C
Error in ogrdbstats D:\Research\digby_data\AIRR-seq\Human\IGK\samples/P11/P11_I43_S1/P11_I43_S1_ogrdb_report.csv:
missing novels , novels listed as non-novel: IGKV3D-11*02_C247T|IGKV3D-11*02_C247T_C247T
Error in ogrdbstats D:\Research\digby_data\AIRR-seq\Human\IGK\samples/P11/P11_I8_S1/P11_I8_S1_ogrdb_report.csv:
missing novels , novels listed as non-novel: IGKV3D-11*02_C247T|IGKV3D-11*02_C247T_C247T,IGKV3D-20*02_C26G_A167G_C303T_C26G_A167G_C303T|IGKV3D-20*02_C26G_A167G_C303T,IGKV3D-11*02_A15G_C26G_C247T_A15G_C26G_C247T|IGKV3D-11*02_A15G_C26G_C247T,IGKV1-17*01_T314A_T314A|IGKV1-17*01_T314A,IGKV1-9*01_A270C|IGKV1-9*01_A270C_A270C,IGKV1-16*01_C312T|IGKV1-16*01_C312T_C312T,IGKV1E-12*01_T309C|IGKV1E-12*01_T309C_T309C,IGKV1-16*02_C312T_C312T|IGKV1-16*02_C312T,IGKV3D-11*02_A15G_C247T|IGKV3D-11*02_A15G_C247T_A15G_C247T,IGKV2-29*03_G197A_G197A|IGKV2-29*03_G197A,IGKV1-27*01_A316C|IGKV1-27*01_A316C_A316C,IGKV3D-15*01_G258C_C283G_T286C|IGKV3D-15*01_G258C_C283G_T286C_G258C_C283G_T286C,IGKV1-5*03_C312T_C312T|IGKV1-5*03_C312T,IGKV1-8*01_T277A_T286C_T277A_T286C|IGKV1-8*01_T277A_T286C,IGKV1E-12*01_T309C_T333G_T309C_T333G|IGKV1E-12*01_T309C_T333G,IGKV1E-33*01_A303T_A303T|IGKV1E-33*01_A303T,IGKV3D-20*01_G70A|IGKV3D-20*01_G70A_G70A
Error in ogrdbstats D:\Research\digby_data\AIRR-seq\Human\IGK\samples/P1/P1_I78_S1/P1_I78_S1_ogrdb_report.csv:
missing novels , novels listed as non-novel: IGKV1-16*02_G71A|IGKV1-16*02_G71A_G71A
Error in ogrdbstats D:\Research\digby_data\AIRR-seq\Human\IGK\samples/P11/P11_I11_S1/P11_I11_S1_ogrdb_report.csv:
missing novels , novels listed as non-novel: IGKV1-27*01_C70T|IGKV1-27*01_C70T_C70T,IGKV3D-11*02_A15G_C26G_C247T_A15G_C26G_C247T|IGKV3D-11*02_A15G_C26G_C247T
Error in ogrdbstats D:\Research\digby_data\AIRR-seq\Human\IGK\samples/P11/P11_I13_S1/P11_I13_S1_ogrdb_report.csv:
missing novels , novels listed as non-novel: IGKV1-27*01_C70T|IGKV1-27*01_C70T_C70T,IGKV1-NL1*01_C74T_C74T|IGKV1-NL1*01_C74T,IGKV3-15*01_C27T_C27T|IGKV3-15*01_C27T
Error in ogrdbstats D:\Research\digby_data\AIRR-seq\Human\IGK\samples/P11/P11_I38_S1/P11_I38_S1_ogrdb_report.csv:
missing novels , novels listed as non-novel: IGKV1-17*01_T314A_T314A|IGKV1-17*01_T314A,IGKV1-8*01_C59A|IGKV1-8*01_C59A_C59A
Error in ogrdbstats D:\Research\digby_data\AIRR-seq\Human\IGK\samples/P11/P11_I40_S1/P11_I40_S1_ogrdb_report.csv:
missing novels , novels listed as non-novel: IGKV3D-15*01_G258C_C283G_T286C_A323G_G258C_C283G_T286C_A323G|IGKV3D-15*01_G258C_C283G_T286C_A323G,IGKV1-8*01_C59A|IGKV1-8*01_C59A_C59A
Error in ogrdbstats D:\Research\digby_data\AIRR-seq\Human\IGK\samples/P11/P11_I29_S1/P11_I29_S1_ogrdb_report.csv:
missing novels , novels listed as non-novel: IGKV3D-11*02_A109G_C234G_C247T|IGKV3D-11*02_A109G_C234G_C247T_A109G_C234G_C247T
