status: Importing reference alleles
status: Importing studies
WARNING: DUPLICATED READ COUNT IN P8_I8_S1, P5_I29_S2
WARNING: DUPLICATED READ COUNT IN P9_I19_S1, P4_I20_S1
status: Processing deleted alleles
status: Processing genotypes
D:\Research\digby_data\AIRR-seq\Human\IGH\samples/P1/P1_I100_S1/P1_I100_S1_genotype.tsv
D:\Research\digby_data\AIRR-seq\Human\IGH\samples/P1/P1_I10_S1/P1_I10_S1_genotype.tsv
D:\Research\digby_data\AIRR-seq\Human\IGH\samples/P1/P1_I11_S1/P1_I11_S1_genotype.tsv
D:\Research\digby_data\AIRR-seq\Human\IGH\samples/P1/P1_I12_S1/P1_I12_S1_genotype.tsv
D:\Research\digby_data\AIRR-seq\Human\IGH\samples/P1/P1_I13_S1/P1_I13_S1_genotype.tsv
D:\Research\digby_data\AIRR-seq\Human\IGH\samples/P1/P1_I14_S1/P1_I14_S1_genotype.tsv
D:\Research\digby_data\AIRR-seq\Human\IGH\samples/P1/P1_I15_S1/P1_I15_S1_genotype.tsv
D:\Research\digby_data\AIRR-seq\Human\IGH\samples/P1/P1_I16_S1/P1_I16_S1_genotype.tsv
D:\Research\digby_data\AIRR-seq\Human\IGH\samples/P1/P1_I17_S1/P1_I17_S1_genotype.tsv
D:\Research\digby_data\AIRR-seq\Human\IGH\samples/P1/P1_I18_S1/P1_I18_S1_genotype.tsv
D:\Research\digby_data\AIRR-seq\Human\IGH\samples/P1/P1_I19_S1/P1_I19_S1_genotype.tsv
D:\Research\digby_data\AIRR-seq\Human\IGH\samples/P1/P1_I1_S1/P1_I1_S1_genotype.tsv
D:\Research\digby_data\AIRR-seq\Human\IGH\samples/P1/P1_I20_S1/P1_I20_S1_genotype.tsv
D:\Research\digby_data\AIRR-seq\Human\IGH\samples/P1/P1_I21_S1/P1_I21_S1_genotype.tsv
D:\Research\digby_data\AIRR-seq\Human\IGH\samples/P1/P1_I22_S1/P1_I22_S1_genotype.tsv
D:\Research\digby_data\AIRR-seq\Human\IGH\samples/P1/P1_I23_S1/P1_I23_S1_genotype.tsv
D:\Research\digby_data\AIRR-seq\Human\IGH\samples/P1/P1_I24_S1/P1_I24_S1_genotype.tsv
D:\Research\digby_data\AIRR-seq\Human\IGH\samples/P1/P1_I25_S1/P1_I25_S1_genotype.tsv
D:\Research\digby_data\AIRR-seq\Human\IGH\samples/P1/P1_I26_S1/P1_I26_S1_genotype.tsv
D:\Research\digby_data\AIRR-seq\Human\IGH\samples/P1/P1_I27_S1/P1_I27_S1_genotype.tsv
D:\Research\digby_data\AIRR-seq\Human\IGH\samples/P1/P1_I28_S1/P1_I28_S1_genotype.tsv
D:\Research\digby_data\AIRR-seq\Human\IGH\samples/P1/P1_I29_S1/P1_I29_S1_genotype.tsv
D:\Research\digby_data\AIRR-seq\Human\IGH\samples/P1/P1_I2_S1/P1_I2_S1_genotype.tsv
D:\Research\digby_data\AIRR-seq\Human\IGH\samples/P1/P1_I30_S1/P1_I30_S1_genotype.tsv
D:\Research\digby_data\AIRR-seq\Human\IGH\samples/P1/P1_I31_S1/P1_I31_S1_genotype.tsv
D:\Research\digby_data\AIRR-seq\Human\IGH\samples/P1/P1_I32_S1/P1_I32_S1_genotype.tsv
D:\Research\digby_data\AIRR-seq\Human\IGH\samples/P1/P1_I33_S1/P1_I33_S1_genotype.tsv
D:\Research\digby_data\AIRR-seq\Human\IGH\samples/P1/P1_I34_S1/P1_I34_S1_genotype.tsv
D:\Research\digby_data\AIRR-seq\Human\IGH\samples/P1/P1_I35_S1/P1_I35_S1_genotype.tsv
D:\Research\digby_data\AIRR-seq\Human\IGH\samples/P1/P1_I37_S1/P1_I37_S1_genotype.tsv
D:\Research\digby_data\AIRR-seq\Human\IGH\samples/P1/P1_I38_S1/P1_I38_S1_genotype.tsv
D:\Research\digby_data\AIRR-seq\Human\IGH\samples/P1/P1_I39_S1/P1_I39_S1_genotype.tsv
D:\Research\digby_data\AIRR-seq\Human\IGH\samples/P1/P1_I3_S1/P1_I3_S1_genotype.tsv
D:\Research\digby_data\AIRR-seq\Human\IGH\samples/P1/P1_I40_S1/P1_I40_S1_genotype.tsv
D:\Research\digby_data\AIRR-seq\Human\IGH\samples/P1/P1_I41_S1/P1_I41_S1_genotype.tsv
D:\Research\digby_data\AIRR-seq\Human\IGH\samples/P1/P1_I42_S1/P1_I42_S1_genotype.tsv
D:\Research\digby_data\AIRR-seq\Human\IGH\samples/P1/P1_I43_S1/P1_I43_S1_genotype.tsv
D:\Research\digby_data\AIRR-seq\Human\IGH\samples/P1/P1_I44_S1/P1_I44_S1_genotype.tsv
D:\Research\digby_data\AIRR-seq\Human\IGH\samples/P1/P1_I45_S1/P1_I45_S1_genotype.tsv
D:\Research\digby_data\AIRR-seq\Human\IGH\samples/P1/P1_I46_S1/P1_I46_S1_genotype.tsv
D:\Research\digby_data\AIRR-seq\Human\IGH\samples/P1/P1_I47_S1/P1_I47_S1_genotype.tsv
D:\Research\digby_data\AIRR-seq\Human\IGH\samples/P1/P1_I48_S1/P1_I48_S1_genotype.tsv
D:\Research\digby_data\AIRR-seq\Human\IGH\samples/P1/P1_I49_S1/P1_I49_S1_genotype.tsv
D:\Research\digby_data\AIRR-seq\Human\IGH\samples/P1/P1_I4_S1/P1_I4_S1_genotype.tsv
D:\Research\digby_data\AIRR-seq\Human\IGH\samples/P1/P1_I50_S1/P1_I50_S1_genotype.tsv
D:\Research\digby_data\AIRR-seq\Human\IGH\samples/P1/P1_I51_S1/P1_I51_S1_genotype.tsv
D:\Research\digby_data\AIRR-seq\Human\IGH\samples/P1/P1_I52_S1/P1_I52_S1_genotype.tsv
D:\Research\digby_data\AIRR-seq\Human\IGH\samples/P1/P1_I53_S1/P1_I53_S1_genotype.tsv
D:\Research\digby_data\AIRR-seq\Human\IGH\samples/P1/P1_I54_S1/P1_I54_S1_genotype.tsv
D:\Research\digby_data\AIRR-seq\Human\IGH\samples/P1/P1_I55_S1/P1_I55_S1_genotype.tsv
D:\Research\digby_data\AIRR-seq\Human\IGH\samples/P1/P1_I56_S1/P1_I56_S1_genotype.tsv
D:\Research\digby_data\AIRR-seq\Human\IGH\samples/P1/P1_I57_S1/P1_I57_S1_genotype.tsv
D:\Research\digby_data\AIRR-seq\Human\IGH\samples/P1/P1_I58_S1/P1_I58_S1_genotype.tsv
D:\Research\digby_data\AIRR-seq\Human\IGH\samples/P1/P1_I59_S1/P1_I59_S1_genotype.tsv
D:\Research\digby_data\AIRR-seq\Human\IGH\samples/P1/P1_I5_S1/P1_I5_S1_genotype.tsv
D:\Research\digby_data\AIRR-seq\Human\IGH\samples/P1/P1_I60_S1/P1_I60_S1_genotype.tsv
D:\Research\digby_data\AIRR-seq\Human\IGH\samples/P1/P1_I61_S1/P1_I61_S1_genotype.tsv
D:\Research\digby_data\AIRR-seq\Human\IGH\samples/P1/P1_I62_S1/P1_I62_S1_genotype.tsv
D:\Research\digby_data\AIRR-seq\Human\IGH\samples/P1/P1_I63_S1/P1_I63_S1_genotype.tsv
D:\Research\digby_data\AIRR-seq\Human\IGH\samples/P1/P1_I64_S1/P1_I64_S1_genotype.tsv
D:\Research\digby_data\AIRR-seq\Human\IGH\samples/P1/P1_I65_S1/P1_I65_S1_genotype.tsv
D:\Research\digby_data\AIRR-seq\Human\IGH\samples/P1/P1_I66_S1/P1_I66_S1_genotype.tsv
D:\Research\digby_data\AIRR-seq\Human\IGH\samples/P1/P1_I67_S1/P1_I67_S1_genotype.tsv
D:\Research\digby_data\AIRR-seq\Human\IGH\samples/P1/P1_I68_S1/P1_I68_S1_genotype.tsv
D:\Research\digby_data\AIRR-seq\Human\IGH\samples/P1/P1_I69_S1/P1_I69_S1_genotype.tsv
D:\Research\digby_data\AIRR-seq\Human\IGH\samples/P1/P1_I6_S1/P1_I6_S1_genotype.tsv
D:\Research\digby_data\AIRR-seq\Human\IGH\samples/P1/P1_I70_S1/P1_I70_S1_genotype.tsv
D:\Research\digby_data\AIRR-seq\Human\IGH\samples/P1/P1_I71_S1/P1_I71_S1_genotype.tsv
D:\Research\digby_data\AIRR-seq\Human\IGH\samples/P1/P1_I72_S1/P1_I72_S1_genotype.tsv
D:\Research\digby_data\AIRR-seq\Human\IGH\samples/P1/P1_I73_S1/P1_I73_S1_genotype.tsv
D:\Research\digby_data\AIRR-seq\Human\IGH\samples/P1/P1_I74_S1/P1_I74_S1_genotype.tsv
D:\Research\digby_data\AIRR-seq\Human\IGH\samples/P1/P1_I75_S1/P1_I75_S1_genotype.tsv
D:\Research\digby_data\AIRR-seq\Human\IGH\samples/P1/P1_I76_S1/P1_I76_S1_genotype.tsv
D:\Research\digby_data\AIRR-seq\Human\IGH\samples/P1/P1_I77_S1/P1_I77_S1_genotype.tsv
D:\Research\digby_data\AIRR-seq\Human\IGH\samples/P1/P1_I78_S1/P1_I78_S1_genotype.tsv
D:\Research\digby_data\AIRR-seq\Human\IGH\samples/P1/P1_I79_S1/P1_I79_S1_genotype.tsv
D:\Research\digby_data\AIRR-seq\Human\IGH\samples/P1/P1_I7_S1/P1_I7_S1_genotype.tsv
D:\Research\digby_data\AIRR-seq\Human\IGH\samples/P1/P1_I80_S1/P1_I80_S1_genotype.tsv
D:\Research\digby_data\AIRR-seq\Human\IGH\samples/P1/P1_I81_S1/P1_I81_S1_genotype.tsv
D:\Research\digby_data\AIRR-seq\Human\IGH\samples/P1/P1_I82_S1/P1_I82_S1_genotype.tsv
D:\Research\digby_data\AIRR-seq\Human\IGH\samples/P1/P1_I83_S1/P1_I83_S1_genotype.tsv
D:\Research\digby_data\AIRR-seq\Human\IGH\samples/P1/P1_I84_S1/P1_I84_S1_genotype.tsv
D:\Research\digby_data\AIRR-seq\Human\IGH\samples/P1/P1_I85_S1/P1_I85_S1_genotype.tsv
D:\Research\digby_data\AIRR-seq\Human\IGH\samples/P1/P1_I86_S1/P1_I86_S1_genotype.tsv
D:\Research\digby_data\AIRR-seq\Human\IGH\samples/P1/P1_I87_S1/P1_I87_S1_genotype.tsv
D:\Research\digby_data\AIRR-seq\Human\IGH\samples/P1/P1_I88_S1/P1_I88_S1_genotype.tsv
D:\Research\digby_data\AIRR-seq\Human\IGH\samples/P1/P1_I89_S1/P1_I89_S1_genotype.tsv
D:\Research\digby_data\AIRR-seq\Human\IGH\samples/P1/P1_I8_S1/P1_I8_S1_genotype.tsv
D:\Research\digby_data\AIRR-seq\Human\IGH\samples/P1/P1_I90_S1/P1_I90_S1_genotype.tsv
D:\Research\digby_data\AIRR-seq\Human\IGH\samples/P1/P1_I91_S1/P1_I91_S1_genotype.tsv
D:\Research\digby_data\AIRR-seq\Human\IGH\samples/P1/P1_I92_S1/P1_I92_S1_genotype.tsv
D:\Research\digby_data\AIRR-seq\Human\IGH\samples/P1/P1_I93_S1/P1_I93_S1_genotype.tsv
D:\Research\digby_data\AIRR-seq\Human\IGH\samples/P1/P1_I94_S1/P1_I94_S1_genotype.tsv
D:\Research\digby_data\AIRR-seq\Human\IGH\samples/P1/P1_I95_S1/P1_I95_S1_genotype.tsv
D:\Research\digby_data\AIRR-seq\Human\IGH\samples/P1/P1_I96_S1/P1_I96_S1_genotype.tsv
D:\Research\digby_data\AIRR-seq\Human\IGH\samples/P1/P1_I97_S1/P1_I97_S1_genotype.tsv
D:\Research\digby_data\AIRR-seq\Human\IGH\samples/P1/P1_I98_S1/P1_I98_S1_genotype.tsv
D:\Research\digby_data\AIRR-seq\Human\IGH\samples/P1/P1_I99_S1/P1_I99_S1_genotype.tsv
D:\Research\digby_data\AIRR-seq\Human\IGH\samples/P1/P1_I9_S1/P1_I9_S1_genotype.tsv
D:\Research\digby_data\AIRR-seq\Human\IGH\samples/P10/P10_I2_S1/P10_I2_S1_genotype.tsv
D:\Research\digby_data\AIRR-seq\Human\IGH\samples/P10/P10_I2_S2/P10_I2_S2_genotype.tsv
D:\Research\digby_data\AIRR-seq\Human\IGH\samples/P10/P10_I2_S3/P10_I2_S3_genotype.tsv
D:\Research\digby_data\AIRR-seq\Human\IGH\samples/P10/P10_I3_S1/P10_I3_S1_genotype.tsv
D:\Research\digby_data\AIRR-seq\Human\IGH\samples/P10/P10_I3_S2/P10_I3_S2_genotype.tsv
D:\Research\digby_data\AIRR-seq\Human\IGH\samples/P10/P10_I3_S3/P10_I3_S3_genotype.tsv
D:\Research\digby_data\AIRR-seq\Human\IGH\samples/P10/P10_I4_S1/P10_I4_S1_genotype.tsv
D:\Research\digby_data\AIRR-seq\Human\IGH\samples/P10/P10_I4_S2/P10_I4_S2_genotype.tsv
D:\Research\digby_data\AIRR-seq\Human\IGH\samples/P10/P10_I5_S1/P10_I5_S1_genotype.tsv
D:\Research\digby_data\AIRR-seq\Human\IGH\samples/P10/P10_I5_S2/P10_I5_S2_genotype.tsv
D:\Research\digby_data\AIRR-seq\Human\IGH\samples/P10/P10_I5_S3/P10_I5_S3_genotype.tsv
D:\Research\digby_data\AIRR-seq\Human\IGH\samples/P11/P11_I10_S1/P11_I10_S1_genotype.tsv
D:\Research\digby_data\AIRR-seq\Human\IGH\samples/P11/P11_I11_S1/P11_I11_S1_genotype.tsv
D:\Research\digby_data\AIRR-seq\Human\IGH\samples/P11/P11_I12_S1/P11_I12_S1_genotype.tsv
D:\Research\digby_data\AIRR-seq\Human\IGH\samples/P11/P11_I13_S1/P11_I13_S1_genotype.tsv
D:\Research\digby_data\AIRR-seq\Human\IGH\samples/P11/P11_I14_S1/P11_I14_S1_genotype.tsv
D:\Research\digby_data\AIRR-seq\Human\IGH\samples/P11/P11_I15_S1/P11_I15_S1_genotype.tsv
D:\Research\digby_data\AIRR-seq\Human\IGH\samples/P11/P11_I16_S1/P11_I16_S1_genotype.tsv
D:\Research\digby_data\AIRR-seq\Human\IGH\samples/P11/P11_I17_S1/P11_I17_S1_genotype.tsv
D:\Research\digby_data\AIRR-seq\Human\IGH\samples/P11/P11_I18_S1/P11_I18_S1_genotype.tsv
D:\Research\digby_data\AIRR-seq\Human\IGH\samples/P11/P11_I19_S1/P11_I19_S1_genotype.tsv
D:\Research\digby_data\AIRR-seq\Human\IGH\samples/P11/P11_I1_S1/P11_I1_S1_genotype.tsv
D:\Research\digby_data\AIRR-seq\Human\IGH\samples/P11/P11_I20_S1/P11_I20_S1_genotype.tsv
D:\Research\digby_data\AIRR-seq\Human\IGH\samples/P11/P11_I21_S1/P11_I21_S1_genotype.tsv
D:\Research\digby_data\AIRR-seq\Human\IGH\samples/P11/P11_I22_S1/P11_I22_S1_genotype.tsv
D:\Research\digby_data\AIRR-seq\Human\IGH\samples/P11/P11_I23_S1/P11_I23_S1_genotype.tsv
D:\Research\digby_data\AIRR-seq\Human\IGH\samples/P11/P11_I24_S1/P11_I24_S1_genotype.tsv
D:\Research\digby_data\AIRR-seq\Human\IGH\samples/P11/P11_I25_S1/P11_I25_S1_genotype.tsv
D:\Research\digby_data\AIRR-seq\Human\IGH\samples/P11/P11_I26_S1/P11_I26_S1_genotype.tsv
D:\Research\digby_data\AIRR-seq\Human\IGH\samples/P11/P11_I27_S1/P11_I27_S1_genotype.tsv
D:\Research\digby_data\AIRR-seq\Human\IGH\samples/P11/P11_I28_S1/P11_I28_S1_genotype.tsv
D:\Research\digby_data\AIRR-seq\Human\IGH\samples/P11/P11_I29_S1/P11_I29_S1_genotype.tsv
D:\Research\digby_data\AIRR-seq\Human\IGH\samples/P11/P11_I2_S1/P11_I2_S1_genotype.tsv
D:\Research\digby_data\AIRR-seq\Human\IGH\samples/P11/P11_I30_S1/P11_I30_S1_genotype.tsv
D:\Research\digby_data\AIRR-seq\Human\IGH\samples/P11/P11_I31_S1/P11_I31_S1_genotype.tsv
D:\Research\digby_data\AIRR-seq\Human\IGH\samples/P11/P11_I32_S1/P11_I32_S1_genotype.tsv
D:\Research\digby_data\AIRR-seq\Human\IGH\samples/P11/P11_I33_S1/P11_I33_S1_genotype.tsv
D:\Research\digby_data\AIRR-seq\Human\IGH\samples/P11/P11_I34_S1/P11_I34_S1_genotype.tsv
D:\Research\digby_data\AIRR-seq\Human\IGH\samples/P11/P11_I35_S1/P11_I35_S1_genotype.tsv
D:\Research\digby_data\AIRR-seq\Human\IGH\samples/P11/P11_I36_S1/P11_I36_S1_genotype.tsv
D:\Research\digby_data\AIRR-seq\Human\IGH\samples/P11/P11_I37_S1/P11_I37_S1_genotype.tsv
D:\Research\digby_data\AIRR-seq\Human\IGH\samples/P11/P11_I38_S1/P11_I38_S1_genotype.tsv
D:\Research\digby_data\AIRR-seq\Human\IGH\samples/P11/P11_I39_S1/P11_I39_S1_genotype.tsv
D:\Research\digby_data\AIRR-seq\Human\IGH\samples/P11/P11_I3_S1/P11_I3_S1_genotype.tsv
D:\Research\digby_data\AIRR-seq\Human\IGH\samples/P11/P11_I40_S1/P11_I40_S1_genotype.tsv
D:\Research\digby_data\AIRR-seq\Human\IGH\samples/P11/P11_I41_S1/P11_I41_S1_genotype.tsv
D:\Research\digby_data\AIRR-seq\Human\IGH\samples/P11/P11_I42_S1/P11_I42_S1_genotype.tsv
D:\Research\digby_data\AIRR-seq\Human\IGH\samples/P11/P11_I43_S1/P11_I43_S1_genotype.tsv
D:\Research\digby_data\AIRR-seq\Human\IGH\samples/P11/P11_I4_S1/P11_I4_S1_genotype.tsv
D:\Research\digby_data\AIRR-seq\Human\IGH\samples/P11/P11_I5_S1/P11_I5_S1_genotype.tsv
D:\Research\digby_data\AIRR-seq\Human\IGH\samples/P11/P11_I6_S1/P11_I6_S1_genotype.tsv
D:\Research\digby_data\AIRR-seq\Human\IGH\samples/P11/P11_I7_S1/P11_I7_S1_genotype.tsv
D:\Research\digby_data\AIRR-seq\Human\IGH\samples/P11/P11_I8_S1/P11_I8_S1_genotype.tsv
D:\Research\digby_data\AIRR-seq\Human\IGH\samples/P11/P11_I9_S1/P11_I9_S1_genotype.tsv
D:\Research\digby_data\AIRR-seq\Human\IGH\samples/P12/P12_I1_S1/P12_I1_S1_genotype.tsv
D:\Research\digby_data\AIRR-seq\Human\IGH\samples/P12/P12_I1_S2/P12_I1_S2_genotype.tsv
D:\Research\digby_data\AIRR-seq\Human\IGH\samples/P12/P12_I1_S3/P12_I1_S3_genotype.tsv
D:\Research\digby_data\AIRR-seq\Human\IGH\samples/P12/P12_I2_S1/P12_I2_S1_genotype.tsv
D:\Research\digby_data\AIRR-seq\Human\IGH\samples/P12/P12_I2_S2/P12_I2_S2_genotype.tsv
D:\Research\digby_data\AIRR-seq\Human\IGH\samples/P12/P12_I2_S3/P12_I2_S3_genotype.tsv
D:\Research\digby_data\AIRR-seq\Human\IGH\samples/P12/P12_I3_S1/P12_I3_S1_genotype.tsv
D:\Research\digby_data\AIRR-seq\Human\IGH\samples/P12/P12_I3_S2/P12_I3_S2_genotype.tsv
D:\Research\digby_data\AIRR-seq\Human\IGH\samples/P12/P12_I3_S3/P12_I3_S3_genotype.tsv
D:\Research\digby_data\AIRR-seq\Human\IGH\samples/P12/P12_I4_S1/P12_I4_S1_genotype.tsv
D:\Research\digby_data\AIRR-seq\Human\IGH\samples/P12/P12_I4_S2/P12_I4_S2_genotype.tsv
D:\Research\digby_data\AIRR-seq\Human\IGH\samples/P12/P12_I4_S3/P12_I4_S3_genotype.tsv
D:\Research\digby_data\AIRR-seq\Human\IGH\samples/P12/P12_I5_S1/P12_I5_S1_genotype.tsv
D:\Research\digby_data\AIRR-seq\Human\IGH\samples/P12/P12_I5_S2/P12_I5_S2_genotype.tsv
D:\Research\digby_data\AIRR-seq\Human\IGH\samples/P12/P12_I5_S3/P12_I5_S3_genotype.tsv
D:\Research\digby_data\AIRR-seq\Human\IGH\samples/P12/P12_I6_S1/P12_I6_S1_genotype.tsv
D:\Research\digby_data\AIRR-seq\Human\IGH\samples/P12/P12_I6_S2/P12_I6_S2_genotype.tsv
D:\Research\digby_data\AIRR-seq\Human\IGH\samples/P12/P12_I6_S3/P12_I6_S3_genotype.tsv
D:\Research\digby_data\AIRR-seq\Human\IGH\samples/P12/P12_I7_S1/P12_I7_S1_genotype.tsv
D:\Research\digby_data\AIRR-seq\Human\IGH\samples/P12/P12_I7_S2/P12_I7_S2_genotype.tsv
D:\Research\digby_data\AIRR-seq\Human\IGH\samples/P12/P12_I7_S3/P12_I7_S3_genotype.tsv
D:\Research\digby_data\AIRR-seq\Human\IGH\samples/P12/P12_I8_S1/P12_I8_S1_genotype.tsv
D:\Research\digby_data\AIRR-seq\Human\IGH\samples/P12/P12_I8_S2/P12_I8_S2_genotype.tsv
D:\Research\digby_data\AIRR-seq\Human\IGH\samples/P12/P12_I8_S3/P12_I8_S3_genotype.tsv
D:\Research\digby_data\AIRR-seq\Human\IGH\samples/P13/P13_I1_S1/P13_I1_S1_genotype.tsv
D:\Research\digby_data\AIRR-seq\Human\IGH\samples/P13/P13_I2_S1/P13_I2_S1_genotype.tsv
D:\Research\digby_data\AIRR-seq\Human\IGH\samples/P13/P13_I3_S1/P13_I3_S1_genotype.tsv
D:\Research\digby_data\AIRR-seq\Human\IGH\samples/P13/P13_I4_S1/P13_I4_S1_genotype.tsv
D:\Research\digby_data\AIRR-seq\Human\IGH\samples/P13/P13_I5_S1/P13_I5_S1_genotype.tsv
D:\Research\digby_data\AIRR-seq\Human\IGH\samples/P13/P13_I6_S1/P13_I6_S1_genotype.tsv
D:\Research\digby_data\AIRR-seq\Human\IGH\samples/P14/P14_I10_S1/P14_I10_S1_genotype.tsv
D:\Research\digby_data\AIRR-seq\Human\IGH\samples/P14/P14_I11_S1/P14_I11_S1_genotype.tsv
D:\Research\digby_data\AIRR-seq\Human\IGH\samples/P14/P14_I1_S1/P14_I1_S1_genotype.tsv
D:\Research\digby_data\AIRR-seq\Human\IGH\samples/P14/P14_I2_S1/P14_I2_S1_genotype.tsv
D:\Research\digby_data\AIRR-seq\Human\IGH\samples/P14/P14_I3_S1/P14_I3_S1_genotype.tsv
D:\Research\digby_data\AIRR-seq\Human\IGH\samples/P14/P14_I4_S1/P14_I4_S1_genotype.tsv
D:\Research\digby_data\AIRR-seq\Human\IGH\samples/P14/P14_I5_S1/P14_I5_S1_genotype.tsv
D:\Research\digby_data\AIRR-seq\Human\IGH\samples/P14/P14_I6_S1/P14_I6_S1_genotype.tsv
D:\Research\digby_data\AIRR-seq\Human\IGH\samples/P14/P14_I7_S1/P14_I7_S1_genotype.tsv
D:\Research\digby_data\AIRR-seq\Human\IGH\samples/P14/P14_I8_S1/P14_I8_S1_genotype.tsv
D:\Research\digby_data\AIRR-seq\Human\IGH\samples/P14/P14_I9_S1/P14_I9_S1_genotype.tsv
D:\Research\digby_data\AIRR-seq\Human\IGH\samples/P15/P15_I10_S1/P15_I10_S1_genotype.tsv
D:\Research\digby_data\AIRR-seq\Human\IGH\samples/P15/P15_I11_S1/P15_I11_S1_genotype.tsv
D:\Research\digby_data\AIRR-seq\Human\IGH\samples/P15/P15_I12_S1/P15_I12_S1_genotype.tsv
D:\Research\digby_data\AIRR-seq\Human\IGH\samples/P15/P15_I13_S1/P15_I13_S1_genotype.tsv
D:\Research\digby_data\AIRR-seq\Human\IGH\samples/P15/P15_I14_S1/P15_I14_S1_genotype.tsv
D:\Research\digby_data\AIRR-seq\Human\IGH\samples/P15/P15_I15_S1/P15_I15_S1_genotype.tsv
D:\Research\digby_data\AIRR-seq\Human\IGH\samples/P15/P15_I16_S1/P15_I16_S1_genotype.tsv
D:\Research\digby_data\AIRR-seq\Human\IGH\samples/P15/P15_I1_S1/P15_I1_S1_genotype.tsv
D:\Research\digby_data\AIRR-seq\Human\IGH\samples/P15/P15_I2_S1/P15_I2_S1_genotype.tsv
D:\Research\digby_data\AIRR-seq\Human\IGH\samples/P15/P15_I3_S1/P15_I3_S1_genotype.tsv
D:\Research\digby_data\AIRR-seq\Human\IGH\samples/P15/P15_I4_S1/P15_I4_S1_genotype.tsv
D:\Research\digby_data\AIRR-seq\Human\IGH\samples/P15/P15_I5_S1/P15_I5_S1_genotype.tsv
D:\Research\digby_data\AIRR-seq\Human\IGH\samples/P15/P15_I6_S1/P15_I6_S1_genotype.tsv
D:\Research\digby_data\AIRR-seq\Human\IGH\samples/P15/P15_I7_S1/P15_I7_S1_genotype.tsv
D:\Research\digby_data\AIRR-seq\Human\IGH\samples/P15/P15_I8_S1/P15_I8_S1_genotype.tsv
D:\Research\digby_data\AIRR-seq\Human\IGH\samples/P15/P15_I9_S1/P15_I9_S1_genotype.tsv
D:\Research\digby_data\AIRR-seq\Human\IGH\samples/P2/P2_I1_S1/P2_I1_S1_genotype.tsv
D:\Research\digby_data\AIRR-seq\Human\IGH\samples/P2/P2_I1_S2/P2_I1_S2_genotype.tsv
D:\Research\digby_data\AIRR-seq\Human\IGH\samples/P2/P2_I1_S3/P2_I1_S3_genotype.tsv
D:\Research\digby_data\AIRR-seq\Human\IGH\samples/P2/P2_I2_S1/P2_I2_S1_genotype.tsv
D:\Research\digby_data\AIRR-seq\Human\IGH\samples/P2/P2_I2_S2/P2_I2_S2_genotype.tsv
D:\Research\digby_data\AIRR-seq\Human\IGH\samples/P2/P2_I2_S3/P2_I2_S3_genotype.tsv
D:\Research\digby_data\AIRR-seq\Human\IGH\samples/P2/P2_I3_S1/P2_I3_S1_genotype.tsv
D:\Research\digby_data\AIRR-seq\Human\IGH\samples/P2/P2_I3_S2/P2_I3_S2_genotype.tsv
D:\Research\digby_data\AIRR-seq\Human\IGH\samples/P2/P2_I3_S3/P2_I3_S3_genotype.tsv
D:\Research\digby_data\AIRR-seq\Human\IGH\samples/P2/P2_I4_S1/P2_I4_S1_genotype.tsv
D:\Research\digby_data\AIRR-seq\Human\IGH\samples/P2/P2_I4_S2/P2_I4_S2_genotype.tsv
D:\Research\digby_data\AIRR-seq\Human\IGH\samples/P2/P2_I4_S3/P2_I4_S3_genotype.tsv
D:\Research\digby_data\AIRR-seq\Human\IGH\samples/P2/P2_I5_S1/P2_I5_S1_genotype.tsv
D:\Research\digby_data\AIRR-seq\Human\IGH\samples/P2/P2_I6_S1/P2_I6_S1_genotype.tsv
D:\Research\digby_data\AIRR-seq\Human\IGH\samples/P2/P2_I7_S1/P2_I7_S1_genotype.tsv
D:\Research\digby_data\AIRR-seq\Human\IGH\samples/P2/P2_I8_S1/P2_I8_S1_genotype.tsv
D:\Research\digby_data\AIRR-seq\Human\IGH\samples/P3/P3_I1_S1/P3_I1_S1_genotype.tsv
D:\Research\digby_data\AIRR-seq\Human\IGH\samples/P3/P3_I1_S2/P3_I1_S2_genotype.tsv
D:\Research\digby_data\AIRR-seq\Human\IGH\samples/P3/P3_I2_S1/P3_I2_S1_genotype.tsv
D:\Research\digby_data\AIRR-seq\Human\IGH\samples/P3/P3_I2_S2/P3_I2_S2_genotype.tsv
D:\Research\digby_data\AIRR-seq\Human\IGH\samples/P3/P3_I3_S1/P3_I3_S1_genotype.tsv
D:\Research\digby_data\AIRR-seq\Human\IGH\samples/P3/P3_I3_S2/P3_I3_S2_genotype.tsv
D:\Research\digby_data\AIRR-seq\Human\IGH\samples/P4/P4_I10_S1/P4_I10_S1_genotype.tsv
D:\Research\digby_data\AIRR-seq\Human\IGH\samples/P4/P4_I11_S1/P4_I11_S1_genotype.tsv
D:\Research\digby_data\AIRR-seq\Human\IGH\samples/P4/P4_I12_S1/P4_I12_S1_genotype.tsv
D:\Research\digby_data\AIRR-seq\Human\IGH\samples/P4/P4_I13_S1/P4_I13_S1_genotype.tsv
D:\Research\digby_data\AIRR-seq\Human\IGH\samples/P4/P4_I14_S1/P4_I14_S1_genotype.tsv
D:\Research\digby_data\AIRR-seq\Human\IGH\samples/P4/P4_I15_S1/P4_I15_S1_genotype.tsv
D:\Research\digby_data\AIRR-seq\Human\IGH\samples/P4/P4_I16_S1/P4_I16_S1_genotype.tsv
D:\Research\digby_data\AIRR-seq\Human\IGH\samples/P4/P4_I17_S1/P4_I17_S1_genotype.tsv
D:\Research\digby_data\AIRR-seq\Human\IGH\samples/P4/P4_I18_S1/P4_I18_S1_genotype.tsv
D:\Research\digby_data\AIRR-seq\Human\IGH\samples/P4/P4_I19_S1/P4_I19_S1_genotype.tsv
D:\Research\digby_data\AIRR-seq\Human\IGH\samples/P4/P4_I1_S1/P4_I1_S1_genotype.tsv
D:\Research\digby_data\AIRR-seq\Human\IGH\samples/P4/P4_I21_S1/P4_I21_S1_genotype.tsv
D:\Research\digby_data\AIRR-seq\Human\IGH\samples/P4/P4_I22_S1/P4_I22_S1_genotype.tsv
D:\Research\digby_data\AIRR-seq\Human\IGH\samples/P4/P4_I23_S1/P4_I23_S1_genotype.tsv
D:\Research\digby_data\AIRR-seq\Human\IGH\samples/P4/P4_I24_S1/P4_I24_S1_genotype.tsv
D:\Research\digby_data\AIRR-seq\Human\IGH\samples/P4/P4_I25_S1/P4_I25_S1_genotype.tsv
D:\Research\digby_data\AIRR-seq\Human\IGH\samples/P4/P4_I26_S1/P4_I26_S1_genotype.tsv
D:\Research\digby_data\AIRR-seq\Human\IGH\samples/P4/P4_I27_S1/P4_I27_S1_genotype.tsv
D:\Research\digby_data\AIRR-seq\Human\IGH\samples/P4/P4_I28_S1/P4_I28_S1_genotype.tsv
D:\Research\digby_data\AIRR-seq\Human\IGH\samples/P4/P4_I29_S1/P4_I29_S1_genotype.tsv
D:\Research\digby_data\AIRR-seq\Human\IGH\samples/P4/P4_I2_S1/P4_I2_S1_genotype.tsv
D:\Research\digby_data\AIRR-seq\Human\IGH\samples/P4/P4_I30_S1/P4_I30_S1_genotype.tsv
D:\Research\digby_data\AIRR-seq\Human\IGH\samples/P4/P4_I31_S1/P4_I31_S1_genotype.tsv
D:\Research\digby_data\AIRR-seq\Human\IGH\samples/P4/P4_I4_S1/P4_I4_S1_genotype.tsv
D:\Research\digby_data\AIRR-seq\Human\IGH\samples/P4/P4_I5_S1/P4_I5_S1_genotype.tsv
D:\Research\digby_data\AIRR-seq\Human\IGH\samples/P4/P4_I7_S1/P4_I7_S1_genotype.tsv
D:\Research\digby_data\AIRR-seq\Human\IGH\samples/P4/P4_I8_S1/P4_I8_S1_genotype.tsv
D:\Research\digby_data\AIRR-seq\Human\IGH\samples/P4/P4_I9_S1/P4_I9_S1_genotype.tsv
D:\Research\digby_data\AIRR-seq\Human\IGH\samples/P5/P5_I10_S1/P5_I10_S1_genotype.tsv
D:\Research\digby_data\AIRR-seq\Human\IGH\samples/P5/P5_I10_S2/P5_I10_S2_genotype.tsv
D:\Research\digby_data\AIRR-seq\Human\IGH\samples/P5/P5_I10_S3/P5_I10_S3_genotype.tsv
D:\Research\digby_data\AIRR-seq\Human\IGH\samples/P5/P5_I11_S1/P5_I11_S1_genotype.tsv
D:\Research\digby_data\AIRR-seq\Human\IGH\samples/P5/P5_I11_S2/P5_I11_S2_genotype.tsv
D:\Research\digby_data\AIRR-seq\Human\IGH\samples/P5/P5_I11_S3/P5_I11_S3_genotype.tsv
D:\Research\digby_data\AIRR-seq\Human\IGH\samples/P5/P5_I12_S1/P5_I12_S1_genotype.tsv
D:\Research\digby_data\AIRR-seq\Human\IGH\samples/P5/P5_I12_S2/P5_I12_S2_genotype.tsv
D:\Research\digby_data\AIRR-seq\Human\IGH\samples/P5/P5_I12_S3/P5_I12_S3_genotype.tsv
D:\Research\digby_data\AIRR-seq\Human\IGH\samples/P5/P5_I13_S1/P5_I13_S1_genotype.tsv
D:\Research\digby_data\AIRR-seq\Human\IGH\samples/P5/P5_I13_S2/P5_I13_S2_genotype.tsv
D:\Research\digby_data\AIRR-seq\Human\IGH\samples/P5/P5_I13_S3/P5_I13_S3_genotype.tsv
D:\Research\digby_data\AIRR-seq\Human\IGH\samples/P5/P5_I14_S1/P5_I14_S1_genotype.tsv
D:\Research\digby_data\AIRR-seq\Human\IGH\samples/P5/P5_I14_S2/P5_I14_S2_genotype.tsv
D:\Research\digby_data\AIRR-seq\Human\IGH\samples/P5/P5_I14_S3/P5_I14_S3_genotype.tsv
D:\Research\digby_data\AIRR-seq\Human\IGH\samples/P5/P5_I15_S1/P5_I15_S1_genotype.tsv
D:\Research\digby_data\AIRR-seq\Human\IGH\samples/P5/P5_I15_S2/P5_I15_S2_genotype.tsv
D:\Research\digby_data\AIRR-seq\Human\IGH\samples/P5/P5_I15_S3/P5_I15_S3_genotype.tsv
D:\Research\digby_data\AIRR-seq\Human\IGH\samples/P5/P5_I16_S1/P5_I16_S1_genotype.tsv
D:\Research\digby_data\AIRR-seq\Human\IGH\samples/P5/P5_I16_S2/P5_I16_S2_genotype.tsv
D:\Research\digby_data\AIRR-seq\Human\IGH\samples/P5/P5_I16_S3/P5_I16_S3_genotype.tsv
D:\Research\digby_data\AIRR-seq\Human\IGH\samples/P5/P5_I17_S1/P5_I17_S1_genotype.tsv
D:\Research\digby_data\AIRR-seq\Human\IGH\samples/P5/P5_I17_S2/P5_I17_S2_genotype.tsv
D:\Research\digby_data\AIRR-seq\Human\IGH\samples/P5/P5_I17_S3/P5_I17_S3_genotype.tsv
D:\Research\digby_data\AIRR-seq\Human\IGH\samples/P5/P5_I18_S1/P5_I18_S1_genotype.tsv
D:\Research\digby_data\AIRR-seq\Human\IGH\samples/P5/P5_I18_S2/P5_I18_S2_genotype.tsv
D:\Research\digby_data\AIRR-seq\Human\IGH\samples/P5/P5_I18_S3/P5_I18_S3_genotype.tsv
D:\Research\digby_data\AIRR-seq\Human\IGH\samples/P5/P5_I19_S1/P5_I19_S1_genotype.tsv
D:\Research\digby_data\AIRR-seq\Human\IGH\samples/P5/P5_I19_S2/P5_I19_S2_genotype.tsv
D:\Research\digby_data\AIRR-seq\Human\IGH\samples/P5/P5_I19_S3/P5_I19_S3_genotype.tsv
D:\Research\digby_data\AIRR-seq\Human\IGH\samples/P5/P5_I1_S1/P5_I1_S1_genotype.tsv
D:\Research\digby_data\AIRR-seq\Human\IGH\samples/P5/P5_I1_S2/P5_I1_S2_genotype.tsv
D:\Research\digby_data\AIRR-seq\Human\IGH\samples/P5/P5_I1_S3/P5_I1_S3_genotype.tsv
D:\Research\digby_data\AIRR-seq\Human\IGH\samples/P5/P5_I20_S1/P5_I20_S1_genotype.tsv
D:\Research\digby_data\AIRR-seq\Human\IGH\samples/P5/P5_I20_S2/P5_I20_S2_genotype.tsv
D:\Research\digby_data\AIRR-seq\Human\IGH\samples/P5/P5_I20_S3/P5_I20_S3_genotype.tsv
D:\Research\digby_data\AIRR-seq\Human\IGH\samples/P5/P5_I21_S1/P5_I21_S1_genotype.tsv
D:\Research\digby_data\AIRR-seq\Human\IGH\samples/P5/P5_I21_S2/P5_I21_S2_genotype.tsv
D:\Research\digby_data\AIRR-seq\Human\IGH\samples/P5/P5_I21_S3/P5_I21_S3_genotype.tsv
D:\Research\digby_data\AIRR-seq\Human\IGH\samples/P5/P5_I22_S1/P5_I22_S1_genotype.tsv
D:\Research\digby_data\AIRR-seq\Human\IGH\samples/P5/P5_I22_S2/P5_I22_S2_genotype.tsv
D:\Research\digby_data\AIRR-seq\Human\IGH\samples/P5/P5_I22_S3/P5_I22_S3_genotype.tsv
D:\Research\digby_data\AIRR-seq\Human\IGH\samples/P5/P5_I23_S1/P5_I23_S1_genotype.tsv
D:\Research\digby_data\AIRR-seq\Human\IGH\samples/P5/P5_I23_S2/P5_I23_S2_genotype.tsv
D:\Research\digby_data\AIRR-seq\Human\IGH\samples/P5/P5_I23_S3/P5_I23_S3_genotype.tsv
D:\Research\digby_data\AIRR-seq\Human\IGH\samples/P5/P5_I24_S1/P5_I24_S1_genotype.tsv
D:\Research\digby_data\AIRR-seq\Human\IGH\samples/P5/P5_I24_S2/P5_I24_S2_genotype.tsv
D:\Research\digby_data\AIRR-seq\Human\IGH\samples/P5/P5_I24_S3/P5_I24_S3_genotype.tsv
D:\Research\digby_data\AIRR-seq\Human\IGH\samples/P5/P5_I25_S1/P5_I25_S1_genotype.tsv
D:\Research\digby_data\AIRR-seq\Human\IGH\samples/P5/P5_I25_S2/P5_I25_S2_genotype.tsv
D:\Research\digby_data\AIRR-seq\Human\IGH\samples/P5/P5_I25_S3/P5_I25_S3_genotype.tsv
D:\Research\digby_data\AIRR-seq\Human\IGH\samples/P5/P5_I26_S1/P5_I26_S1_genotype.tsv
D:\Research\digby_data\AIRR-seq\Human\IGH\samples/P5/P5_I26_S2/P5_I26_S2_genotype.tsv
D:\Research\digby_data\AIRR-seq\Human\IGH\samples/P5/P5_I26_S3/P5_I26_S3_genotype.tsv
D:\Research\digby_data\AIRR-seq\Human\IGH\samples/P5/P5_I27_S1/P5_I27_S1_genotype.tsv
D:\Research\digby_data\AIRR-seq\Human\IGH\samples/P5/P5_I27_S2/P5_I27_S2_genotype.tsv
D:\Research\digby_data\AIRR-seq\Human\IGH\samples/P5/P5_I27_S3/P5_I27_S3_genotype.tsv
D:\Research\digby_data\AIRR-seq\Human\IGH\samples/P5/P5_I28_S1/P5_I28_S1_genotype.tsv
D:\Research\digby_data\AIRR-seq\Human\IGH\samples/P5/P5_I28_S2/P5_I28_S2_genotype.tsv
D:\Research\digby_data\AIRR-seq\Human\IGH\samples/P5/P5_I28_S3/P5_I28_S3_genotype.tsv
D:\Research\digby_data\AIRR-seq\Human\IGH\samples/P5/P5_I29_S1/P5_I29_S1_genotype.tsv
D:\Research\digby_data\AIRR-seq\Human\IGH\samples/P5/P5_I29_S2/P5_I29_S2_genotype.tsv
D:\Research\digby_data\AIRR-seq\Human\IGH\samples/P5/P5_I29_S3/P5_I29_S3_genotype.tsv
D:\Research\digby_data\AIRR-seq\Human\IGH\samples/P5/P5_I2_S1/P5_I2_S1_genotype.tsv
D:\Research\digby_data\AIRR-seq\Human\IGH\samples/P5/P5_I2_S2/P5_I2_S2_genotype.tsv
D:\Research\digby_data\AIRR-seq\Human\IGH\samples/P5/P5_I2_S3/P5_I2_S3_genotype.tsv
D:\Research\digby_data\AIRR-seq\Human\IGH\samples/P5/P5_I30_S1/P5_I30_S1_genotype.tsv
D:\Research\digby_data\AIRR-seq\Human\IGH\samples/P5/P5_I30_S2/P5_I30_S2_genotype.tsv
D:\Research\digby_data\AIRR-seq\Human\IGH\samples/P5/P5_I30_S3/P5_I30_S3_genotype.tsv
D:\Research\digby_data\AIRR-seq\Human\IGH\samples/P5/P5_I31_S1/P5_I31_S1_genotype.tsv
D:\Research\digby_data\AIRR-seq\Human\IGH\samples/P5/P5_I31_S2/P5_I31_S2_genotype.tsv
D:\Research\digby_data\AIRR-seq\Human\IGH\samples/P5/P5_I31_S3/P5_I31_S3_genotype.tsv
D:\Research\digby_data\AIRR-seq\Human\IGH\samples/P5/P5_I32_S1/P5_I32_S1_genotype.tsv
D:\Research\digby_data\AIRR-seq\Human\IGH\samples/P5/P5_I32_S2/P5_I32_S2_genotype.tsv
D:\Research\digby_data\AIRR-seq\Human\IGH\samples/P5/P5_I32_S3/P5_I32_S3_genotype.tsv
D:\Research\digby_data\AIRR-seq\Human\IGH\samples/P5/P5_I33_S1/P5_I33_S1_genotype.tsv
D:\Research\digby_data\AIRR-seq\Human\IGH\samples/P5/P5_I33_S2/P5_I33_S2_genotype.tsv
D:\Research\digby_data\AIRR-seq\Human\IGH\samples/P5/P5_I33_S3/P5_I33_S3_genotype.tsv
D:\Research\digby_data\AIRR-seq\Human\IGH\samples/P5/P5_I34_S1/P5_I34_S1_genotype.tsv
D:\Research\digby_data\AIRR-seq\Human\IGH\samples/P5/P5_I34_S2/P5_I34_S2_genotype.tsv
D:\Research\digby_data\AIRR-seq\Human\IGH\samples/P5/P5_I34_S3/P5_I34_S3_genotype.tsv
D:\Research\digby_data\AIRR-seq\Human\IGH\samples/P5/P5_I35_S1/P5_I35_S1_genotype.tsv
D:\Research\digby_data\AIRR-seq\Human\IGH\samples/P5/P5_I35_S2/P5_I35_S2_genotype.tsv
D:\Research\digby_data\AIRR-seq\Human\IGH\samples/P5/P5_I35_S3/P5_I35_S3_genotype.tsv
D:\Research\digby_data\AIRR-seq\Human\IGH\samples/P5/P5_I36_S1/P5_I36_S1_genotype.tsv
D:\Research\digby_data\AIRR-seq\Human\IGH\samples/P5/P5_I36_S2/P5_I36_S2_genotype.tsv
D:\Research\digby_data\AIRR-seq\Human\IGH\samples/P5/P5_I36_S3/P5_I36_S3_genotype.tsv
D:\Research\digby_data\AIRR-seq\Human\IGH\samples/P5/P5_I37_S1/P5_I37_S1_genotype.tsv
D:\Research\digby_data\AIRR-seq\Human\IGH\samples/P5/P5_I37_S2/P5_I37_S2_genotype.tsv
D:\Research\digby_data\AIRR-seq\Human\IGH\samples/P5/P5_I37_S3/P5_I37_S3_genotype.tsv
D:\Research\digby_data\AIRR-seq\Human\IGH\samples/P5/P5_I38_S1/P5_I38_S1_genotype.tsv
D:\Research\digby_data\AIRR-seq\Human\IGH\samples/P5/P5_I38_S2/P5_I38_S2_genotype.tsv
D:\Research\digby_data\AIRR-seq\Human\IGH\samples/P5/P5_I38_S3/P5_I38_S3_genotype.tsv
D:\Research\digby_data\AIRR-seq\Human\IGH\samples/P5/P5_I39_S1/P5_I39_S1_genotype.tsv
D:\Research\digby_data\AIRR-seq\Human\IGH\samples/P5/P5_I39_S2/P5_I39_S2_genotype.tsv
D:\Research\digby_data\AIRR-seq\Human\IGH\samples/P5/P5_I39_S3/P5_I39_S3_genotype.tsv
D:\Research\digby_data\AIRR-seq\Human\IGH\samples/P5/P5_I3_S1/P5_I3_S1_genotype.tsv
D:\Research\digby_data\AIRR-seq\Human\IGH\samples/P5/P5_I3_S2/P5_I3_S2_genotype.tsv
D:\Research\digby_data\AIRR-seq\Human\IGH\samples/P5/P5_I3_S3/P5_I3_S3_genotype.tsv
D:\Research\digby_data\AIRR-seq\Human\IGH\samples/P5/P5_I40_S1/P5_I40_S1_genotype.tsv
D:\Research\digby_data\AIRR-seq\Human\IGH\samples/P5/P5_I40_S2/P5_I40_S2_genotype.tsv
D:\Research\digby_data\AIRR-seq\Human\IGH\samples/P5/P5_I40_S3/P5_I40_S3_genotype.tsv
D:\Research\digby_data\AIRR-seq\Human\IGH\samples/P5/P5_I41_S1/P5_I41_S1_genotype.tsv
D:\Research\digby_data\AIRR-seq\Human\IGH\samples/P5/P5_I41_S2/P5_I41_S2_genotype.tsv
D:\Research\digby_data\AIRR-seq\Human\IGH\samples/P5/P5_I41_S3/P5_I41_S3_genotype.tsv
D:\Research\digby_data\AIRR-seq\Human\IGH\samples/P5/P5_I42_S1/P5_I42_S1_genotype.tsv
D:\Research\digby_data\AIRR-seq\Human\IGH\samples/P5/P5_I42_S2/P5_I42_S2_genotype.tsv
D:\Research\digby_data\AIRR-seq\Human\IGH\samples/P5/P5_I42_S3/P5_I42_S3_genotype.tsv
D:\Research\digby_data\AIRR-seq\Human\IGH\samples/P5/P5_I43_S1/P5_I43_S1_genotype.tsv
D:\Research\digby_data\AIRR-seq\Human\IGH\samples/P5/P5_I43_S2/P5_I43_S2_genotype.tsv
D:\Research\digby_data\AIRR-seq\Human\IGH\samples/P5/P5_I43_S3/P5_I43_S3_genotype.tsv
D:\Research\digby_data\AIRR-seq\Human\IGH\samples/P5/P5_I44_S1/P5_I44_S1_genotype.tsv
D:\Research\digby_data\AIRR-seq\Human\IGH\samples/P5/P5_I44_S2/P5_I44_S2_genotype.tsv
D:\Research\digby_data\AIRR-seq\Human\IGH\samples/P5/P5_I44_S3/P5_I44_S3_genotype.tsv
D:\Research\digby_data\AIRR-seq\Human\IGH\samples/P5/P5_I45_S1/P5_I45_S1_genotype.tsv
D:\Research\digby_data\AIRR-seq\Human\IGH\samples/P5/P5_I45_S2/P5_I45_S2_genotype.tsv
D:\Research\digby_data\AIRR-seq\Human\IGH\samples/P5/P5_I45_S3/P5_I45_S3_genotype.tsv
D:\Research\digby_data\AIRR-seq\Human\IGH\samples/P5/P5_I46_S1/P5_I46_S1_genotype.tsv
D:\Research\digby_data\AIRR-seq\Human\IGH\samples/P5/P5_I46_S2/P5_I46_S2_genotype.tsv
D:\Research\digby_data\AIRR-seq\Human\IGH\samples/P5/P5_I46_S3/P5_I46_S3_genotype.tsv
D:\Research\digby_data\AIRR-seq\Human\IGH\samples/P5/P5_I4_S1/P5_I4_S1_genotype.tsv
D:\Research\digby_data\AIRR-seq\Human\IGH\samples/P5/P5_I4_S2/P5_I4_S2_genotype.tsv
D:\Research\digby_data\AIRR-seq\Human\IGH\samples/P5/P5_I4_S3/P5_I4_S3_genotype.tsv
D:\Research\digby_data\AIRR-seq\Human\IGH\samples/P5/P5_I5_S1/P5_I5_S1_genotype.tsv
D:\Research\digby_data\AIRR-seq\Human\IGH\samples/P5/P5_I5_S2/P5_I5_S2_genotype.tsv
D:\Research\digby_data\AIRR-seq\Human\IGH\samples/P5/P5_I5_S3/P5_I5_S3_genotype.tsv
D:\Research\digby_data\AIRR-seq\Human\IGH\samples/P5/P5_I6_S1/P5_I6_S1_genotype.tsv
D:\Research\digby_data\AIRR-seq\Human\IGH\samples/P5/P5_I6_S2/P5_I6_S2_genotype.tsv
D:\Research\digby_data\AIRR-seq\Human\IGH\samples/P5/P5_I6_S3/P5_I6_S3_genotype.tsv
D:\Research\digby_data\AIRR-seq\Human\IGH\samples/P5/P5_I7_S1/P5_I7_S1_genotype.tsv
D:\Research\digby_data\AIRR-seq\Human\IGH\samples/P5/P5_I7_S2/P5_I7_S2_genotype.tsv
D:\Research\digby_data\AIRR-seq\Human\IGH\samples/P5/P5_I7_S3/P5_I7_S3_genotype.tsv
D:\Research\digby_data\AIRR-seq\Human\IGH\samples/P5/P5_I8_S1/P5_I8_S1_genotype.tsv
D:\Research\digby_data\AIRR-seq\Human\IGH\samples/P5/P5_I8_S2/P5_I8_S2_genotype.tsv
D:\Research\digby_data\AIRR-seq\Human\IGH\samples/P5/P5_I8_S3/P5_I8_S3_genotype.tsv
D:\Research\digby_data\AIRR-seq\Human\IGH\samples/P5/P5_I9_S1/P5_I9_S1_genotype.tsv
D:\Research\digby_data\AIRR-seq\Human\IGH\samples/P5/P5_I9_S2/P5_I9_S2_genotype.tsv
D:\Research\digby_data\AIRR-seq\Human\IGH\samples/P5/P5_I9_S3/P5_I9_S3_genotype.tsv
D:\Research\digby_data\AIRR-seq\Human\IGH\samples/P6/P6_I100_S1/P6_I100_S1_genotype.tsv
D:\Research\digby_data\AIRR-seq\Human\IGH\samples/P6/P6_I101_S1/P6_I101_S1_genotype.tsv
D:\Research\digby_data\AIRR-seq\Human\IGH\samples/P6/P6_I102_S1/P6_I102_S1_genotype.tsv
D:\Research\digby_data\AIRR-seq\Human\IGH\samples/P6/P6_I103_S1/P6_I103_S1_genotype.tsv
D:\Research\digby_data\AIRR-seq\Human\IGH\samples/P6/P6_I104_S1/P6_I104_S1_genotype.tsv
D:\Research\digby_data\AIRR-seq\Human\IGH\samples/P6/P6_I105_S1/P6_I105_S1_genotype.tsv
D:\Research\digby_data\AIRR-seq\Human\IGH\samples/P6/P6_I106_S1/P6_I106_S1_genotype.tsv
D:\Research\digby_data\AIRR-seq\Human\IGH\samples/P6/P6_I107_S1/P6_I107_S1_genotype.tsv
D:\Research\digby_data\AIRR-seq\Human\IGH\samples/P6/P6_I108_S1/P6_I108_S1_genotype.tsv
D:\Research\digby_data\AIRR-seq\Human\IGH\samples/P6/P6_I109_S1/P6_I109_S1_genotype.tsv
D:\Research\digby_data\AIRR-seq\Human\IGH\samples/P6/P6_I10_S1/P6_I10_S1_genotype.tsv
D:\Research\digby_data\AIRR-seq\Human\IGH\samples/P6/P6_I110_S1/P6_I110_S1_genotype.tsv
D:\Research\digby_data\AIRR-seq\Human\IGH\samples/P6/P6_I111_S1/P6_I111_S1_genotype.tsv
D:\Research\digby_data\AIRR-seq\Human\IGH\samples/P6/P6_I112_S1/P6_I112_S1_genotype.tsv
D:\Research\digby_data\AIRR-seq\Human\IGH\samples/P6/P6_I113_S1/P6_I113_S1_genotype.tsv
D:\Research\digby_data\AIRR-seq\Human\IGH\samples/P6/P6_I114_S1/P6_I114_S1_genotype.tsv
D:\Research\digby_data\AIRR-seq\Human\IGH\samples/P6/P6_I11_S1/P6_I11_S1_genotype.tsv
D:\Research\digby_data\AIRR-seq\Human\IGH\samples/P6/P6_I12_S1/P6_I12_S1_genotype.tsv
D:\Research\digby_data\AIRR-seq\Human\IGH\samples/P6/P6_I13_S1/P6_I13_S1_genotype.tsv
D:\Research\digby_data\AIRR-seq\Human\IGH\samples/P6/P6_I14_S1/P6_I14_S1_genotype.tsv
D:\Research\digby_data\AIRR-seq\Human\IGH\samples/P6/P6_I15_S1/P6_I15_S1_genotype.tsv
D:\Research\digby_data\AIRR-seq\Human\IGH\samples/P6/P6_I16_S1/P6_I16_S1_genotype.tsv
D:\Research\digby_data\AIRR-seq\Human\IGH\samples/P6/P6_I17_S1/P6_I17_S1_genotype.tsv
D:\Research\digby_data\AIRR-seq\Human\IGH\samples/P6/P6_I18_S1/P6_I18_S1_genotype.tsv
D:\Research\digby_data\AIRR-seq\Human\IGH\samples/P6/P6_I19_S1/P6_I19_S1_genotype.tsv
D:\Research\digby_data\AIRR-seq\Human\IGH\samples/P6/P6_I1_S1/P6_I1_S1_genotype.tsv
D:\Research\digby_data\AIRR-seq\Human\IGH\samples/P6/P6_I20_S1/P6_I20_S1_genotype.tsv
D:\Research\digby_data\AIRR-seq\Human\IGH\samples/P6/P6_I21_S1/P6_I21_S1_genotype.tsv
D:\Research\digby_data\AIRR-seq\Human\IGH\samples/P6/P6_I22_S1/P6_I22_S1_genotype.tsv
D:\Research\digby_data\AIRR-seq\Human\IGH\samples/P6/P6_I23_S1/P6_I23_S1_genotype.tsv
D:\Research\digby_data\AIRR-seq\Human\IGH\samples/P6/P6_I24_S1/P6_I24_S1_genotype.tsv
D:\Research\digby_data\AIRR-seq\Human\IGH\samples/P6/P6_I25_S1/P6_I25_S1_genotype.tsv
D:\Research\digby_data\AIRR-seq\Human\IGH\samples/P6/P6_I26_S1/P6_I26_S1_genotype.tsv
D:\Research\digby_data\AIRR-seq\Human\IGH\samples/P6/P6_I27_S1/P6_I27_S1_genotype.tsv
D:\Research\digby_data\AIRR-seq\Human\IGH\samples/P6/P6_I28_S1/P6_I28_S1_genotype.tsv
D:\Research\digby_data\AIRR-seq\Human\IGH\samples/P6/P6_I29_S1/P6_I29_S1_genotype.tsv
D:\Research\digby_data\AIRR-seq\Human\IGH\samples/P6/P6_I2_S1/P6_I2_S1_genotype.tsv
D:\Research\digby_data\AIRR-seq\Human\IGH\samples/P6/P6_I30_S1/P6_I30_S1_genotype.tsv
D:\Research\digby_data\AIRR-seq\Human\IGH\samples/P6/P6_I31_S1/P6_I31_S1_genotype.tsv
D:\Research\digby_data\AIRR-seq\Human\IGH\samples/P6/P6_I32_S1/P6_I32_S1_genotype.tsv
D:\Research\digby_data\AIRR-seq\Human\IGH\samples/P6/P6_I33_S1/P6_I33_S1_genotype.tsv
D:\Research\digby_data\AIRR-seq\Human\IGH\samples/P6/P6_I34_S1/P6_I34_S1_genotype.tsv
D:\Research\digby_data\AIRR-seq\Human\IGH\samples/P6/P6_I35_S1/P6_I35_S1_genotype.tsv
D:\Research\digby_data\AIRR-seq\Human\IGH\samples/P6/P6_I36_S1/P6_I36_S1_genotype.tsv
D:\Research\digby_data\AIRR-seq\Human\IGH\samples/P6/P6_I37_S1/P6_I37_S1_genotype.tsv
D:\Research\digby_data\AIRR-seq\Human\IGH\samples/P6/P6_I38_S1/P6_I38_S1_genotype.tsv
D:\Research\digby_data\AIRR-seq\Human\IGH\samples/P6/P6_I39_S1/P6_I39_S1_genotype.tsv
D:\Research\digby_data\AIRR-seq\Human\IGH\samples/P6/P6_I3_S1/P6_I3_S1_genotype.tsv
D:\Research\digby_data\AIRR-seq\Human\IGH\samples/P6/P6_I40_S1/P6_I40_S1_genotype.tsv
D:\Research\digby_data\AIRR-seq\Human\IGH\samples/P6/P6_I41_S1/P6_I41_S1_genotype.tsv
D:\Research\digby_data\AIRR-seq\Human\IGH\samples/P6/P6_I42_S1/P6_I42_S1_genotype.tsv
D:\Research\digby_data\AIRR-seq\Human\IGH\samples/P6/P6_I43_S1/P6_I43_S1_genotype.tsv
D:\Research\digby_data\AIRR-seq\Human\IGH\samples/P6/P6_I44_S1/P6_I44_S1_genotype.tsv
D:\Research\digby_data\AIRR-seq\Human\IGH\samples/P6/P6_I45_S1/P6_I45_S1_genotype.tsv
D:\Research\digby_data\AIRR-seq\Human\IGH\samples/P6/P6_I46_S1/P6_I46_S1_genotype.tsv
D:\Research\digby_data\AIRR-seq\Human\IGH\samples/P6/P6_I47_S1/P6_I47_S1_genotype.tsv
D:\Research\digby_data\AIRR-seq\Human\IGH\samples/P6/P6_I48_S1/P6_I48_S1_genotype.tsv
D:\Research\digby_data\AIRR-seq\Human\IGH\samples/P6/P6_I49_S1/P6_I49_S1_genotype.tsv
D:\Research\digby_data\AIRR-seq\Human\IGH\samples/P6/P6_I4_S1/P6_I4_S1_genotype.tsv
D:\Research\digby_data\AIRR-seq\Human\IGH\samples/P6/P6_I50_S1/P6_I50_S1_genotype.tsv
D:\Research\digby_data\AIRR-seq\Human\IGH\samples/P6/P6_I51_S1/P6_I51_S1_genotype.tsv
D:\Research\digby_data\AIRR-seq\Human\IGH\samples/P6/P6_I52_S1/P6_I52_S1_genotype.tsv
D:\Research\digby_data\AIRR-seq\Human\IGH\samples/P6/P6_I53_S1/P6_I53_S1_genotype.tsv
D:\Research\digby_data\AIRR-seq\Human\IGH\samples/P6/P6_I54_S1/P6_I54_S1_genotype.tsv
D:\Research\digby_data\AIRR-seq\Human\IGH\samples/P6/P6_I55_S1/P6_I55_S1_genotype.tsv
D:\Research\digby_data\AIRR-seq\Human\IGH\samples/P6/P6_I56_S1/P6_I56_S1_genotype.tsv
D:\Research\digby_data\AIRR-seq\Human\IGH\samples/P6/P6_I57_S1/P6_I57_S1_genotype.tsv
D:\Research\digby_data\AIRR-seq\Human\IGH\samples/P6/P6_I58_S1/P6_I58_S1_genotype.tsv
D:\Research\digby_data\AIRR-seq\Human\IGH\samples/P6/P6_I59_S1/P6_I59_S1_genotype.tsv
D:\Research\digby_data\AIRR-seq\Human\IGH\samples/P6/P6_I5_S1/P6_I5_S1_genotype.tsv
D:\Research\digby_data\AIRR-seq\Human\IGH\samples/P6/P6_I60_S1/P6_I60_S1_genotype.tsv
D:\Research\digby_data\AIRR-seq\Human\IGH\samples/P6/P6_I61_S1/P6_I61_S1_genotype.tsv
D:\Research\digby_data\AIRR-seq\Human\IGH\samples/P6/P6_I62_S1/P6_I62_S1_genotype.tsv
D:\Research\digby_data\AIRR-seq\Human\IGH\samples/P6/P6_I63_S1/P6_I63_S1_genotype.tsv
D:\Research\digby_data\AIRR-seq\Human\IGH\samples/P6/P6_I64_S1/P6_I64_S1_genotype.tsv
D:\Research\digby_data\AIRR-seq\Human\IGH\samples/P6/P6_I65_S1/P6_I65_S1_genotype.tsv
D:\Research\digby_data\AIRR-seq\Human\IGH\samples/P6/P6_I66_S1/P6_I66_S1_genotype.tsv
D:\Research\digby_data\AIRR-seq\Human\IGH\samples/P6/P6_I67_S1/P6_I67_S1_genotype.tsv
D:\Research\digby_data\AIRR-seq\Human\IGH\samples/P6/P6_I68_S1/P6_I68_S1_genotype.tsv
D:\Research\digby_data\AIRR-seq\Human\IGH\samples/P6/P6_I69_S1/P6_I69_S1_genotype.tsv
D:\Research\digby_data\AIRR-seq\Human\IGH\samples/P6/P6_I6_S1/P6_I6_S1_genotype.tsv
D:\Research\digby_data\AIRR-seq\Human\IGH\samples/P6/P6_I70_S1/P6_I70_S1_genotype.tsv
D:\Research\digby_data\AIRR-seq\Human\IGH\samples/P6/P6_I71_S1/P6_I71_S1_genotype.tsv
D:\Research\digby_data\AIRR-seq\Human\IGH\samples/P6/P6_I72_S1/P6_I72_S1_genotype.tsv
D:\Research\digby_data\AIRR-seq\Human\IGH\samples/P6/P6_I73_S1/P6_I73_S1_genotype.tsv
D:\Research\digby_data\AIRR-seq\Human\IGH\samples/P6/P6_I74_S1/P6_I74_S1_genotype.tsv
D:\Research\digby_data\AIRR-seq\Human\IGH\samples/P6/P6_I75_S1/P6_I75_S1_genotype.tsv
D:\Research\digby_data\AIRR-seq\Human\IGH\samples/P6/P6_I76_S1/P6_I76_S1_genotype.tsv
D:\Research\digby_data\AIRR-seq\Human\IGH\samples/P6/P6_I77_S1/P6_I77_S1_genotype.tsv
D:\Research\digby_data\AIRR-seq\Human\IGH\samples/P6/P6_I78_S1/P6_I78_S1_genotype.tsv
D:\Research\digby_data\AIRR-seq\Human\IGH\samples/P6/P6_I79_S1/P6_I79_S1_genotype.tsv
D:\Research\digby_data\AIRR-seq\Human\IGH\samples/P6/P6_I7_S1/P6_I7_S1_genotype.tsv
D:\Research\digby_data\AIRR-seq\Human\IGH\samples/P6/P6_I80_S1/P6_I80_S1_genotype.tsv
D:\Research\digby_data\AIRR-seq\Human\IGH\samples/P6/P6_I81_S1/P6_I81_S1_genotype.tsv
D:\Research\digby_data\AIRR-seq\Human\IGH\samples/P6/P6_I82_S1/P6_I82_S1_genotype.tsv
D:\Research\digby_data\AIRR-seq\Human\IGH\samples/P6/P6_I83_S1/P6_I83_S1_genotype.tsv
D:\Research\digby_data\AIRR-seq\Human\IGH\samples/P6/P6_I84_S1/P6_I84_S1_genotype.tsv
D:\Research\digby_data\AIRR-seq\Human\IGH\samples/P6/P6_I85_S1/P6_I85_S1_genotype.tsv
D:\Research\digby_data\AIRR-seq\Human\IGH\samples/P6/P6_I86_S1/P6_I86_S1_genotype.tsv
D:\Research\digby_data\AIRR-seq\Human\IGH\samples/P6/P6_I87_S1/P6_I87_S1_genotype.tsv
D:\Research\digby_data\AIRR-seq\Human\IGH\samples/P6/P6_I88_S1/P6_I88_S1_genotype.tsv
D:\Research\digby_data\AIRR-seq\Human\IGH\samples/P6/P6_I89_S1/P6_I89_S1_genotype.tsv
D:\Research\digby_data\AIRR-seq\Human\IGH\samples/P6/P6_I8_S1/P6_I8_S1_genotype.tsv
D:\Research\digby_data\AIRR-seq\Human\IGH\samples/P6/P6_I90_S1/P6_I90_S1_genotype.tsv
D:\Research\digby_data\AIRR-seq\Human\IGH\samples/P6/P6_I91_S1/P6_I91_S1_genotype.tsv
D:\Research\digby_data\AIRR-seq\Human\IGH\samples/P6/P6_I92_S1/P6_I92_S1_genotype.tsv
D:\Research\digby_data\AIRR-seq\Human\IGH\samples/P6/P6_I93_S1/P6_I93_S1_genotype.tsv
D:\Research\digby_data\AIRR-seq\Human\IGH\samples/P6/P6_I94_S1/P6_I94_S1_genotype.tsv
D:\Research\digby_data\AIRR-seq\Human\IGH\samples/P6/P6_I95_S1/P6_I95_S1_genotype.tsv
D:\Research\digby_data\AIRR-seq\Human\IGH\samples/P6/P6_I96_S1/P6_I96_S1_genotype.tsv
D:\Research\digby_data\AIRR-seq\Human\IGH\samples/P6/P6_I97_S1/P6_I97_S1_genotype.tsv
D:\Research\digby_data\AIRR-seq\Human\IGH\samples/P6/P6_I98_S1/P6_I98_S1_genotype.tsv
D:\Research\digby_data\AIRR-seq\Human\IGH\samples/P6/P6_I99_S1/P6_I99_S1_genotype.tsv
D:\Research\digby_data\AIRR-seq\Human\IGH\samples/P6/P6_I9_S1/P6_I9_S1_genotype.tsv
D:\Research\digby_data\AIRR-seq\Human\IGH\samples/P7/P7_I1_S1/P7_I1_S1_genotype.tsv
D:\Research\digby_data\AIRR-seq\Human\IGH\samples/P7/P7_I1_S2/P7_I1_S2_genotype.tsv
D:\Research\digby_data\AIRR-seq\Human\IGH\samples/P7/P7_I1_S3/P7_I1_S3_genotype.tsv
D:\Research\digby_data\AIRR-seq\Human\IGH\samples/P7/P7_I2_S1/P7_I2_S1_genotype.tsv
D:\Research\digby_data\AIRR-seq\Human\IGH\samples/P7/P7_I2_S2/P7_I2_S2_genotype.tsv
D:\Research\digby_data\AIRR-seq\Human\IGH\samples/P7/P7_I2_S3/P7_I2_S3_genotype.tsv
D:\Research\digby_data\AIRR-seq\Human\IGH\samples/P7/P7_I3_S1/P7_I3_S1_genotype.tsv
D:\Research\digby_data\AIRR-seq\Human\IGH\samples/P7/P7_I3_S2/P7_I3_S2_genotype.tsv
D:\Research\digby_data\AIRR-seq\Human\IGH\samples/P7/P7_I3_S3/P7_I3_S3_genotype.tsv
D:\Research\digby_data\AIRR-seq\Human\IGH\samples/P7/P7_I4_S1/P7_I4_S1_genotype.tsv
D:\Research\digby_data\AIRR-seq\Human\IGH\samples/P7/P7_I4_S2/P7_I4_S2_genotype.tsv
D:\Research\digby_data\AIRR-seq\Human\IGH\samples/P7/P7_I4_S3/P7_I4_S3_genotype.tsv
D:\Research\digby_data\AIRR-seq\Human\IGH\samples/P7/P7_I5_S1/P7_I5_S1_genotype.tsv
D:\Research\digby_data\AIRR-seq\Human\IGH\samples/P7/P7_I5_S2/P7_I5_S2_genotype.tsv
D:\Research\digby_data\AIRR-seq\Human\IGH\samples/P7/P7_I5_S3/P7_I5_S3_genotype.tsv
D:\Research\digby_data\AIRR-seq\Human\IGH\samples/P7/P7_I6_S1/P7_I6_S1_genotype.tsv
D:\Research\digby_data\AIRR-seq\Human\IGH\samples/P7/P7_I6_S2/P7_I6_S2_genotype.tsv
D:\Research\digby_data\AIRR-seq\Human\IGH\samples/P7/P7_I6_S3/P7_I6_S3_genotype.tsv
D:\Research\digby_data\AIRR-seq\Human\IGH\samples/P7/P7_I7_S1/P7_I7_S1_genotype.tsv
D:\Research\digby_data\AIRR-seq\Human\IGH\samples/P7/P7_I7_S2/P7_I7_S2_genotype.tsv
D:\Research\digby_data\AIRR-seq\Human\IGH\samples/P7/P7_I7_S3/P7_I7_S3_genotype.tsv
D:\Research\digby_data\AIRR-seq\Human\IGH\samples/P8/P8_I10_S1/P8_I10_S1_genotype.tsv
D:\Research\digby_data\AIRR-seq\Human\IGH\samples/P8/P8_I1_S1/P8_I1_S1_genotype.tsv
D:\Research\digby_data\AIRR-seq\Human\IGH\samples/P8/P8_I2_S1/P8_I2_S1_genotype.tsv
D:\Research\digby_data\AIRR-seq\Human\IGH\samples/P8/P8_I3_S1/P8_I3_S1_genotype.tsv
D:\Research\digby_data\AIRR-seq\Human\IGH\samples/P8/P8_I4_S1/P8_I4_S1_genotype.tsv
D:\Research\digby_data\AIRR-seq\Human\IGH\samples/P8/P8_I5_S1/P8_I5_S1_genotype.tsv
D:\Research\digby_data\AIRR-seq\Human\IGH\samples/P8/P8_I6_S1/P8_I6_S1_genotype.tsv
D:\Research\digby_data\AIRR-seq\Human\IGH\samples/P8/P8_I7_S1/P8_I7_S1_genotype.tsv
D:\Research\digby_data\AIRR-seq\Human\IGH\samples/P8/P8_I8_S1/P8_I8_S1_genotype.tsv
D:\Research\digby_data\AIRR-seq\Human\IGH\samples/P8/P8_I9_S1/P8_I9_S1_genotype.tsv
D:\Research\digby_data\AIRR-seq\Human\IGH\samples/P9/P9_I10_S1/P9_I10_S1_genotype.tsv
D:\Research\digby_data\AIRR-seq\Human\IGH\samples/P9/P9_I10_S2/P9_I10_S2_genotype.tsv
D:\Research\digby_data\AIRR-seq\Human\IGH\samples/P9/P9_I10_S3/P9_I10_S3_genotype.tsv
D:\Research\digby_data\AIRR-seq\Human\IGH\samples/P9/P9_I11_S1/P9_I11_S1_genotype.tsv
D:\Research\digby_data\AIRR-seq\Human\IGH\samples/P9/P9_I11_S2/P9_I11_S2_genotype.tsv
D:\Research\digby_data\AIRR-seq\Human\IGH\samples/P9/P9_I11_S3/P9_I11_S3_genotype.tsv
D:\Research\digby_data\AIRR-seq\Human\IGH\samples/P9/P9_I12_S1/P9_I12_S1_genotype.tsv
D:\Research\digby_data\AIRR-seq\Human\IGH\samples/P9/P9_I12_S2/P9_I12_S2_genotype.tsv
D:\Research\digby_data\AIRR-seq\Human\IGH\samples/P9/P9_I12_S3/P9_I12_S3_genotype.tsv
D:\Research\digby_data\AIRR-seq\Human\IGH\samples/P9/P9_I13_S1/P9_I13_S1_genotype.tsv
D:\Research\digby_data\AIRR-seq\Human\IGH\samples/P9/P9_I13_S2/P9_I13_S2_genotype.tsv
D:\Research\digby_data\AIRR-seq\Human\IGH\samples/P9/P9_I13_S3/P9_I13_S3_genotype.tsv
D:\Research\digby_data\AIRR-seq\Human\IGH\samples/P9/P9_I14_S1/P9_I14_S1_genotype.tsv
D:\Research\digby_data\AIRR-seq\Human\IGH\samples/P9/P9_I14_S2/P9_I14_S2_genotype.tsv
D:\Research\digby_data\AIRR-seq\Human\IGH\samples/P9/P9_I14_S3/P9_I14_S3_genotype.tsv
D:\Research\digby_data\AIRR-seq\Human\IGH\samples/P9/P9_I15_S2/P9_I15_S2_genotype.tsv
D:\Research\digby_data\AIRR-seq\Human\IGH\samples/P9/P9_I16_S2/P9_I16_S2_genotype.tsv
D:\Research\digby_data\AIRR-seq\Human\IGH\samples/P9/P9_I16_S3/P9_I16_S3_genotype.tsv
D:\Research\digby_data\AIRR-seq\Human\IGH\samples/P9/P9_I17_S1/P9_I17_S1_genotype.tsv
D:\Research\digby_data\AIRR-seq\Human\IGH\samples/P9/P9_I17_S2/P9_I17_S2_genotype.tsv
D:\Research\digby_data\AIRR-seq\Human\IGH\samples/P9/P9_I17_S3/P9_I17_S3_genotype.tsv
D:\Research\digby_data\AIRR-seq\Human\IGH\samples/P9/P9_I18_S1/P9_I18_S1_genotype.tsv
D:\Research\digby_data\AIRR-seq\Human\IGH\samples/P9/P9_I18_S2/P9_I18_S2_genotype.tsv
D:\Research\digby_data\AIRR-seq\Human\IGH\samples/P9/P9_I18_S3/P9_I18_S3_genotype.tsv
D:\Research\digby_data\AIRR-seq\Human\IGH\samples/P9/P9_I19_S1/P9_I19_S1_genotype.tsv
D:\Research\digby_data\AIRR-seq\Human\IGH\samples/P9/P9_I19_S2/P9_I19_S2_genotype.tsv
D:\Research\digby_data\AIRR-seq\Human\IGH\samples/P9/P9_I19_S3/P9_I19_S3_genotype.tsv
D:\Research\digby_data\AIRR-seq\Human\IGH\samples/P9/P9_I1_S1/P9_I1_S1_genotype.tsv
D:\Research\digby_data\AIRR-seq\Human\IGH\samples/P9/P9_I1_S2/P9_I1_S2_genotype.tsv
D:\Research\digby_data\AIRR-seq\Human\IGH\samples/P9/P9_I1_S3/P9_I1_S3_genotype.tsv
D:\Research\digby_data\AIRR-seq\Human\IGH\samples/P9/P9_I2_S1/P9_I2_S1_genotype.tsv
D:\Research\digby_data\AIRR-seq\Human\IGH\samples/P9/P9_I2_S2/P9_I2_S2_genotype.tsv
D:\Research\digby_data\AIRR-seq\Human\IGH\samples/P9/P9_I2_S3/P9_I2_S3_genotype.tsv
D:\Research\digby_data\AIRR-seq\Human\IGH\samples/P9/P9_I3_S1/P9_I3_S1_genotype.tsv
D:\Research\digby_data\AIRR-seq\Human\IGH\samples/P9/P9_I3_S2/P9_I3_S2_genotype.tsv
D:\Research\digby_data\AIRR-seq\Human\IGH\samples/P9/P9_I3_S3/P9_I3_S3_genotype.tsv
D:\Research\digby_data\AIRR-seq\Human\IGH\samples/P9/P9_I4_S1/P9_I4_S1_genotype.tsv
D:\Research\digby_data\AIRR-seq\Human\IGH\samples/P9/P9_I4_S2/P9_I4_S2_genotype.tsv
D:\Research\digby_data\AIRR-seq\Human\IGH\samples/P9/P9_I4_S3/P9_I4_S3_genotype.tsv
D:\Research\digby_data\AIRR-seq\Human\IGH\samples/P9/P9_I5_S1/P9_I5_S1_genotype.tsv
D:\Research\digby_data\AIRR-seq\Human\IGH\samples/P9/P9_I5_S2/P9_I5_S2_genotype.tsv
D:\Research\digby_data\AIRR-seq\Human\IGH\samples/P9/P9_I5_S3/P9_I5_S3_genotype.tsv
D:\Research\digby_data\AIRR-seq\Human\IGH\samples/P9/P9_I6_S1/P9_I6_S1_genotype.tsv
D:\Research\digby_data\AIRR-seq\Human\IGH\samples/P9/P9_I6_S2/P9_I6_S2_genotype.tsv
D:\Research\digby_data\AIRR-seq\Human\IGH\samples/P9/P9_I6_S3/P9_I6_S3_genotype.tsv
D:\Research\digby_data\AIRR-seq\Human\IGH\samples/P9/P9_I7_S1/P9_I7_S1_genotype.tsv
D:\Research\digby_data\AIRR-seq\Human\IGH\samples/P9/P9_I7_S2/P9_I7_S2_genotype.tsv
D:\Research\digby_data\AIRR-seq\Human\IGH\samples/P9/P9_I7_S3/P9_I7_S3_genotype.tsv
D:\Research\digby_data\AIRR-seq\Human\IGH\samples/P9/P9_I8_S1/P9_I8_S1_genotype.tsv
D:\Research\digby_data\AIRR-seq\Human\IGH\samples/P9/P9_I8_S2/P9_I8_S2_genotype.tsv
D:\Research\digby_data\AIRR-seq\Human\IGH\samples/P9/P9_I8_S3/P9_I8_S3_genotype.tsv
D:\Research\digby_data\AIRR-seq\Human\IGH\samples/P9/P9_I9_S1/P9_I9_S1_genotype.tsv
D:\Research\digby_data\AIRR-seq\Human\IGH\samples/P9/P9_I9_S2/P9_I9_S2_genotype.tsv
D:\Research\digby_data\AIRR-seq\Human\IGH\samples/P9/P9_I9_S3/P9_I9_S3_genotype.tsv
status: Processing haplotypes
No genotype report for sample P4_I20_S1
No genotype report for sample P4_I3_S1
No genotype report for sample P4_I6_S1
No genotype report for sample P9_I16_S1
status: Analyzing allele appearances
status: Calculating gene frequencies
skipping genotype processing for sample P4_I20_S1 - no file
skipping genotype processing for sample P4_I3_S1 - no file
skipping genotype processing for sample P4_I6_S1 - no file
skipping genotype processing for sample P9_I16_S1 - no file
status: Calculating patterns
status: Creating confidence reports
samples/P1/P1_I100_S1/P1_I100_S1_gene-IGHD2-8-01_02_haplotype.tsv
samples/P1/P1_I100_S1/P1_I100_S1_gene-IGHJ6-02_03_haplotype.tsv
samples/P1/P1_I10_S1/P1_I10_S1_gene-IGHJ6-02_03_haplotype.tsv
samples/P1/P1_I12_S1/P1_I12_S1_gene-IGHJ6-02_03_haplotype.tsv
samples/P1/P1_I15_S1/P1_I15_S1_gene-IGHJ6-02_03_haplotype.tsv
samples/P1/P1_I17_S1/P1_I17_S1_gene-IGHD2-21-01_02_haplotype.tsv
samples/P1/P1_I21_S1/P1_I21_S1_gene-IGHD2-21-01_02_haplotype.tsv
samples/P1/P1_I21_S1/P1_I21_S1_gene-IGHD2-8-01_02_haplotype.tsv
samples/P1/P1_I22_S1/P1_I22_S1_gene-IGHJ6-02_03_haplotype.tsv
samples/P1/P1_I23_S1/P1_I23_S1_gene-IGHJ6-02_03_haplotype.tsv
samples/P1/P1_I24_S1/P1_I24_S1_gene-IGHD2-21-01_02_haplotype.tsv
samples/P1/P1_I24_S1/P1_I24_S1_gene-IGHJ6-02_03_haplotype.tsv
samples/P1/P1_I27_S1/P1_I27_S1_gene-IGHD2-8-01_02_haplotype.tsv
samples/P1/P1_I27_S1/P1_I27_S1_gene-IGHJ6-02_03_haplotype.tsv
samples/P1/P1_I28_S1/P1_I28_S1_gene-IGHD2-21-01_02_haplotype.tsv
samples/P1/P1_I29_S1/P1_I29_S1_gene-IGHJ6-02_03_haplotype.tsv
samples/P1/P1_I2_S1/P1_I2_S1_gene-IGHD2-21-01_02_haplotype.tsv
samples/P1/P1_I32_S1/P1_I32_S1_gene-IGHD2-21-01_02_haplotype.tsv
samples/P1/P1_I32_S1/P1_I32_S1_gene-IGHJ6-02_03_haplotype.tsv
samples/P1/P1_I33_S1/P1_I33_S1_gene-IGHJ6-02_03_haplotype.tsv
samples/P1/P1_I34_S1/P1_I34_S1_gene-IGHD2-21-01_02_haplotype.tsv
samples/P1/P1_I35_S1/P1_I35_S1_gene-IGHD2-21-01_02_haplotype.tsv
samples/P1/P1_I35_S1/P1_I35_S1_gene-IGHD2-8-01_02_haplotype.tsv
samples/P1/P1_I39_S1/P1_I39_S1_gene-IGHJ6-02_03_haplotype.tsv
samples/P1/P1_I40_S1/P1_I40_S1_gene-IGHJ6-02_03_haplotype.tsv
samples/P1/P1_I41_S1/P1_I41_S1_gene-IGHJ6-02_03_haplotype.tsv
samples/P1/P1_I42_S1/P1_I42_S1_gene-IGHD2-21-01_02_haplotype.tsv
samples/P1/P1_I42_S1/P1_I42_S1_gene-IGHD2-8-01_02_haplotype.tsv
samples/P1/P1_I43_S1/P1_I43_S1_gene-IGHD2-21-01_02_haplotype.tsv
samples/P1/P1_I43_S1/P1_I43_S1_gene-IGHJ6-02_03_haplotype.tsv
samples/P1/P1_I45_S1/P1_I45_S1_gene-IGHD2-21-01_02_haplotype.tsv
samples/P1/P1_I45_S1/P1_I45_S1_gene-IGHD2-8-01_02_haplotype.tsv
samples/P1/P1_I46_S1/P1_I46_S1_gene-IGHD2-21-01_02_haplotype.tsv
samples/P1/P1_I46_S1/P1_I46_S1_gene-IGHJ6-02_03_haplotype.tsv
samples/P1/P1_I47_S1/P1_I47_S1_gene-IGHJ6-02_03_haplotype.tsv
samples/P1/P1_I49_S1/P1_I49_S1_gene-IGHD2-8-01_02_haplotype.tsv
samples/P1/P1_I49_S1/P1_I49_S1_gene-IGHJ6-02_03_haplotype.tsv
samples/P1/P1_I52_S1/P1_I52_S1_gene-IGHD2-21-01_02_haplotype.tsv
samples/P1/P1_I52_S1/P1_I52_S1_gene-IGHJ6-02_03_haplotype.tsv
samples/P1/P1_I56_S1/P1_I56_S1_gene-IGHJ6-02_03_haplotype.tsv
samples/P1/P1_I57_S1/P1_I57_S1_gene-IGHJ6-02_03_haplotype.tsv
samples/P1/P1_I58_S1/P1_I58_S1_gene-IGHD2-21-01_02_haplotype.tsv
samples/P1/P1_I58_S1/P1_I58_S1_gene-IGHJ6-02_03_haplotype.tsv
samples/P1/P1_I5_S1/P1_I5_S1_gene-IGHD2-21-01_02_haplotype.tsv
samples/P1/P1_I61_S1/P1_I61_S1_gene-IGHD2-21-01_02_haplotype.tsv
samples/P1/P1_I61_S1/P1_I61_S1_gene-IGHJ6-02_03_haplotype.tsv
samples/P1/P1_I67_S1/P1_I67_S1_gene-IGHJ6-02_03_haplotype.tsv
samples/P1/P1_I68_S1/P1_I68_S1_gene-IGHD2-21-01_02_haplotype.tsv
samples/P1/P1_I68_S1/P1_I68_S1_gene-IGHD2-8-01_02_haplotype.tsv
samples/P1/P1_I69_S1/P1_I69_S1_gene-IGHD2-8-01_02_haplotype.tsv
samples/P1/P1_I69_S1/P1_I69_S1_gene-IGHJ6-03_04_haplotype.tsv
samples/P1/P1_I70_S1/P1_I70_S1_gene-IGHJ6-02_03_haplotype.tsv
samples/P1/P1_I71_S1/P1_I71_S1_gene-IGHD2-21-01_02_haplotype.tsv
samples/P1/P1_I71_S1/P1_I71_S1_gene-IGHD2-8-01_02_haplotype.tsv
samples/P1/P1_I73_S1/P1_I73_S1_gene-IGHJ6-02_03_haplotype.tsv
samples/P1/P1_I75_S1/P1_I75_S1_gene-IGHD2-21-01_02_haplotype.tsv
samples/P1/P1_I75_S1/P1_I75_S1_gene-IGHD2-8-01_02_haplotype.tsv
samples/P1/P1_I76_S1/P1_I76_S1_gene-IGHD2-21-01_02_haplotype.tsv
samples/P1/P1_I76_S1/P1_I76_S1_gene-IGHJ6-02_03_haplotype.tsv
samples/P1/P1_I79_S1/P1_I79_S1_gene-IGHD2-21-01_02_haplotype.tsv
samples/P1/P1_I79_S1/P1_I79_S1_gene-IGHD2-8-01_02_haplotype.tsv
samples/P1/P1_I7_S1/P1_I7_S1_gene-IGHD2-21-01_02_haplotype.tsv
samples/P1/P1_I81_S1/P1_I81_S1_gene-IGHD2-8-01_02_haplotype.tsv
samples/P1/P1_I81_S1/P1_I81_S1_gene-IGHJ6-02_03_haplotype.tsv
samples/P1/P1_I82_S1/P1_I82_S1_gene-IGHD2-21-01_02_haplotype.tsv
samples/P1/P1_I82_S1/P1_I82_S1_gene-IGHD2-8-01_02_haplotype.tsv
samples/P1/P1_I86_S1/P1_I86_S1_gene-IGHD2-21-01_02_haplotype.tsv
samples/P1/P1_I86_S1/P1_I86_S1_gene-IGHJ6-02_03_haplotype.tsv
samples/P1/P1_I87_S1/P1_I87_S1_gene-IGHD2-21-01_02_haplotype.tsv
samples/P1/P1_I88_S1/P1_I88_S1_gene-IGHD2-21-01_02_haplotype.tsv
samples/P1/P1_I88_S1/P1_I88_S1_gene-IGHJ6-02_03_haplotype.tsv
samples/P1/P1_I8_S1/P1_I8_S1_gene-IGHD2-21-01_02_haplotype.tsv
samples/P1/P1_I8_S1/P1_I8_S1_gene-IGHD2-8-01_02_haplotype.tsv
samples/P1/P1_I90_S1/P1_I90_S1_gene-IGHJ6-02_03_haplotype.tsv
samples/P1/P1_I91_S1/P1_I91_S1_gene-IGHD2-21-01_02_haplotype.tsv
samples/P1/P1_I91_S1/P1_I91_S1_gene-IGHJ6-02_03_haplotype.tsv
samples/P1/P1_I92_S1/P1_I92_S1_gene-IGHJ6-02_03_haplotype.tsv
samples/P1/P1_I93_S1/P1_I93_S1_gene-IGHJ6-02_03_haplotype.tsv
samples/P1/P1_I96_S1/P1_I96_S1_gene-IGHD2-21-01_02_haplotype.tsv
samples/P1/P1_I97_S1/P1_I97_S1_gene-IGHD2-21-01_02_haplotype.tsv
samples/P1/P1_I98_S1/P1_I98_S1_gene-IGHJ6-02_03_haplotype.tsv
samples/P1/P1_I99_S1/P1_I99_S1_gene-IGHD2-21-01_02_haplotype.tsv
samples/P1/P1_I99_S1/P1_I99_S1_gene-IGHD2-8-01_02_haplotype.tsv
samples/P1/P1_I9_S1/P1_I9_S1_gene-IGHD2-21-01_02_haplotype.tsv
samples/P1/P1_I9_S1/P1_I9_S1_gene-IGHD2-8-01_02_haplotype.tsv
samples/P10/P10_I2_S1/P10_I2_S1_gene-IGHD2-8-01_02_haplotype.tsv
samples/P10/P10_I2_S2/P10_I2_S2_gene-IGHD2-8-01_02_haplotype.tsv
samples/P10/P10_I3_S1/P10_I3_S1_gene-IGHD2-8-01_02_haplotype.tsv
samples/P10/P10_I3_S2/P10_I3_S2_gene-IGHD2-8-01_02_haplotype.tsv
samples/P10/P10_I4_S1/P10_I4_S1_gene-IGHD2-8-01_02_haplotype.tsv
samples/P10/P10_I4_S2/P10_I4_S2_gene-IGHD2-8-01_02_haplotype.tsv
samples/P10/P10_I5_S1/P10_I5_S1_gene-IGHD2-8-01_02_haplotype.tsv
samples/P10/P10_I5_S2/P10_I5_S2_gene-IGHD2-21-01_02_haplotype.tsv
either/or format in IGHV1-69*01_12 ignored
samples/P11/P11_I10_S1/P11_I10_S1_gene-IGHJ6-02_03_haplotype.tsv
samples/P11/P11_I11_S1/P11_I11_S1_gene-IGHJ6-02_03_haplotype.tsv
samples/P11/P11_I12_S1/P11_I12_S1_gene-IGHJ6-02_03_haplotype.tsv
samples/P11/P11_I13_S1/P11_I13_S1_gene-IGHD2-21-01_02_haplotype.tsv
samples/P11/P11_I13_S1/P11_I13_S1_gene-IGHJ6-02_03_haplotype.tsv
samples/P11/P11_I14_S1/P11_I14_S1_gene-IGHD2-21-01_02_haplotype.tsv
samples/P11/P11_I15_S1/P11_I15_S1_gene-IGHD2-21-01_02_haplotype.tsv
samples/P11/P11_I15_S1/P11_I15_S1_gene-IGHJ6-02_03_haplotype.tsv
samples/P11/P11_I16_S1/P11_I16_S1_gene-IGHD2-21-01_02_haplotype.tsv
samples/P11/P11_I16_S1/P11_I16_S1_gene-IGHJ6-02_03_haplotype.tsv
samples/P11/P11_I17_S1/P11_I17_S1_gene-IGHJ6-02_03_haplotype.tsv
samples/P11/P11_I18_S1/P11_I18_S1_gene-IGHJ6-02_03_haplotype.tsv
samples/P11/P11_I20_S1/P11_I20_S1_gene-IGHJ6-02_03_haplotype.tsv
samples/P11/P11_I21_S1/P11_I21_S1_gene-IGHJ6-02_03_haplotype.tsv
samples/P11/P11_I22_S1/P11_I22_S1_gene-IGHD2-21-01_02_haplotype.tsv
samples/P11/P11_I25_S1/P11_I25_S1_gene-IGHD2-21-01_02_haplotype.tsv
samples/P11/P11_I26_S1/P11_I26_S1_gene-IGHJ6-02_03_haplotype.tsv
samples/P11/P11_I28_S1/P11_I28_S1_gene-IGHD2-8-01_02_haplotype.tsv
samples/P11/P11_I28_S1/P11_I28_S1_gene-IGHJ6-02_03_haplotype.tsv
samples/P11/P11_I29_S1/P11_I29_S1_gene-IGHJ6-02_03_haplotype.tsv
samples/P11/P11_I2_S1/P11_I2_S1_gene-IGHD2-8-01_02_haplotype.tsv
samples/P11/P11_I2_S1/P11_I2_S1_gene-IGHJ6-02_03_haplotype.tsv
either/or format in IGHV4-28*01_03 ignored
samples/P11/P11_I30_S1/P11_I30_S1_gene-IGHD2-21-01_02_haplotype.tsv
samples/P11/P11_I30_S1/P11_I30_S1_gene-IGHJ6-02_03_haplotype.tsv
samples/P11/P11_I34_S1/P11_I34_S1_gene-IGHJ6-02_03_haplotype.tsv
samples/P11/P11_I35_S1/P11_I35_S1_gene-IGHJ6-02_03_haplotype.tsv
samples/P11/P11_I37_S1/P11_I37_S1_gene-IGHD2-21-01_02_haplotype.tsv
samples/P11/P11_I39_S1/P11_I39_S1_gene-IGHD2-21-01_02_haplotype.tsv
samples/P11/P11_I39_S1/P11_I39_S1_gene-IGHJ6-02_03_haplotype.tsv
samples/P11/P11_I3_S1/P11_I3_S1_gene-IGHJ6-02_03_haplotype.tsv
samples/P11/P11_I40_S1/P11_I40_S1_gene-IGHD2-21-01_02_haplotype.tsv
samples/P11/P11_I40_S1/P11_I40_S1_gene-IGHJ6-02_03_haplotype.tsv
samples/P11/P11_I41_S1/P11_I41_S1_gene-IGHJ6-02_03_haplotype.tsv
samples/P11/P11_I43_S1/P11_I43_S1_gene-IGHD2-21-01_02_haplotype.tsv
samples/P11/P11_I43_S1/P11_I43_S1_gene-IGHD2-8-01_02_haplotype.tsv
samples/P11/P11_I43_S1/P11_I43_S1_gene-IGHJ6-02_03_haplotype.tsv
samples/P11/P11_I4_S1/P11_I4_S1_gene-IGHD2-21-01_02_haplotype.tsv
samples/P11/P11_I4_S1/P11_I4_S1_gene-IGHJ6-02_03_haplotype.tsv
samples/P11/P11_I5_S1/P11_I5_S1_gene-IGHJ6-02_03_haplotype.tsv
samples/P11/P11_I6_S1/P11_I6_S1_gene-IGHD2-21-01_02_haplotype.tsv
samples/P11/P11_I8_S1/P11_I8_S1_gene-IGHJ6-02_03_haplotype.tsv
samples/P12/P12_I2_S2/P12_I2_S2_gene-IGHJ6-02_03_haplotype.tsv
samples/P12/P12_I2_S3/P12_I2_S3_gene-IGHJ6-02_03_haplotype.tsv
samples/P12/P12_I3_S2/P12_I3_S2_gene-IGHD2-8-01_02_haplotype.tsv
samples/P12/P12_I3_S2/P12_I3_S2_gene-IGHJ6-02_03_haplotype.tsv
samples/P12/P12_I3_S3/P12_I3_S3_gene-IGHD2-8-01_02_haplotype.tsv
samples/P12/P12_I3_S3/P12_I3_S3_gene-IGHJ6-02_03_haplotype.tsv
samples/P12/P12_I5_S2/P12_I5_S2_gene-IGHD2-21-01_02_haplotype.tsv
samples/P12/P12_I5_S2/P12_I5_S2_gene-IGHD2-8-01_02_haplotype.tsv
samples/P12/P12_I5_S2/P12_I5_S2_gene-IGHJ6-02_03_haplotype.tsv
samples/P12/P12_I5_S3/P12_I5_S3_gene-IGHD2-21-01_02_haplotype.tsv
either/or format in IGHV3-64D*06_08 ignored
samples/P12/P12_I5_S3/P12_I5_S3_gene-IGHD2-8-01_02_haplotype.tsv
samples/P12/P12_I5_S3/P12_I5_S3_gene-IGHJ6-02_03_haplotype.tsv
either/or format in IGHV3-64D*06_08 ignored
samples/P12/P12_I6_S2/P12_I6_S2_gene-IGHD2-21-01_02_haplotype.tsv
samples/P12/P12_I6_S2/P12_I6_S2_gene-IGHD2-8-01_02_haplotype.tsv
samples/P12/P12_I6_S3/P12_I6_S3_gene-IGHD2-21-01_02_haplotype.tsv
samples/P12/P12_I6_S3/P12_I6_S3_gene-IGHD2-8-01_02_haplotype.tsv
samples/P12/P12_I7_S2/P12_I7_S2_gene-IGHD2-8-01_02_haplotype.tsv
samples/P12/P12_I7_S3/P12_I7_S3_gene-IGHD2-8-01_02_haplotype.tsv
samples/P12/P12_I8_S2/P12_I8_S2_gene-IGHD2-21-01_02_haplotype.tsv
samples/P12/P12_I8_S2/P12_I8_S2_gene-IGHD2-8-01_02_haplotype.tsv
samples/P12/P12_I8_S3/P12_I8_S3_gene-IGHD2-21-01_02_haplotype.tsv
samples/P12/P12_I8_S3/P12_I8_S3_gene-IGHD2-8-01_02_haplotype.tsv
samples/P13/P13_I1_S1/P13_I1_S1_gene-IGHD2-8-01_02_haplotype.tsv
samples/P13/P13_I3_S1/P13_I3_S1_gene-IGHD2-21-01_02_haplotype.tsv
samples/P13/P13_I4_S1/P13_I4_S1_gene-IGHD2-8-01_02_haplotype.tsv
samples/P13/P13_I5_S1/P13_I5_S1_gene-IGHD2-8-01_02_haplotype.tsv
samples/P13/P13_I6_S1/P13_I6_S1_gene-IGHD2-8-01_02_haplotype.tsv
samples/P14/P14_I11_S1/P14_I11_S1_gene-IGHJ6-02_03_haplotype.tsv
samples/P14/P14_I2_S1/P14_I2_S1_gene-IGHD2-21-01_02_haplotype.tsv
samples/P14/P14_I3_S1/P14_I3_S1_gene-IGHD2-21-01_02_haplotype.tsv
samples/P14/P14_I3_S1/P14_I3_S1_gene-IGHJ6-02_03_haplotype.tsv
samples/P14/P14_I4_S1/P14_I4_S1_gene-IGHD2-21-01_02_haplotype.tsv
samples/P14/P14_I4_S1/P14_I4_S1_gene-IGHJ6-02_03_haplotype.tsv
samples/P14/P14_I6_S1/P14_I6_S1_gene-IGHD2-21-01_02_haplotype.tsv
samples/P14/P14_I6_S1/P14_I6_S1_gene-IGHJ6-02_03_haplotype.tsv
samples/P14/P14_I7_S1/P14_I7_S1_gene-IGHJ6-02_03_haplotype.tsv
samples/P14/P14_I8_S1/P14_I8_S1_gene-IGHJ6-02_03_haplotype.tsv
samples/P14/P14_I9_S1/P14_I9_S1_gene-IGHJ6-02_03_haplotype.tsv
samples/P15/P15_I10_S1/P15_I10_S1_gene-IGHD2-21-01_02_haplotype.tsv
samples/P15/P15_I10_S1/P15_I10_S1_gene-IGHJ6-02_03_haplotype.tsv
samples/P15/P15_I11_S1/P15_I11_S1_gene-IGHD2-8-01_02_haplotype.tsv
samples/P15/P15_I11_S1/P15_I11_S1_gene-IGHJ6-02_03_haplotype.tsv
samples/P15/P15_I12_S1/P15_I12_S1_gene-IGHD2-8-01_02_haplotype.tsv
samples/P15/P15_I12_S1/P15_I12_S1_gene-IGHJ6-02_03_haplotype.tsv
samples/P15/P15_I14_S1/P15_I14_S1_gene-IGHD2-8-01_02_haplotype.tsv
samples/P15/P15_I14_S1/P15_I14_S1_gene-IGHJ6-02_03_haplotype.tsv
samples/P15/P15_I15_S1/P15_I15_S1_gene-IGHD2-8-01_02_haplotype.tsv
samples/P15/P15_I2_S1/P15_I2_S1_gene-IGHD2-8-01_02_haplotype.tsv
samples/P15/P15_I3_S1/P15_I3_S1_gene-IGHD2-21-01_02_haplotype.tsv
samples/P15/P15_I4_S1/P15_I4_S1_gene-IGHD2-8-01_02_haplotype.tsv
samples/P15/P15_I5_S1/P15_I5_S1_gene-IGHD2-21-01_02_haplotype.tsv
samples/P15/P15_I5_S1/P15_I5_S1_gene-IGHD2-8-01_02_haplotype.tsv
samples/P15/P15_I6_S1/P15_I6_S1_gene-IGHD2-21-01_02_haplotype.tsv
samples/P15/P15_I6_S1/P15_I6_S1_gene-IGHJ6-02_03_haplotype.tsv
samples/P15/P15_I7_S1/P15_I7_S1_gene-IGHD2-8-01_02_haplotype.tsv
samples/P15/P15_I7_S1/P15_I7_S1_gene-IGHJ6-02_03_haplotype.tsv
samples/P15/P15_I8_S1/P15_I8_S1_gene-IGHD2-8-01_02_haplotype.tsv
samples/P15/P15_I9_S1/P15_I9_S1_gene-IGHJ6-02_03_haplotype.tsv
samples/P2/P2_I3_S1/P2_I3_S1_gene-IGHD2-8-01_02_haplotype.tsv
samples/P2/P2_I3_S1/P2_I3_S1_gene-IGHJ6-02_03_haplotype.tsv
samples/P2/P2_I3_S2/P2_I3_S2_gene-IGHJ6-02_03_haplotype.tsv
samples/P2/P2_I3_S3/P2_I3_S3_gene-IGHD2-8-01_02_haplotype.tsv
samples/P2/P2_I3_S3/P2_I3_S3_gene-IGHJ6-02_03_haplotype.tsv
samples/P2/P2_I5_S1/P2_I5_S1_gene-IGHD2-21-01_02_haplotype.tsv
samples/P2/P2_I5_S1/P2_I5_S1_gene-IGHD2-8-01_02_haplotype.tsv
samples/P2/P2_I5_S1/P2_I5_S1_gene-IGHJ6-02_03_haplotype.tsv
samples/P2/P2_I6_S1/P2_I6_S1_gene-IGHD2-21-01_02_haplotype.tsv
samples/P2/P2_I6_S1/P2_I6_S1_gene-IGHD2-8-01_02_haplotype.tsv
samples/P2/P2_I6_S1/P2_I6_S1_gene-IGHJ6-02_03_haplotype.tsv
samples/P2/P2_I7_S1/P2_I7_S1_gene-IGHD2-21-01_02_haplotype.tsv
samples/P3/P3_I1_S1/P3_I1_S1_gene-IGHD2-8-01_02_haplotype.tsv
samples/P3/P3_I1_S1/P3_I1_S1_gene-IGHJ6-02_03_haplotype.tsv
samples/P3/P3_I1_S2/P3_I1_S2_gene-IGHJ6-02_03_haplotype.tsv
samples/P3/P3_I2_S1/P3_I2_S1_gene-IGHD2-21-01_02_haplotype.tsv
samples/P3/P3_I2_S1/P3_I2_S1_gene-IGHJ6-02_03_haplotype.tsv
samples/P3/P3_I2_S2/P3_I2_S2_gene-IGHD2-21-01_02_haplotype.tsv
samples/P3/P3_I2_S2/P3_I2_S2_gene-IGHJ6-02_03_haplotype.tsv
samples/P3/P3_I3_S1/P3_I3_S1_gene-IGHD2-8-01_02_haplotype.tsv
samples/P3/P3_I3_S2/P3_I3_S2_gene-IGHD2-8-01_02_haplotype.tsv
samples/P4/P4_I10_S1/P4_I10_S1_gene-IGHD2-8-01_02_haplotype.tsv
samples/P4/P4_I11_S1/P4_I11_S1_gene-IGHD2-8-01_02_haplotype.tsv
samples/P4/P4_I12_S1/P4_I12_S1_gene-IGHD2-8-01_02_haplotype.tsv
samples/P4/P4_I13_S1/P4_I13_S1_gene-IGHD2-21-01_02_haplotype.tsv
samples/P4/P4_I13_S1/P4_I13_S1_gene-IGHD2-8-01_02_haplotype.tsv
samples/P4/P4_I14_S1/P4_I14_S1_gene-IGHD2-8-01_02_haplotype.tsv
samples/P4/P4_I15_S1/P4_I15_S1_gene-IGHJ6-02_03_haplotype.tsv
samples/P4/P4_I16_S1/P4_I16_S1_gene-IGHD2-8-01_02_haplotype.tsv
samples/P4/P4_I16_S1/P4_I16_S1_gene-IGHJ6-02_03_haplotype.tsv
samples/P4/P4_I17_S1/P4_I17_S1_gene-IGHD2-21-01_02_haplotype.tsv
samples/P4/P4_I17_S1/P4_I17_S1_gene-IGHJ6-02_04_haplotype.tsv
samples/P4/P4_I18_S1/P4_I18_S1_gene-IGHD2-8-01_02_haplotype.tsv
samples/P4/P4_I21_S1/P4_I21_S1_gene-IGHD2-8-01_02_haplotype.tsv
samples/P4/P4_I22_S1/P4_I22_S1_gene-IGHD2-21-01_02_haplotype.tsv
samples/P4/P4_I22_S1/P4_I22_S1_gene-IGHJ6-02_03_haplotype.tsv
samples/P4/P4_I23_S1/P4_I23_S1_gene-IGHD2-21-01_02_haplotype.tsv
samples/P4/P4_I23_S1/P4_I23_S1_gene-IGHD2-8-01_02_haplotype.tsv
samples/P4/P4_I23_S1/P4_I23_S1_gene-IGHJ6-02_03_haplotype.tsv
samples/P4/P4_I24_S1/P4_I24_S1_gene-IGHD2-8-01_02_haplotype.tsv
samples/P4/P4_I25_S1/P4_I25_S1_gene-IGHD2-21-01_02_haplotype.tsv
either/or format in IGHV3-74*01_03 ignored
samples/P4/P4_I25_S1/P4_I25_S1_gene-IGHD2-8-01_02_haplotype.tsv
either/or format in IGHV3-74*01_03 ignored
samples/P4/P4_I25_S1/P4_I25_S1_gene-IGHJ6-02_03_haplotype.tsv
either/or format in IGHV3-74*01_03 ignored
samples/P4/P4_I26_S1/P4_I26_S1_gene-IGHD2-21-01_02_haplotype.tsv
samples/P4/P4_I26_S1/P4_I26_S1_gene-IGHD2-8-01_02_haplotype.tsv
samples/P4/P4_I27_S1/P4_I27_S1_gene-IGHD2-21-01_02_haplotype.tsv
samples/P4/P4_I27_S1/P4_I27_S1_gene-IGHD2-8-01_02_haplotype.tsv
samples/P4/P4_I27_S1/P4_I27_S1_gene-IGHJ6-02_03_haplotype.tsv
samples/P4/P4_I29_S1/P4_I29_S1_gene-IGHD2-8-01_02_haplotype.tsv
samples/P4/P4_I2_S1/P4_I2_S1_gene-IGHJ6-02_03_haplotype.tsv
samples/P4/P4_I30_S1/P4_I30_S1_gene-IGHD2-21-01_02_haplotype.tsv
samples/P4/P4_I30_S1/P4_I30_S1_gene-IGHD2-8-01_02_haplotype.tsv
samples/P4/P4_I31_S1/P4_I31_S1_gene-IGHD2-8-01_02_haplotype.tsv
samples/P4/P4_I4_S1/P4_I4_S1_gene-IGHD2-8-01_02_haplotype.tsv
samples/P4/P4_I5_S1/P4_I5_S1_gene-IGHD2-8-01_02_haplotype.tsv
samples/P4/P4_I5_S1/P4_I5_S1_gene-IGHJ6-02_03_haplotype.tsv
samples/P4/P4_I7_S1/P4_I7_S1_gene-IGHD2-21-01_02_haplotype.tsv
samples/P4/P4_I8_S1/P4_I8_S1_gene-IGHD2-21-01_02_haplotype.tsv
samples/P4/P4_I8_S1/P4_I8_S1_gene-IGHD2-8-01_02_haplotype.tsv
samples/P4/P4_I9_S1/P4_I9_S1_gene-IGHD2-21-01_02_haplotype.tsv
samples/P4/P4_I9_S1/P4_I9_S1_gene-IGHJ6-02_03_haplotype.tsv
samples/P5/P5_I10_S2/P5_I10_S2_gene-IGHD2-8-01_02_haplotype.tsv
samples/P5/P5_I11_S1/P5_I11_S1_gene-IGHD2-21-01_02_haplotype.tsv
samples/P5/P5_I11_S1/P5_I11_S1_gene-IGHJ6-02_03_haplotype.tsv
samples/P5/P5_I11_S2/P5_I11_S2_gene-IGHD2-21-01_02_haplotype.tsv
samples/P5/P5_I11_S2/P5_I11_S2_gene-IGHD2-8-01_02_haplotype.tsv
samples/P5/P5_I11_S2/P5_I11_S2_gene-IGHJ6-02_03_haplotype.tsv
samples/P5/P5_I11_S3/P5_I11_S3_gene-IGHD2-21-01_02_haplotype.tsv
samples/P5/P5_I11_S3/P5_I11_S3_gene-IGHJ6-02_03_haplotype.tsv
samples/P5/P5_I12_S1/P5_I12_S1_gene-IGHD2-8-01_02_haplotype.tsv
samples/P5/P5_I12_S2/P5_I12_S2_gene-IGHD2-8-01_02_haplotype.tsv
samples/P5/P5_I12_S3/P5_I12_S3_gene-IGHD2-8-01_02_haplotype.tsv
samples/P5/P5_I13_S1/P5_I13_S1_gene-IGHD2-8-01_02_haplotype.tsv
samples/P5/P5_I13_S2/P5_I13_S2_gene-IGHD2-21-01_02_haplotype.tsv
samples/P5/P5_I13_S2/P5_I13_S2_gene-IGHD2-8-01_02_haplotype.tsv
samples/P5/P5_I13_S3/P5_I13_S3_gene-IGHD2-8-01_02_haplotype.tsv
samples/P5/P5_I14_S1/P5_I14_S1_gene-IGHD2-21-01_02_haplotype.tsv
samples/P5/P5_I14_S1/P5_I14_S1_gene-IGHD2-8-01_02_haplotype.tsv
samples/P5/P5_I14_S2/P5_I14_S2_gene-IGHD2-21-01_02_haplotype.tsv
samples/P5/P5_I14_S2/P5_I14_S2_gene-IGHD2-8-01_02_haplotype.tsv
samples/P5/P5_I14_S3/P5_I14_S3_gene-IGHD2-21-01_02_haplotype.tsv
samples/P5/P5_I14_S3/P5_I14_S3_gene-IGHD2-8-01_02_haplotype.tsv
samples/P5/P5_I15_S1/P5_I15_S1_gene-IGHD2-21-01_02_haplotype.tsv
samples/P5/P5_I15_S1/P5_I15_S1_gene-IGHD2-8-01_02_haplotype.tsv
samples/P5/P5_I15_S2/P5_I15_S2_gene-IGHD2-21-01_02_haplotype.tsv
samples/P5/P5_I15_S2/P5_I15_S2_gene-IGHD2-8-01_02_haplotype.tsv
samples/P5/P5_I15_S3/P5_I15_S3_gene-IGHD2-21-01_02_haplotype.tsv
samples/P5/P5_I15_S3/P5_I15_S3_gene-IGHD2-8-01_02_haplotype.tsv
samples/P5/P5_I17_S1/P5_I17_S1_gene-IGHD2-21-01_02_haplotype.tsv
samples/P5/P5_I17_S1/P5_I17_S1_gene-IGHD2-8-01_02_haplotype.tsv
samples/P5/P5_I17_S2/P5_I17_S2_gene-IGHD2-21-01_02_haplotype.tsv
samples/P5/P5_I17_S2/P5_I17_S2_gene-IGHD2-8-01_02_haplotype.tsv
samples/P5/P5_I17_S3/P5_I17_S3_gene-IGHD2-21-01_02_haplotype.tsv
samples/P5/P5_I17_S3/P5_I17_S3_gene-IGHD2-8-01_02_haplotype.tsv
samples/P5/P5_I18_S1/P5_I18_S1_gene-IGHJ6-02_03_haplotype.tsv
samples/P5/P5_I18_S2/P5_I18_S2_gene-IGHJ6-02_03_haplotype.tsv
samples/P5/P5_I18_S3/P5_I18_S3_gene-IGHJ6-02_03_haplotype.tsv
samples/P5/P5_I19_S2/P5_I19_S2_gene-IGHD2-8-01_02_haplotype.tsv
samples/P5/P5_I1_S2/P5_I1_S2_gene-IGHD2-21-01_02_haplotype.tsv
samples/P5/P5_I1_S2/P5_I1_S2_gene-IGHD2-8-01_02_haplotype.tsv
samples/P5/P5_I1_S3/P5_I1_S3_gene-IGHD2-21-01_02_haplotype.tsv
samples/P5/P5_I1_S3/P5_I1_S3_gene-IGHD2-8-01_02_haplotype.tsv
samples/P5/P5_I20_S1/P5_I20_S1_gene-IGHD2-21-01_02_haplotype.tsv
samples/P5/P5_I20_S1/P5_I20_S1_gene-IGHD2-8-01_02_haplotype.tsv
samples/P5/P5_I20_S2/P5_I20_S2_gene-IGHD2-21-01_02_haplotype.tsv
samples/P5/P5_I20_S2/P5_I20_S2_gene-IGHD2-8-01_02_haplotype.tsv
samples/P5/P5_I20_S3/P5_I20_S3_gene-IGHD2-21-01_02_haplotype.tsv
samples/P5/P5_I20_S3/P5_I20_S3_gene-IGHD2-8-01_02_haplotype.tsv
samples/P5/P5_I22_S1/P5_I22_S1_gene-IGHD2-21-01_02_haplotype.tsv
samples/P5/P5_I22_S1/P5_I22_S1_gene-IGHJ6-02_03_haplotype.tsv
samples/P5/P5_I22_S2/P5_I22_S2_gene-IGHD2-21-01_02_haplotype.tsv
samples/P5/P5_I22_S2/P5_I22_S2_gene-IGHD2-8-01_02_haplotype.tsv
samples/P5/P5_I22_S2/P5_I22_S2_gene-IGHJ6-02_03_haplotype.tsv
samples/P5/P5_I22_S3/P5_I22_S3_gene-IGHD2-21-01_02_haplotype.tsv
samples/P5/P5_I22_S3/P5_I22_S3_gene-IGHD2-8-01_02_haplotype.tsv
samples/P5/P5_I22_S3/P5_I22_S3_gene-IGHJ6-02_03_haplotype.tsv
samples/P5/P5_I23_S1/P5_I23_S1_gene-IGHD2-21-01_02_haplotype.tsv
samples/P5/P5_I23_S1/P5_I23_S1_gene-IGHJ6-02_03_haplotype.tsv
samples/P5/P5_I23_S2/P5_I23_S2_gene-IGHD2-21-01_02_haplotype.tsv
samples/P5/P5_I23_S2/P5_I23_S2_gene-IGHD2-8-01_02_haplotype.tsv
samples/P5/P5_I23_S3/P5_I23_S3_gene-IGHD2-21-01_02_haplotype.tsv
samples/P5/P5_I23_S3/P5_I23_S3_gene-IGHD2-8-01_02_haplotype.tsv
samples/P5/P5_I24_S1/P5_I24_S1_gene-IGHD2-8-01_02_haplotype.tsv
samples/P5/P5_I24_S2/P5_I24_S2_gene-IGHD2-21-01_02_haplotype.tsv
samples/P5/P5_I24_S2/P5_I24_S2_gene-IGHD2-8-01_02_haplotype.tsv
samples/P5/P5_I24_S3/P5_I24_S3_gene-IGHD2-8-01_02_haplotype.tsv
samples/P5/P5_I26_S1/P5_I26_S1_gene-IGHJ6-02_03_haplotype.tsv
samples/P5/P5_I26_S2/P5_I26_S2_gene-IGHD2-21-01_02_haplotype.tsv
samples/P5/P5_I26_S2/P5_I26_S2_gene-IGHD2-8-01_02_haplotype.tsv
samples/P5/P5_I26_S2/P5_I26_S2_gene-IGHJ6-02_03_haplotype.tsv
samples/P5/P5_I26_S3/P5_I26_S3_gene-IGHJ6-02_03_haplotype.tsv
samples/P5/P5_I28_S2/P5_I28_S2_gene-IGHD2-8-01_02_haplotype.tsv
samples/P5/P5_I29_S2/P5_I29_S2_gene-IGHD2-8-01_02_haplotype.tsv
samples/P5/P5_I2_S2/P5_I2_S2_gene-IGHD2-21-01_02_haplotype.tsv
samples/P5/P5_I2_S2/P5_I2_S2_gene-IGHD2-8-01_02_haplotype.tsv
samples/P5/P5_I2_S3/P5_I2_S3_gene-IGHD2-21-01_02_haplotype.tsv
samples/P5/P5_I30_S1/P5_I30_S1_gene-IGHD2-21-01_02_haplotype.tsv
samples/P5/P5_I30_S1/P5_I30_S1_gene-IGHJ6-02_03_haplotype.tsv
samples/P5/P5_I30_S2/P5_I30_S2_gene-IGHD2-21-01_02_haplotype.tsv
samples/P5/P5_I30_S2/P5_I30_S2_gene-IGHJ6-02_03_haplotype.tsv
samples/P5/P5_I30_S3/P5_I30_S3_gene-IGHD2-21-01_02_haplotype.tsv
samples/P5/P5_I30_S3/P5_I30_S3_gene-IGHJ6-02_03_haplotype.tsv
samples/P5/P5_I31_S2/P5_I31_S2_gene-IGHD2-8-01_02_haplotype.tsv
samples/P5/P5_I31_S3/P5_I31_S3_gene-IGHD2-8-01_02_haplotype.tsv
samples/P5/P5_I32_S1/P5_I32_S1_gene-IGHD2-21-01_02_haplotype.tsv
samples/P5/P5_I32_S1/P5_I32_S1_gene-IGHJ6-02_03_haplotype.tsv
samples/P5/P5_I32_S2/P5_I32_S2_gene-IGHD2-21-01_02_haplotype.tsv
samples/P5/P5_I32_S2/P5_I32_S2_gene-IGHJ6-02_03_haplotype.tsv
samples/P5/P5_I32_S3/P5_I32_S3_gene-IGHD2-21-01_02_haplotype.tsv
samples/P5/P5_I32_S3/P5_I32_S3_gene-IGHJ6-02_03_haplotype.tsv
samples/P5/P5_I33_S2/P5_I33_S2_gene-IGHD2-8-01_02_haplotype.tsv
samples/P5/P5_I34_S1/P5_I34_S1_gene-IGHD2-21-01_02_haplotype.tsv
samples/P5/P5_I34_S1/P5_I34_S1_gene-IGHJ6-02_03_haplotype.tsv
samples/P5/P5_I34_S2/P5_I34_S2_gene-IGHD2-21-01_02_haplotype.tsv
samples/P5/P5_I34_S2/P5_I34_S2_gene-IGHD2-8-01_02_haplotype.tsv
samples/P5/P5_I34_S2/P5_I34_S2_gene-IGHJ6-02_03_haplotype.tsv
samples/P5/P5_I34_S3/P5_I34_S3_gene-IGHD2-21-01_02_haplotype.tsv
samples/P5/P5_I34_S3/P5_I34_S3_gene-IGHJ6-02_03_haplotype.tsv
samples/P5/P5_I35_S2/P5_I35_S2_gene-IGHD2-8-01_02_haplotype.tsv
samples/P5/P5_I36_S1/P5_I36_S1_gene-IGHJ6-02_03_haplotype.tsv
samples/P5/P5_I36_S2/P5_I36_S2_gene-IGHD2-8-01_02_haplotype.tsv
samples/P5/P5_I36_S2/P5_I36_S2_gene-IGHJ6-02_03_haplotype.tsv
samples/P5/P5_I36_S3/P5_I36_S3_gene-IGHJ6-02_03_haplotype.tsv
samples/P5/P5_I37_S2/P5_I37_S2_gene-IGHD2-8-01_02_haplotype.tsv
samples/P5/P5_I38_S1/P5_I38_S1_gene-IGHJ6-02_03_haplotype.tsv
samples/P5/P5_I38_S2/P5_I38_S2_gene-IGHD2-8-01_02_haplotype.tsv
samples/P5/P5_I38_S2/P5_I38_S2_gene-IGHJ6-02_03_haplotype.tsv
samples/P5/P5_I38_S3/P5_I38_S3_gene-IGHJ6-02_03_haplotype.tsv
samples/P5/P5_I39_S1/P5_I39_S1_gene-IGHD2-8-01_02_haplotype.tsv
samples/P5/P5_I39_S1/P5_I39_S1_gene-IGHJ6-02_03_haplotype.tsv
samples/P5/P5_I39_S2/P5_I39_S2_gene-IGHD2-8-01_02_haplotype.tsv
samples/P5/P5_I39_S2/P5_I39_S2_gene-IGHJ6-02_03_haplotype.tsv
samples/P5/P5_I39_S3/P5_I39_S3_gene-IGHD2-8-01_02_haplotype.tsv
samples/P5/P5_I39_S3/P5_I39_S3_gene-IGHJ6-02_03_haplotype.tsv
samples/P5/P5_I3_S1/P5_I3_S1_gene-IGHD2-21-01_02_haplotype.tsv
samples/P5/P5_I3_S1/P5_I3_S1_gene-IGHD2-8-01_02_haplotype.tsv
samples/P5/P5_I3_S2/P5_I3_S2_gene-IGHD2-21-01_02_haplotype.tsv
samples/P5/P5_I3_S2/P5_I3_S2_gene-IGHD2-8-01_02_haplotype.tsv
samples/P5/P5_I3_S3/P5_I3_S3_gene-IGHD2-21-01_02_haplotype.tsv
samples/P5/P5_I3_S3/P5_I3_S3_gene-IGHD2-8-01_02_haplotype.tsv
samples/P5/P5_I40_S1/P5_I40_S1_gene-IGHJ6-02_03_haplotype.tsv
samples/P5/P5_I40_S2/P5_I40_S2_gene-IGHD2-8-01_02_haplotype.tsv
samples/P5/P5_I40_S2/P5_I40_S2_gene-IGHJ6-02_03_haplotype.tsv
samples/P5/P5_I40_S3/P5_I40_S3_gene-IGHJ6-02_03_haplotype.tsv
samples/P5/P5_I42_S1/P5_I42_S1_gene-IGHD2-21-01_02_haplotype.tsv
samples/P5/P5_I42_S1/P5_I42_S1_gene-IGHJ6-02_03_haplotype.tsv
samples/P5/P5_I42_S2/P5_I42_S2_gene-IGHD2-21-01_02_haplotype.tsv
samples/P5/P5_I42_S2/P5_I42_S2_gene-IGHD2-8-01_02_haplotype.tsv
samples/P5/P5_I42_S2/P5_I42_S2_gene-IGHJ6-02_03_haplotype.tsv
samples/P5/P5_I42_S3/P5_I42_S3_gene-IGHD2-21-01_02_haplotype.tsv
samples/P5/P5_I42_S3/P5_I42_S3_gene-IGHD2-8-01_02_haplotype.tsv
samples/P5/P5_I42_S3/P5_I42_S3_gene-IGHJ6-02_03_haplotype.tsv
samples/P5/P5_I44_S1/P5_I44_S1_gene-IGHJ6-02_03_haplotype.tsv
samples/P5/P5_I44_S2/P5_I44_S2_gene-IGHD2-8-01_02_haplotype.tsv
samples/P5/P5_I44_S2/P5_I44_S2_gene-IGHJ6-02_03_haplotype.tsv
samples/P5/P5_I44_S3/P5_I44_S3_gene-IGHJ6-02_03_haplotype.tsv
samples/P5/P5_I45_S1/P5_I45_S1_gene-IGHD2-21-01_02_haplotype.tsv
samples/P5/P5_I45_S1/P5_I45_S1_gene-IGHJ6-02_03_haplotype.tsv
samples/P5/P5_I45_S2/P5_I45_S2_gene-IGHD2-21-01_02_haplotype.tsv
either/or format in IGHV4-28*01_07_03 ignored
samples/P5/P5_I45_S2/P5_I45_S2_gene-IGHD2-8-01_02_haplotype.tsv
samples/P5/P5_I45_S2/P5_I45_S2_gene-IGHJ6-02_03_haplotype.tsv
samples/P5/P5_I45_S3/P5_I45_S3_gene-IGHD2-21-01_02_haplotype.tsv
samples/P5/P5_I45_S3/P5_I45_S3_gene-IGHJ6-02_03_haplotype.tsv
samples/P5/P5_I46_S1/P5_I46_S1_gene-IGHD2-21-01_02_haplotype.tsv
samples/P5/P5_I46_S1/P5_I46_S1_gene-IGHD2-8-01_02_haplotype.tsv
samples/P5/P5_I46_S3/P5_I46_S3_gene-IGHD2-21-01_02_haplotype.tsv
samples/P5/P5_I46_S3/P5_I46_S3_gene-IGHD2-8-01_02_haplotype.tsv
samples/P5/P5_I4_S1/P5_I4_S1_gene-IGHD2-8-01_02_haplotype.tsv
samples/P5/P5_I4_S2/P5_I4_S2_gene-IGHD2-21-01_02_haplotype.tsv
samples/P5/P5_I4_S2/P5_I4_S2_gene-IGHD2-8-01_02_haplotype.tsv
samples/P5/P5_I4_S3/P5_I4_S3_gene-IGHD2-8-01_02_haplotype.tsv
samples/P5/P5_I5_S2/P5_I5_S2_gene-IGHD2-8-01_02_haplotype.tsv
samples/P5/P5_I6_S2/P5_I6_S2_gene-IGHD2-8-01_02_haplotype.tsv
samples/P5/P5_I7_S2/P5_I7_S2_gene-IGHD2-8-01_02_haplotype.tsv
samples/P5/P5_I8_S1/P5_I8_S1_gene-IGHJ6-02_03_haplotype.tsv
samples/P5/P5_I8_S2/P5_I8_S2_gene-IGHD2-8-01_02_haplotype.tsv
samples/P5/P5_I8_S2/P5_I8_S2_gene-IGHJ6-02_03_haplotype.tsv
samples/P5/P5_I8_S3/P5_I8_S3_gene-IGHJ6-02_03_haplotype.tsv
samples/P5/P5_I9_S1/P5_I9_S1_gene-IGHD2-21-01_02_haplotype.tsv
samples/P5/P5_I9_S1/P5_I9_S1_gene-IGHD2-8-01_02_haplotype.tsv
samples/P5/P5_I9_S2/P5_I9_S2_gene-IGHD2-21-01_02_haplotype.tsv
samples/P5/P5_I9_S2/P5_I9_S2_gene-IGHD2-8-01_02_haplotype.tsv
samples/P5/P5_I9_S3/P5_I9_S3_gene-IGHD2-21-01_02_haplotype.tsv
samples/P5/P5_I9_S3/P5_I9_S3_gene-IGHD2-8-01_02_haplotype.tsv
samples/P6/P6_I101_S1/P6_I101_S1_gene-IGHD2-8-01_02_haplotype.tsv
samples/P6/P6_I102_S1/P6_I102_S1_gene-IGHD2-8-01_02_haplotype.tsv
samples/P6/P6_I103_S1/P6_I103_S1_gene-IGHD2-8-01_02_haplotype.tsv
samples/P6/P6_I104_S1/P6_I104_S1_gene-IGHD2-21-01_02_haplotype.tsv
samples/P6/P6_I104_S1/P6_I104_S1_gene-IGHD2-8-01_02_haplotype.tsv
samples/P6/P6_I104_S1/P6_I104_S1_gene-IGHJ6-02_03_haplotype.tsv
samples/P6/P6_I105_S1/P6_I105_S1_gene-IGHD2-8-01_02_haplotype.tsv
samples/P6/P6_I106_S1/P6_I106_S1_gene-IGHD2-21-01_02_haplotype.tsv
samples/P6/P6_I108_S1/P6_I108_S1_gene-IGHD2-21-01_02_haplotype.tsv
samples/P6/P6_I108_S1/P6_I108_S1_gene-IGHD2-8-01_02_haplotype.tsv
samples/P6/P6_I109_S1/P6_I109_S1_gene-IGHD2-21-01_02_haplotype.tsv
samples/P6/P6_I109_S1/P6_I109_S1_gene-IGHD2-8-01_02_haplotype.tsv
samples/P6/P6_I10_S1/P6_I10_S1_gene-IGHD2-8-01_02_haplotype.tsv
samples/P6/P6_I10_S1/P6_I10_S1_gene-IGHJ6-02_03_haplotype.tsv
samples/P6/P6_I110_S1/P6_I110_S1_gene-IGHJ6-02_03_haplotype.tsv
samples/P6/P6_I111_S1/P6_I111_S1_gene-IGHJ6-02_03_haplotype.tsv
samples/P6/P6_I112_S1/P6_I112_S1_gene-IGHD2-21-01_02_haplotype.tsv
samples/P6/P6_I112_S1/P6_I112_S1_gene-IGHD2-8-01_02_haplotype.tsv
samples/P6/P6_I113_S1/P6_I113_S1_gene-IGHD2-8-01_02_haplotype.tsv
samples/P6/P6_I114_S1/P6_I114_S1_gene-IGHJ6-02_03_haplotype.tsv
samples/P6/P6_I11_S1/P6_I11_S1_gene-IGHJ6-02_03_haplotype.tsv
samples/P6/P6_I13_S1/P6_I13_S1_gene-IGHD2-8-01_02_haplotype.tsv
samples/P6/P6_I13_S1/P6_I13_S1_gene-IGHJ6-02_03_haplotype.tsv
samples/P6/P6_I14_S1/P6_I14_S1_gene-IGHD2-21-01_02_haplotype.tsv
samples/P6/P6_I14_S1/P6_I14_S1_gene-IGHD2-8-01_02_haplotype.tsv
samples/P6/P6_I14_S1/P6_I14_S1_gene-IGHJ6-02_03_haplotype.tsv
samples/P6/P6_I17_S1/P6_I17_S1_gene-IGHD2-8-01_02_haplotype.tsv
samples/P6/P6_I18_S1/P6_I18_S1_gene-IGHD2-8-01_02_haplotype.tsv
samples/P6/P6_I1_S1/P6_I1_S1_gene-IGHD2-8-01_02_haplotype.tsv
samples/P6/P6_I20_S1/P6_I20_S1_gene-IGHD2-21-01_02_haplotype.tsv
samples/P6/P6_I20_S1/P6_I20_S1_gene-IGHJ6-02_03_haplotype.tsv
samples/P6/P6_I25_S1/P6_I25_S1_gene-IGHJ6-02_03_haplotype.tsv
either/or format in IGHV3-49*03_05_04 ignored
samples/P6/P6_I26_S1/P6_I26_S1_gene-IGHD2-8-01_02_haplotype.tsv
samples/P6/P6_I28_S1/P6_I28_S1_gene-IGHD2-21-01_02_haplotype.tsv
samples/P6/P6_I29_S1/P6_I29_S1_gene-IGHD2-8-01_02_haplotype.tsv
samples/P6/P6_I30_S1/P6_I30_S1_gene-IGHD2-21-01_02_haplotype.tsv
samples/P6/P6_I30_S1/P6_I30_S1_gene-IGHD2-8-01_02_haplotype.tsv
samples/P6/P6_I30_S1/P6_I30_S1_gene-IGHJ6-02_03_haplotype.tsv
samples/P6/P6_I32_S1/P6_I32_S1_gene-IGHD2-8-01_02_haplotype.tsv
samples/P6/P6_I32_S1/P6_I32_S1_gene-IGHJ6-02_03_haplotype.tsv
samples/P6/P6_I34_S1/P6_I34_S1_gene-IGHD2-8-01_02_haplotype.tsv
samples/P6/P6_I34_S1/P6_I34_S1_gene-IGHJ6-02_03_haplotype.tsv
samples/P6/P6_I36_S1/P6_I36_S1_gene-IGHD2-8-01_02_haplotype.tsv
samples/P6/P6_I37_S1/P6_I37_S1_gene-IGHD2-21-01_02_haplotype.tsv
samples/P6/P6_I38_S1/P6_I38_S1_gene-IGHD2-8-01_02_haplotype.tsv
samples/P6/P6_I38_S1/P6_I38_S1_gene-IGHJ6-02_03_haplotype.tsv
samples/P6/P6_I39_S1/P6_I39_S1_gene-IGHD2-21-01_02_haplotype.tsv
samples/P6/P6_I39_S1/P6_I39_S1_gene-IGHD2-8-01_02_haplotype.tsv
samples/P6/P6_I41_S1/P6_I41_S1_gene-IGHD2-8-01_02_haplotype.tsv
samples/P6/P6_I42_S1/P6_I42_S1_gene-IGHD2-21-01_02_haplotype.tsv
samples/P6/P6_I42_S1/P6_I42_S1_gene-IGHJ6-02_03_haplotype.tsv
samples/P6/P6_I44_S1/P6_I44_S1_gene-IGHD2-21-01_02_haplotype.tsv
samples/P6/P6_I48_S1/P6_I48_S1_gene-IGHD2-8-01_02_haplotype.tsv
samples/P6/P6_I49_S1/P6_I49_S1_gene-IGHD2-8-01_02_haplotype.tsv
samples/P6/P6_I52_S1/P6_I52_S1_gene-IGHD2-8-01_02_haplotype.tsv
samples/P6/P6_I53_S1/P6_I53_S1_gene-IGHD2-21-01_02_haplotype.tsv
samples/P6/P6_I53_S1/P6_I53_S1_gene-IGHD2-8-01_02_haplotype.tsv
samples/P6/P6_I53_S1/P6_I53_S1_gene-IGHJ6-02_03_haplotype.tsv
samples/P6/P6_I59_S1/P6_I59_S1_gene-IGHD2-21-01_02_haplotype.tsv
samples/P6/P6_I60_S1/P6_I60_S1_gene-IGHD2-21-01_02_haplotype.tsv
samples/P6/P6_I60_S1/P6_I60_S1_gene-IGHD2-8-01_02_haplotype.tsv
samples/P6/P6_I60_S1/P6_I60_S1_gene-IGHJ6-02_03_haplotype.tsv
samples/P6/P6_I61_S1/P6_I61_S1_gene-IGHD2-21-01_02_haplotype.tsv
samples/P6/P6_I61_S1/P6_I61_S1_gene-IGHD2-8-01_02_haplotype.tsv
samples/P6/P6_I61_S1/P6_I61_S1_gene-IGHJ6-02_03_haplotype.tsv
samples/P6/P6_I62_S1/P6_I62_S1_gene-IGHJ6-02_03_haplotype.tsv
samples/P6/P6_I63_S1/P6_I63_S1_gene-IGHJ6-02_03_haplotype.tsv
samples/P6/P6_I65_S1/P6_I65_S1_gene-IGHD2-21-01_02_haplotype.tsv
samples/P6/P6_I65_S1/P6_I65_S1_gene-IGHJ6-02_03_haplotype.tsv
samples/P6/P6_I66_S1/P6_I66_S1_gene-IGHD2-21-01_02_haplotype.tsv
samples/P6/P6_I66_S1/P6_I66_S1_gene-IGHJ6-02_03_haplotype.tsv
samples/P6/P6_I67_S1/P6_I67_S1_gene-IGHD2-21-01_02_haplotype.tsv
samples/P6/P6_I67_S1/P6_I67_S1_gene-IGHD2-8-01_02_haplotype.tsv
samples/P6/P6_I68_S1/P6_I68_S1_gene-IGHD2-8-01_02_haplotype.tsv
samples/P6/P6_I69_S1/P6_I69_S1_gene-IGHD2-21-01_02_haplotype.tsv
samples/P6/P6_I6_S1/P6_I6_S1_gene-IGHD2-8-01_02_haplotype.tsv
samples/P6/P6_I72_S1/P6_I72_S1_gene-IGHD2-8-01_02_haplotype.tsv
samples/P6/P6_I72_S1/P6_I72_S1_gene-IGHJ6-02_03_haplotype.tsv
samples/P6/P6_I73_S1/P6_I73_S1_gene-IGHD2-8-01_02_haplotype.tsv
samples/P6/P6_I73_S1/P6_I73_S1_gene-IGHJ6-02_03_haplotype.tsv
samples/P6/P6_I76_S1/P6_I76_S1_gene-IGHJ6-02_03_haplotype.tsv
samples/P6/P6_I77_S1/P6_I77_S1_gene-IGHD2-21-01_02_haplotype.tsv
samples/P6/P6_I78_S1/P6_I78_S1_gene-IGHD2-21-01_02_haplotype.tsv
samples/P6/P6_I78_S1/P6_I78_S1_gene-IGHD2-8-01_02_haplotype.tsv
samples/P6/P6_I79_S1/P6_I79_S1_gene-IGHD2-21-01_02_haplotype.tsv
samples/P6/P6_I7_S1/P6_I7_S1_gene-IGHD2-8-01_02_haplotype.tsv
samples/P6/P6_I80_S1/P6_I80_S1_gene-IGHD2-8-01_02_haplotype.tsv
samples/P6/P6_I81_S1/P6_I81_S1_gene-IGHD2-8-01_02_haplotype.tsv
samples/P6/P6_I82_S1/P6_I82_S1_gene-IGHD2-8-01_02_haplotype.tsv
samples/P6/P6_I82_S1/P6_I82_S1_gene-IGHJ6-02_04_haplotype.tsv
samples/P6/P6_I83_S1/P6_I83_S1_gene-IGHD2-8-01_02_haplotype.tsv
samples/P6/P6_I84_S1/P6_I84_S1_gene-IGHD2-8-01_02_haplotype.tsv
samples/P6/P6_I85_S1/P6_I85_S1_gene-IGHD2-8-01_02_haplotype.tsv
samples/P6/P6_I86_S1/P6_I86_S1_gene-IGHD2-8-01_02_haplotype.tsv
samples/P6/P6_I86_S1/P6_I86_S1_gene-IGHJ6-02_03_haplotype.tsv
samples/P6/P6_I87_S1/P6_I87_S1_gene-IGHD2-21-01_02_haplotype.tsv
samples/P6/P6_I87_S1/P6_I87_S1_gene-IGHD2-8-01_02_haplotype.tsv
samples/P6/P6_I87_S1/P6_I87_S1_gene-IGHJ6-02_03_haplotype.tsv
samples/P6/P6_I88_S1/P6_I88_S1_gene-IGHD2-21-01_02_haplotype.tsv
samples/P6/P6_I88_S1/P6_I88_S1_gene-IGHJ6-02_03_haplotype.tsv
samples/P6/P6_I89_S1/P6_I89_S1_gene-IGHJ6-02_03_haplotype.tsv
samples/P6/P6_I8_S1/P6_I8_S1_gene-IGHD2-8-01_02_haplotype.tsv
samples/P6/P6_I8_S1/P6_I8_S1_gene-IGHJ6-02_03_haplotype.tsv
samples/P6/P6_I92_S1/P6_I92_S1_gene-IGHD2-21-01_02_haplotype.tsv
samples/P6/P6_I94_S1/P6_I94_S1_gene-IGHD2-8-01_02_haplotype.tsv
samples/P6/P6_I95_S1/P6_I95_S1_gene-IGHD2-21-01_02_haplotype.tsv
samples/P6/P6_I95_S1/P6_I95_S1_gene-IGHJ6-02_03_haplotype.tsv
samples/P6/P6_I96_S1/P6_I96_S1_gene-IGHD2-21-01_02_haplotype.tsv
samples/P6/P6_I96_S1/P6_I96_S1_gene-IGHD2-8-01_02_haplotype.tsv
samples/P6/P6_I97_S1/P6_I97_S1_gene-IGHD2-21-01_02_haplotype.tsv
samples/P6/P6_I97_S1/P6_I97_S1_gene-IGHD2-8-01_02_haplotype.tsv
samples/P6/P6_I97_S1/P6_I97_S1_gene-IGHJ6-02_04_haplotype.tsv
samples/P6/P6_I98_S1/P6_I98_S1_gene-IGHD2-8-01_02_haplotype.tsv
samples/P6/P6_I9_S1/P6_I9_S1_gene-IGHD2-21-01_02_haplotype.tsv
samples/P6/P6_I9_S1/P6_I9_S1_gene-IGHD2-8-01_02_haplotype.tsv
samples/P7/P7_I1_S1/P7_I1_S1_gene-IGHJ6-02_03_haplotype.tsv
either/or format in IGHV2-70*01_17 ignored
samples/P7/P7_I1_S2/P7_I1_S2_gene-IGHD2-21-01_02_haplotype.tsv
samples/P7/P7_I1_S2/P7_I1_S2_gene-IGHD2-8-01_02_haplotype.tsv
samples/P7/P7_I1_S2/P7_I1_S2_gene-IGHJ6-02_03_haplotype.tsv
samples/P7/P7_I1_S3/P7_I1_S3_gene-IGHD2-21-01_02_haplotype.tsv
samples/P7/P7_I1_S3/P7_I1_S3_gene-IGHD2-8-01_02_haplotype.tsv
samples/P7/P7_I1_S3/P7_I1_S3_gene-IGHJ6-02_03_haplotype.tsv
samples/P7/P7_I2_S1/P7_I2_S1_gene-IGHJ6-02_03_haplotype.tsv
samples/P7/P7_I2_S2/P7_I2_S2_gene-IGHD2-8-01_02_haplotype.tsv
samples/P7/P7_I2_S2/P7_I2_S2_gene-IGHJ6-02_03_haplotype.tsv
samples/P7/P7_I2_S3/P7_I2_S3_gene-IGHJ6-02_03_haplotype.tsv
samples/P7/P7_I3_S1/P7_I3_S1_gene-IGHD2-21-01_02_haplotype.tsv
samples/P7/P7_I3_S1/P7_I3_S1_gene-IGHJ6-02_03_haplotype.tsv
samples/P7/P7_I3_S2/P7_I3_S2_gene-IGHD2-21-01_02_haplotype.tsv
samples/P7/P7_I3_S2/P7_I3_S2_gene-IGHJ6-02_03_haplotype.tsv
samples/P7/P7_I3_S3/P7_I3_S3_gene-IGHD2-21-01_02_haplotype.tsv
samples/P7/P7_I3_S3/P7_I3_S3_gene-IGHJ6-02_03_haplotype.tsv
samples/P7/P7_I4_S1/P7_I4_S1_gene-IGHD2-8-01_02_haplotype.tsv
samples/P7/P7_I4_S1/P7_I4_S1_gene-IGHJ6-03_04_haplotype.tsv
samples/P7/P7_I4_S2/P7_I4_S2_gene-IGHD2-21-01_02_haplotype.tsv
samples/P7/P7_I4_S2/P7_I4_S2_gene-IGHD2-8-01_02_haplotype.tsv
samples/P7/P7_I4_S2/P7_I4_S2_gene-IGHJ6-03_04_haplotype.tsv
samples/P7/P7_I4_S3/P7_I4_S3_gene-IGHD2-21-01_02_haplotype.tsv
samples/P7/P7_I4_S3/P7_I4_S3_gene-IGHD2-8-01_02_haplotype.tsv
samples/P7/P7_I4_S3/P7_I4_S3_gene-IGHJ6-03_04_haplotype.tsv
samples/P7/P7_I5_S1/P7_I5_S1_gene-IGHD2-8-01_02_haplotype.tsv
samples/P7/P7_I5_S1/P7_I5_S1_gene-IGHJ6-02_04_haplotype.tsv
samples/P7/P7_I5_S2/P7_I5_S2_gene-IGHD2-21-01_02_haplotype.tsv
samples/P7/P7_I5_S2/P7_I5_S2_gene-IGHD2-8-01_02_haplotype.tsv
samples/P7/P7_I5_S2/P7_I5_S2_gene-IGHJ6-02_04_haplotype.tsv
samples/P7/P7_I5_S3/P7_I5_S3_gene-IGHD2-21-01_02_haplotype.tsv
samples/P7/P7_I5_S3/P7_I5_S3_gene-IGHD2-8-01_02_haplotype.tsv
samples/P7/P7_I5_S3/P7_I5_S3_gene-IGHJ6-02_04_haplotype.tsv
samples/P7/P7_I6_S2/P7_I6_S2_gene-IGHD2-8-01_02_haplotype.tsv
samples/P7/P7_I7_S2/P7_I7_S2_gene-IGHD2-8-01_02_haplotype.tsv
samples/P8/P8_I10_S1/P8_I10_S1_gene-IGHD2-21-01_02_haplotype.tsv
samples/P8/P8_I10_S1/P8_I10_S1_gene-IGHD2-8-01_02_haplotype.tsv
samples/P8/P8_I1_S1/P8_I1_S1_gene-IGHD2-8-01_02_haplotype.tsv
samples/P8/P8_I1_S1/P8_I1_S1_gene-IGHJ6-02_03_haplotype.tsv
either/or format in IGHV1-58*01_02 ignored
samples/P8/P8_I2_S1/P8_I2_S1_gene-IGHD2-8-01_02_haplotype.tsv
samples/P8/P8_I2_S1/P8_I2_S1_gene-IGHJ6-02_03_haplotype.tsv
samples/P8/P8_I3_S1/P8_I3_S1_gene-IGHD2-21-01_02_haplotype.tsv
samples/P8/P8_I3_S1/P8_I3_S1_gene-IGHD2-8-01_02_haplotype.tsv
samples/P8/P8_I3_S1/P8_I3_S1_gene-IGHJ6-02_03_haplotype.tsv
samples/P8/P8_I4_S1/P8_I4_S1_gene-IGHD2-21-01_02_haplotype.tsv
samples/P8/P8_I4_S1/P8_I4_S1_gene-IGHD2-8-01_02_haplotype.tsv
samples/P8/P8_I4_S1/P8_I4_S1_gene-IGHJ6-02_03_haplotype.tsv
either/or format in IGHV3-43D*03_04 ignored
samples/P8/P8_I5_S1/P8_I5_S1_gene-IGHD2-8-01_02_haplotype.tsv
either/or format in IGHV3-64D*06_09 ignored
samples/P8/P8_I6_S1/P8_I6_S1_gene-IGHD2-8-01_02_haplotype.tsv
samples/P8/P8_I7_S1/P8_I7_S1_gene-IGHD2-8-01_02_haplotype.tsv
either/or format in IGHV3-43D*03_04 ignored
samples/P8/P8_I8_S1/P8_I8_S1_gene-IGHD2-8-01_02_haplotype.tsv
samples/P8/P8_I9_S1/P8_I9_S1_gene-IGHD2-21-01_02_haplotype.tsv
samples/P8/P8_I9_S1/P8_I9_S1_gene-IGHD2-8-01_02_haplotype.tsv
samples/P9/P9_I10_S2/P9_I10_S2_gene-IGHD2-8-01_02_haplotype.tsv
samples/P9/P9_I10_S3/P9_I10_S3_gene-IGHD2-8-01_02_haplotype.tsv
samples/P9/P9_I11_S1/P9_I11_S1_gene-IGHD2-21-01_02_haplotype.tsv
samples/P9/P9_I11_S1/P9_I11_S1_gene-IGHJ6-02_03_haplotype.tsv
samples/P9/P9_I11_S2/P9_I11_S2_gene-IGHD2-21-01_02_haplotype.tsv
samples/P9/P9_I11_S2/P9_I11_S2_gene-IGHD2-8-01_02_haplotype.tsv
samples/P9/P9_I11_S2/P9_I11_S2_gene-IGHJ6-02_03_haplotype.tsv
samples/P9/P9_I11_S3/P9_I11_S3_gene-IGHD2-21-01_02_haplotype.tsv
samples/P9/P9_I11_S3/P9_I11_S3_gene-IGHD2-8-01_02_haplotype.tsv
samples/P9/P9_I11_S3/P9_I11_S3_gene-IGHJ6-02_03_haplotype.tsv
samples/P9/P9_I12_S2/P9_I12_S2_gene-IGHD2-8-01_02_haplotype.tsv
samples/P9/P9_I13_S1/P9_I13_S1_gene-IGHJ6-02_03_haplotype.tsv
samples/P9/P9_I13_S2/P9_I13_S2_gene-IGHJ6-02_03_haplotype.tsv
samples/P9/P9_I13_S3/P9_I13_S3_gene-IGHJ6-02_03_haplotype.tsv
samples/P9/P9_I14_S1/P9_I14_S1_gene-IGHD2-21-01_02_haplotype.tsv
samples/P9/P9_I14_S2/P9_I14_S2_gene-IGHD2-21-01_02_haplotype.tsv
samples/P9/P9_I14_S3/P9_I14_S3_gene-IGHD2-21-01_02_haplotype.tsv
samples/P9/P9_I15_S2/P9_I15_S2_gene-IGHJ6-02_03_haplotype.tsv
samples/P9/P9_I17_S1/P9_I17_S1_gene-IGHD2-21-01_02_haplotype.tsv
samples/P9/P9_I17_S1/P9_I17_S1_gene-IGHJ6-02_03_haplotype.tsv
samples/P9/P9_I17_S2/P9_I17_S2_gene-IGHD2-21-01_02_haplotype.tsv
samples/P9/P9_I17_S2/P9_I17_S2_gene-IGHD2-8-01_02_haplotype.tsv
samples/P9/P9_I17_S2/P9_I17_S2_gene-IGHJ6-02_03_haplotype.tsv
samples/P9/P9_I17_S3/P9_I17_S3_gene-IGHD2-21-01_02_haplotype.tsv
samples/P9/P9_I17_S3/P9_I17_S3_gene-IGHJ6-02_03_haplotype.tsv
samples/P9/P9_I18_S2/P9_I18_S2_gene-IGHD2-21-01_02_haplotype.tsv
samples/P9/P9_I18_S2/P9_I18_S2_gene-IGHD2-8-01_02_haplotype.tsv
samples/P9/P9_I19_S1/P9_I19_S1_gene-IGHJ6-02_03_haplotype.tsv
samples/P9/P9_I19_S2/P9_I19_S2_gene-IGHD2-8-01_02_haplotype.tsv
samples/P9/P9_I19_S2/P9_I19_S2_gene-IGHJ6-02_03_haplotype.tsv
samples/P9/P9_I19_S3/P9_I19_S3_gene-IGHD2-8-01_02_haplotype.tsv
samples/P9/P9_I19_S3/P9_I19_S3_gene-IGHJ6-02_03_haplotype.tsv
samples/P9/P9_I1_S1/P9_I1_S1_gene-IGHD2-21-01_02_haplotype.tsv
samples/P9/P9_I1_S2/P9_I1_S2_gene-IGHD2-21-01_02_haplotype.tsv
samples/P9/P9_I1_S2/P9_I1_S2_gene-IGHD2-8-01_02_haplotype.tsv
samples/P9/P9_I1_S3/P9_I1_S3_gene-IGHD2-21-01_02_haplotype.tsv
samples/P9/P9_I1_S3/P9_I1_S3_gene-IGHD2-8-01_02_haplotype.tsv
samples/P9/P9_I3_S1/P9_I3_S1_gene-IGHJ6-02_03_haplotype.tsv
samples/P9/P9_I3_S2/P9_I3_S2_gene-IGHJ6-02_03_haplotype.tsv
samples/P9/P9_I3_S3/P9_I3_S3_gene-IGHJ6-02_03_haplotype.tsv
samples/P9/P9_I4_S1/P9_I4_S1_gene-IGHD2-21-01_02_haplotype.tsv
samples/P9/P9_I4_S1/P9_I4_S1_gene-IGHD2-8-01_02_haplotype.tsv
samples/P9/P9_I4_S1/P9_I4_S1_gene-IGHJ6-02_03_haplotype.tsv
samples/P9/P9_I4_S2/P9_I4_S2_gene-IGHD2-21-01_02_haplotype.tsv
samples/P9/P9_I4_S2/P9_I4_S2_gene-IGHD2-8-01_02_haplotype.tsv
samples/P9/P9_I4_S2/P9_I4_S2_gene-IGHJ6-02_03_haplotype.tsv
samples/P9/P9_I4_S3/P9_I4_S3_gene-IGHD2-21-01_02_haplotype.tsv
samples/P9/P9_I4_S3/P9_I4_S3_gene-IGHD2-8-01_02_haplotype.tsv
samples/P9/P9_I4_S3/P9_I4_S3_gene-IGHJ6-02_03_haplotype.tsv
samples/P9/P9_I5_S1/P9_I5_S1_gene-IGHJ6-02_03_haplotype.tsv
samples/P9/P9_I5_S2/P9_I5_S2_gene-IGHD2-8-01_02_haplotype.tsv
samples/P9/P9_I5_S2/P9_I5_S2_gene-IGHJ6-02_03_haplotype.tsv
samples/P9/P9_I5_S3/P9_I5_S3_gene-IGHD2-8-01_02_haplotype.tsv
samples/P9/P9_I5_S3/P9_I5_S3_gene-IGHJ6-02_03_haplotype.tsv
samples/P9/P9_I7_S2/P9_I7_S2_gene-IGHD2-8-01_02_haplotype.tsv
samples/P9/P9_I8_S2/P9_I8_S2_gene-IGHD2-8-01_02_haplotype.tsv
samples/P9/P9_I9_S2/P9_I9_S2_gene-IGHD2-8-01_02_haplotype.tsv
