
(digby39) D:\Research\digby_data\AIRR-seq\Rhesus Macaque\IGH>python ..\..\..\..\digby_backend\make_vdjbase_db.py "Rhesus Macaque" IGH  
status: Importing reference alleles
status: Importing studies
status: Processing deleted alleles
status: Processing genotypes
D:\Research\digby_data\AIRR-seq\Rhesus Macaque\IGH\samples/P22/P22_I1_S1/P22_I1_S1_genotype.tsv
D:\Research\digby_data\AIRR-seq\Rhesus Macaque\IGH\samples/P22/P22_I2_S1/P22_I2_S1_genotype.tsv
D:\Research\digby_data\AIRR-seq\Rhesus Macaque\IGH\samples/P22/P22_I3_S1/P22_I3_S1_genotype.tsv
D:\Research\digby_data\AIRR-seq\Rhesus Macaque\IGH\samples/P22/P22_I4_S1/P22_I4_S1_genotype.tsv
D:\Research\digby_data\AIRR-seq\Rhesus Macaque\IGH\samples/P22/P22_I5_S1/P22_I5_S1_genotype.tsv
D:\Research\digby_data\AIRR-seq\Rhesus Macaque\IGH\samples/P22/P22_I6_S1/P22_I6_S1_genotype.tsv
D:\Research\digby_data\AIRR-seq\Rhesus Macaque\IGH\samples/P22/P22_I7_S1/P22_I7_S1_genotype.tsv
D:\Research\digby_data\AIRR-seq\Rhesus Macaque\IGH\samples/P22/P22_I8_S1/P22_I8_S1_genotype.tsv
D:\Research\digby_data\AIRR-seq\Rhesus Macaque\IGH\samples/P22/P22_I9_S1/P22_I9_S1_genotype.tsv
D:\Research\digby_data\AIRR-seq\Rhesus Macaque\IGH\samples/P22/P22_I10_S1/P22_I10_S1_genotype.tsv
D:\Research\digby_data\AIRR-seq\Rhesus Macaque\IGH\samples/P22/P22_I11_S1/P22_I11_S1_genotype.tsv
D:\Research\digby_data\AIRR-seq\Rhesus Macaque\IGH\samples/P22/P22_I12_S1/P22_I12_S1_genotype.tsv
D:\Research\digby_data\AIRR-seq\Rhesus Macaque\IGH\samples/P22/P22_I13_S1/P22_I13_S1_genotype.tsv
D:\Research\digby_data\AIRR-seq\Rhesus Macaque\IGH\samples/P22/P22_I14_S1/P22_I14_S1_genotype.tsv
D:\Research\digby_data\AIRR-seq\Rhesus Macaque\IGH\samples/P22/P22_I15_S1/P22_I15_S1_genotype.tsv
D:\Research\digby_data\AIRR-seq\Rhesus Macaque\IGH\samples/P22/P22_I16_S1/P22_I16_S1_genotype.tsv
D:\Research\digby_data\AIRR-seq\Rhesus Macaque\IGH\samples/P22/P22_I17_S1/P22_I17_S1_genotype.tsv
D:\Research\digby_data\AIRR-seq\Rhesus Macaque\IGH\samples/P22/P22_I18_S1/P22_I18_S1_genotype.tsv
D:\Research\digby_data\AIRR-seq\Rhesus Macaque\IGH\samples/P22/P22_I19_S1/P22_I19_S1_genotype.tsv
D:\Research\digby_data\AIRR-seq\Rhesus Macaque\IGH\samples/P22/P22_I20_S1/P22_I20_S1_genotype.tsv
D:\Research\digby_data\AIRR-seq\Rhesus Macaque\IGH\samples/P22/P22_I21_S1/P22_I21_S1_genotype.tsv
D:\Research\digby_data\AIRR-seq\Rhesus Macaque\IGH\samples/P22/P22_I22_S1/P22_I22_S1_genotype.tsv
D:\Research\digby_data\AIRR-seq\Rhesus Macaque\IGH\samples/P22/P22_I23_S1/P22_I23_S1_genotype.tsv
D:\Research\digby_data\AIRR-seq\Rhesus Macaque\IGH\samples/P22/P22_I24_S1/P22_I24_S1_genotype.tsv
D:\Research\digby_data\AIRR-seq\Rhesus Macaque\IGH\samples/P22/P22_I25_S1/P22_I25_S1_genotype.tsv
D:\Research\digby_data\AIRR-seq\Rhesus Macaque\IGH\samples/P22/P22_I26_S1/P22_I26_S1_genotype.tsv
D:\Research\digby_data\AIRR-seq\Rhesus Macaque\IGH\samples/P22/P22_I27_S1/P22_I27_S1_genotype.tsv
status: Processing haplotypes
status: Analyzing allele appearances
status: Calculating gene frequencies
status: Calculating patterns
status: Creating confidence reports

(digby39) D:\Research\digby_data\AIRR-seq\Rhesus Macaque\IGH>cd samples 

(digby39) D:\Research\digby_data\AIRR-seq\Rhesus Macaque\IGH\samples>7z a -tzip ..\samples.zip * 

7-Zip 19.00 (x64) : Copyright (c) 1999-2018 Igor Pavlov : 2019-02-21

Open archive: ..\samples.zip
--
Path = ..\samples.zip
Type = zip
Physical Size = 8041104

Scanning the drive:
28 folders, 108 files, 9600557 bytes (9376 KiB)

Updating archive: ..\samples.zip

Add new data to archive: 28 folders, 108 files, 9600557 bytes (9376 KiB)


Files read from disk: 108
Archive size: 8041104 bytes (7853 KiB)
Everything is Ok

(digby39) D:\Research\digby_data\AIRR-seq\Rhesus Macaque\IGH\samples>cd .. 
